<?xml version="1.0" encoding="utf-8"?>
<!DOCTYPE coverage SYSTEM "http://cobertura.sourceforge.net/xml/coverage-04.dtd">
<coverage line-rate="0.886435331230284" branch-rate="0.6428571428571429" lines-covered="281" lines-valid="317" branches-covered="72" branches-valid="112" complexity="122" version="0" timestamp="1623437656">
  <sources />
  <packages>
    <package name="ConversorDeNumeros" line-rate="0.7928994082840237" branch-rate="0.6428571428571429" complexity="99">
      <classes>
        <class name="ConversorDeNumeros.ConversorIndoParaRomano" filename="C:\Users\Carlos\source\repos\ConversorDeNumeros\ConversorDeNumeros\ConversorIndoParaRomano.cs" line-rate="0.6875" branch-rate="0.5238095238095238" complexity="47">
          <methods>
            <method name=".ctor" signature="(System.Int32)" line-rate="1" branch-rate="1" complexity="NaN">
              <lines>
                <line number="14" hits="41" branch="false" />
                <line number="15" hits="41" branch="false" />
                <line number="16" hits="41" branch="false" />
                <line number="17" hits="41" branch="false" />
              </lines>
            </method>
            <method name="Conversor" signature="()" line-rate="1" branch-rate="1" complexity="1">
              <lines>
                <line number="20" hits="36" branch="false" />
                <line number="21" hits="36" branch="false" />
                <line number="22" hits="36" branch="false" />
              </lines>
            </method>
            <method name="numerosRomanosUnidade" signature="()" line-rate="1" branch-rate="1" complexity="11">
              <lines>
                <line number="25" hits="37" branch="false" />
                <line number="26" hits="37" branch="true" condition-coverage="100% (10/10)" />
                <line number="28" hits="4" branch="false" />
                <line number="29" hits="5" branch="false" />
                <line number="30" hits="4" branch="false" />
                <line number="31" hits="4" branch="false" />
                <line number="32" hits="4" branch="false" />
                <line number="33" hits="4" branch="false" />
                <line number="34" hits="3" branch="false" />
                <line number="35" hits="3" branch="false" />
                <line number="36" hits="3" branch="false" />
                <line number="37" hits="3" branch="false" />
                <line number="39" hits="37" branch="false" />
              </lines>
            </method>
            <method name="numerosRomanosDezena" signature="()" line-rate="0.6923076923076923" branch-rate="0.6" complexity="11">
              <lines>
                <line number="42" hits="37" branch="false" />
                <line number="43" hits="37" branch="true" condition-coverage="60% (6/10)" />
                <line number="45" hits="11" branch="false" />
                <line number="46" hits="10" branch="false" />
                <line number="47" hits="10" branch="false" />
                <line number="48" hits="1" branch="false" />
                <line number="49" hits="0" branch="false" />
                <line number="50" hits="4" branch="false" />
                <line number="51" hits="1" branch="false" />
                <line number="52" hits="0" branch="false" />
                <line number="53" hits="0" branch="false" />
                <line number="54" hits="0" branch="false" />
                <line number="56" hits="37" branch="false" />
              </lines>
            </method>
            <method name="numerosRomanosCentena" signature="()" line-rate="0.38461538461538464" branch-rate="0.2" complexity="11">
              <lines>
                <line number="59" hits="37" branch="false" />
                <line number="60" hits="37" branch="true" condition-coverage="20% (2/10)" />
                <line number="62" hits="31" branch="false" />
                <line number="63" hits="6" branch="false" />
                <line number="64" hits="0" branch="false" />
                <line number="65" hits="0" branch="false" />
                <line number="66" hits="0" branch="false" />
                <line number="67" hits="0" branch="false" />
                <line number="68" hits="0" branch="false" />
                <line number="69" hits="0" branch="false" />
                <line number="70" hits="0" branch="false" />
                <line number="71" hits="0" branch="false" />
                <line number="73" hits="37" branch="false" />
              </lines>
            </method>
            <method name="numerosRomanosMilhar" signature="()" line-rate="0.38461538461538464" branch-rate="0.2" complexity="11">
              <lines>
                <line number="76" hits="37" branch="false" />
                <line number="77" hits="37" branch="true" condition-coverage="20% (2/10)" />
                <line number="79" hits="31" branch="false" />
                <line number="80" hits="6" branch="false" />
                <line number="81" hits="0" branch="false" />
                <line number="82" hits="0" branch="false" />
                <line number="83" hits="0" branch="false" />
                <line number="84" hits="0" branch="false" />
                <line number="85" hits="0" branch="false" />
                <line number="86" hits="0" branch="false" />
                <line number="87" hits="0" branch="false" />
                <line number="88" hits="0" branch="false" />
                <line number="90" hits="37" branch="false" />
              </lines>
            </method>
            <method name="numerosRomanosDezenaMilhar" signature="()" line-rate="1" branch-rate="1" complexity="2">
              <lines>
                <line number="93" hits="37" branch="false" />
                <line number="94" hits="37" branch="true" condition-coverage="100% (2/2)" />
                <line number="96" hits="36" branch="false" />
                <line number="97" hits="1" branch="false" />
                <line number="99" hits="37" branch="false" />
              </lines>
            </method>
          </methods>
          <lines>
            <line number="14" hits="41" branch="false" />
            <line number="15" hits="41" branch="false" />
            <line number="16" hits="41" branch="false" />
            <line number="17" hits="41" branch="false" />
            <line number="20" hits="36" branch="false" />
            <line number="21" hits="36" branch="false" />
            <line number="22" hits="36" branch="false" />
            <line number="25" hits="37" branch="false" />
            <line number="26" hits="37" branch="true" condition-coverage="100% (10/10)" />
            <line number="28" hits="4" branch="false" />
            <line number="29" hits="5" branch="false" />
            <line number="30" hits="4" branch="false" />
            <line number="31" hits="4" branch="false" />
            <line number="32" hits="4" branch="false" />
            <line number="33" hits="4" branch="false" />
            <line number="34" hits="3" branch="false" />
            <line number="35" hits="3" branch="false" />
            <line number="36" hits="3" branch="false" />
            <line number="37" hits="3" branch="false" />
            <line number="39" hits="37" branch="false" />
            <line number="42" hits="37" branch="false" />
            <line number="43" hits="37" branch="true" condition-coverage="60% (6/10)" />
            <line number="45" hits="11" branch="false" />
            <line number="46" hits="10" branch="false" />
            <line number="47" hits="10" branch="false" />
            <line number="48" hits="1" branch="false" />
            <line number="49" hits="0" branch="false" />
            <line number="50" hits="4" branch="false" />
            <line number="51" hits="1" branch="false" />
            <line number="52" hits="0" branch="false" />
            <line number="53" hits="0" branch="false" />
            <line number="54" hits="0" branch="false" />
            <line number="56" hits="37" branch="false" />
            <line number="59" hits="37" branch="false" />
            <line number="60" hits="37" branch="true" condition-coverage="20% (2/10)" />
            <line number="62" hits="31" branch="false" />
            <line number="63" hits="6" branch="false" />
            <line number="64" hits="0" branch="false" />
            <line number="65" hits="0" branch="false" />
            <line number="66" hits="0" branch="false" />
            <line number="67" hits="0" branch="false" />
            <line number="68" hits="0" branch="false" />
            <line number="69" hits="0" branch="false" />
            <line number="70" hits="0" branch="false" />
            <line number="71" hits="0" branch="false" />
            <line number="73" hits="37" branch="false" />
            <line number="76" hits="37" branch="false" />
            <line number="77" hits="37" branch="true" condition-coverage="20% (2/10)" />
            <line number="79" hits="31" branch="false" />
            <line number="80" hits="6" branch="false" />
            <line number="81" hits="0" branch="false" />
            <line number="82" hits="0" branch="false" />
            <line number="83" hits="0" branch="false" />
            <line number="84" hits="0" branch="false" />
            <line number="85" hits="0" branch="false" />
            <line number="86" hits="0" branch="false" />
            <line number="87" hits="0" branch="false" />
            <line number="88" hits="0" branch="false" />
            <line number="90" hits="37" branch="false" />
            <line number="93" hits="37" branch="false" />
            <line number="94" hits="37" branch="true" condition-coverage="100% (2/2)" />
            <line number="96" hits="36" branch="false" />
            <line number="97" hits="1" branch="false" />
            <line number="99" hits="37" branch="false" />
          </lines>
        </class>
        <class name="ConversorDeNumeros.ConversorRomanoParaIndo" filename="C:\Users\Carlos\source\repos\ConversorDeNumeros\ConversorDeNumeros\ConversorRomanoParaIndo.cs" line-rate="0.8522727272727273" branch-rate="0.7142857142857143" complexity="28">
          <methods>
            <method name=".ctor" signature="(System.String)" line-rate="1" branch-rate="1" complexity="NaN">
              <lines>
                <line number="14" hits="10" branch="false" />
                <line number="15" hits="10" branch="false" />
                <line number="16" hits="10" branch="false" />
                <line number="17" hits="10" branch="false" />
              </lines>
            </method>
            <method name="Conversor" signature="()" line-rate="0.95" branch-rate="0.8333333333333334" complexity="11">
              <lines>
                <line number="20" hits="10" branch="false" />
                <line number="21" hits="10" branch="false" />
                <line number="22" hits="10" branch="false" />
                <line number="24" hits="10" branch="true" condition-coverage="100% (2/2)" />
                <line number="25" hits="9" branch="false" />
                <line number="26" hits="75" branch="false" />
                <line number="27" hits="24" branch="false" />
                <line number="28" hits="24" branch="false" />
                <line number="29" hits="24" branch="false" />
                <line number="31" hits="9" branch="true" condition-coverage="100% (4/4)" />
                <line number="32" hits="2" branch="false" />
                <line number="34" hits="9" branch="true" condition-coverage="50% (2/4)" />
                <line number="35" hits="0" branch="false" />
                <line number="37" hits="9" branch="true" condition-coverage="75% (3/4)" />
                <line number="38" hits="1" branch="false" />
                <line number="40" hits="9" branch="true" condition-coverage="100% (4/4)" />
                <line number="41" hits="3" branch="false" />
                <line number="43" hits="9" branch="false" />
                <line number="46" hits="1" branch="false" />
                <line number="47" hits="10" branch="false" />
              </lines>
            </method>
            <method name="ValidaNumeroRomano" signature="()" line-rate="1" branch-rate="0.75" complexity="3">
              <lines>
                <line number="50" hits="10" branch="false" />
                <line number="51" hits="10" branch="true" condition-coverage="75% (3/4)" />
                <line number="52" hits="9" branch="false" />
                <line number="54" hits="1" branch="false" />
                <line number="55" hits="10" branch="false" />
              </lines>
            </method>
            <method name="ValidaNumeroRomanoLetrasLocalIncorreto" signature="()" line-rate="0.6666666666666666" branch-rate="0.5714285714285714" complexity="8">
              <lines>
                <line number="58" hits="10" branch="false" />
                <line number="59" hits="10" branch="true" condition-coverage="100% (2/2)" />
                <line number="60" hits="9" branch="false" />
                <line number="61" hits="9" branch="true" condition-coverage="50% (4/8)" />
                <line number="62" hits="0" branch="false" />
                <line number="63" hits="0" branch="false" />
                <line number="66" hits="9" branch="true" condition-coverage="50% (2/4)" />
                <line number="67" hits="0" branch="false" />
                <line number="68" hits="0" branch="false" />
                <line number="70" hits="9" branch="false" />
                <line number="71" hits="10" branch="false" />
                <line number="72" hits="10" branch="false" />
              </lines>
            </method>
            <method name="ValidaNumeroRomanoQuantidadeLetras" signature="()" line-rate="0.7333333333333333" branch-rate="0.75" complexity="5">
              <lines>
                <line number="75" hits="10" branch="false" />
                <line number="76" hits="10" branch="true" condition-coverage="100% (2/2)" />
                <line number="77" hits="9" branch="false" />
                <line number="78" hits="9" branch="true" condition-coverage="50% (1/2)" />
                <line number="79" hits="0" branch="false" />
                <line number="80" hits="0" branch="false" />
                <line number="83" hits="9" branch="true" condition-coverage="100% (2/2)" />
                <line number="84" hits="1" branch="false" />
                <line number="85" hits="1" branch="false" />
                <line number="88" hits="8" branch="true" condition-coverage="50% (1/2)" />
                <line number="89" hits="0" branch="false" />
                <line number="90" hits="0" branch="false" />
                <line number="92" hits="8" branch="false" />
                <line number="93" hits="9" branch="false" />
                <line number="94" hits="10" branch="false" />
              </lines>
            </method>
            <method name="ConverterLetraParaNumero" signature="(System.Char)" line-rate="0.84" branch-rate="0.6923076923076923" complexity="NaN">
              <lines>
                <line number="97" hits="24" branch="false" />
                <line number="98" hits="24" branch="true" condition-coverage="69% (18/26)" />
                <line number="101" hits="3" branch="false" />
                <line number="102" hits="3" branch="false" />
                <line number="105" hits="3" branch="false" />
                <line number="106" hits="3" branch="false" />
                <line number="109" hits="3" branch="false" />
                <line number="110" hits="3" branch="false" />
                <line number="113" hits="2" branch="false" />
                <line number="114" hits="2" branch="false" />
                <line number="118" hits="0" branch="false" />
                <line number="119" hits="0" branch="false" />
                <line number="123" hits="2" branch="false" />
                <line number="124" hits="2" branch="false" />
                <line number="128" hits="2" branch="false" />
                <line number="129" hits="2" branch="false" />
                <line number="133" hits="4" branch="false" />
                <line number="134" hits="4" branch="false" />
                <line number="138" hits="1" branch="false" />
                <line number="139" hits="1" branch="false" />
                <line number="143" hits="4" branch="false" />
                <line number="144" hits="4" branch="false" />
                <line number="148" hits="0" branch="false" />
                <line number="149" hits="0" branch="false" />
                <line number="152" hits="24" branch="false" />
              </lines>
            </method>
            <method name="NormalizarNumeroRomano" signature="()" line-rate="1" branch-rate="1" complexity="1">
              <lines>
                <line number="155" hits="10" branch="false" />
                <line number="156" hits="10" branch="false" />
                <line number="157" hits="10" branch="false" />
                <line number="158" hits="10" branch="false" />
                <line number="159" hits="10" branch="false" />
                <line number="161" hits="10" branch="false" />
                <line number="162" hits="10" branch="false" />
              </lines>
            </method>
          </methods>
          <lines>
            <line number="14" hits="10" branch="false" />
            <line number="15" hits="10" branch="false" />
            <line number="16" hits="10" branch="false" />
            <line number="17" hits="10" branch="false" />
            <line number="20" hits="10" branch="false" />
            <line number="21" hits="10" branch="false" />
            <line number="22" hits="10" branch="false" />
            <line number="24" hits="10" branch="true" condition-coverage="100% (2/2)" />
            <line number="25" hits="9" branch="false" />
            <line number="26" hits="75" branch="false" />
            <line number="27" hits="24" branch="false" />
            <line number="28" hits="24" branch="false" />
            <line number="29" hits="24" branch="false" />
            <line number="31" hits="9" branch="true" condition-coverage="100% (4/4)" />
            <line number="32" hits="2" branch="false" />
            <line number="34" hits="9" branch="true" condition-coverage="50% (2/4)" />
            <line number="35" hits="0" branch="false" />
            <line number="37" hits="9" branch="true" condition-coverage="75% (3/4)" />
            <line number="38" hits="1" branch="false" />
            <line number="40" hits="9" branch="true" condition-coverage="100% (4/4)" />
            <line number="41" hits="3" branch="false" />
            <line number="43" hits="9" branch="false" />
            <line number="46" hits="1" branch="false" />
            <line number="47" hits="10" branch="false" />
            <line number="50" hits="10" branch="false" />
            <line number="51" hits="10" branch="true" condition-coverage="75% (3/4)" />
            <line number="52" hits="9" branch="false" />
            <line number="54" hits="1" branch="false" />
            <line number="55" hits="10" branch="false" />
            <line number="58" hits="10" branch="false" />
            <line number="59" hits="10" branch="true" condition-coverage="100% (2/2)" />
            <line number="60" hits="9" branch="false" />
            <line number="61" hits="9" branch="true" condition-coverage="50% (4/8)" />
            <line number="62" hits="0" branch="false" />
            <line number="63" hits="0" branch="false" />
            <line number="66" hits="9" branch="true" condition-coverage="50% (2/4)" />
            <line number="67" hits="0" branch="false" />
            <line number="68" hits="0" branch="false" />
            <line number="70" hits="9" branch="false" />
            <line number="71" hits="10" branch="false" />
            <line number="72" hits="10" branch="false" />
            <line number="75" hits="10" branch="false" />
            <line number="76" hits="10" branch="true" condition-coverage="100% (2/2)" />
            <line number="77" hits="9" branch="false" />
            <line number="78" hits="9" branch="true" condition-coverage="50% (1/2)" />
            <line number="79" hits="0" branch="false" />
            <line number="80" hits="0" branch="false" />
            <line number="83" hits="9" branch="true" condition-coverage="100% (2/2)" />
            <line number="84" hits="1" branch="false" />
            <line number="85" hits="1" branch="false" />
            <line number="88" hits="8" branch="true" condition-coverage="50% (1/2)" />
            <line number="89" hits="0" branch="false" />
            <line number="90" hits="0" branch="false" />
            <line number="92" hits="8" branch="false" />
            <line number="93" hits="9" branch="false" />
            <line number="94" hits="10" branch="false" />
            <line number="97" hits="24" branch="false" />
            <line number="98" hits="24" branch="true" condition-coverage="69% (18/26)" />
            <line number="101" hits="3" branch="false" />
            <line number="102" hits="3" branch="false" />
            <line number="105" hits="3" branch="false" />
            <line number="106" hits="3" branch="false" />
            <line number="109" hits="3" branch="false" />
            <line number="110" hits="3" branch="false" />
            <line number="113" hits="2" branch="false" />
            <line number="114" hits="2" branch="false" />
            <line number="118" hits="0" branch="false" />
            <line number="119" hits="0" branch="false" />
            <line number="123" hits="2" branch="false" />
            <line number="124" hits="2" branch="false" />
            <line number="128" hits="2" branch="false" />
            <line number="129" hits="2" branch="false" />
            <line number="133" hits="4" branch="false" />
            <line number="134" hits="4" branch="false" />
            <line number="138" hits="1" branch="false" />
            <line number="139" hits="1" branch="false" />
            <line number="143" hits="4" branch="false" />
            <line number="144" hits="4" branch="false" />
            <line number="148" hits="0" branch="false" />
            <line number="149" hits="0" branch="false" />
            <line number="152" hits="24" branch="false" />
            <line number="155" hits="10" branch="false" />
            <line number="156" hits="10" branch="false" />
            <line number="157" hits="10" branch="false" />
            <line number="158" hits="10" branch="false" />
            <line number="159" hits="10" branch="false" />
            <line number="161" hits="10" branch="false" />
            <line number="162" hits="10" branch="false" />
          </lines>
        </class>
        <class name="ConversorDeNumeros.Extensions.IntExtensions" filename="C:\Users\Carlos\source\repos\ConversorDeNumeros\ConversorDeNumeros\Extensions\IntExtensions.cs" line-rate="1" branch-rate="1" complexity="NaN">
          <methods>
            <method name="ObterUnidade" signature="(System.Int32)" line-rate="1" branch-rate="1" complexity="NaN">
              <lines>
                <line number="12" hits="37" branch="false" />
                <line number="13" hits="37" branch="false" />
                <line number="14" hits="37" branch="false" />
              </lines>
            </method>
            <method name="ObterDezena" signature="(System.Int32)" line-rate="1" branch-rate="1" complexity="NaN">
              <lines>
                <line number="17" hits="37" branch="false" />
                <line number="18" hits="37" branch="false" />
                <line number="19" hits="37" branch="false" />
              </lines>
            </method>
            <method name="ObterCentena" signature="(System.Int32)" line-rate="1" branch-rate="1" complexity="NaN">
              <lines>
                <line number="22" hits="37" branch="false" />
                <line number="23" hits="37" branch="false" />
                <line number="24" hits="37" branch="false" />
              </lines>
            </method>
            <method name="ObterMilhar" signature="(System.Int32)" line-rate="1" branch-rate="1" complexity="NaN">
              <lines>
                <line number="27" hits="37" branch="false" />
                <line number="28" hits="37" branch="false" />
                <line number="29" hits="37" branch="false" />
              </lines>
            </method>
            <method name="ObterDezenaMilhar" signature="(System.Int32)" line-rate="1" branch-rate="1" complexity="NaN">
              <lines>
                <line number="32" hits="37" branch="false" />
                <line number="33" hits="37" branch="false" />
                <line number="34" hits="37" branch="false" />
              </lines>
            </method>
          </methods>
          <lines>
            <line number="12" hits="37" branch="false" />
            <line number="13" hits="37" branch="false" />
            <line number="14" hits="37" branch="false" />
            <line number="17" hits="37" branch="false" />
            <line number="18" hits="37" branch="false" />
            <line number="19" hits="37" branch="false" />
            <line number="22" hits="37" branch="false" />
            <line number="23" hits="37" branch="false" />
            <line number="24" hits="37" branch="false" />
            <line number="27" hits="37" branch="false" />
            <line number="28" hits="37" branch="false" />
            <line number="29" hits="37" branch="false" />
            <line number="32" hits="37" branch="false" />
            <line number="33" hits="37" branch="false" />
            <line number="34" hits="37" branch="false" />
          </lines>
        </class>
        <class name="ConversorDeNumeros.Program" filename="C:\Users\Carlos\source\repos\ConversorDeNumeros\ConversorDeNumeros\Program.cs" line-rate="0" branch-rate="1" complexity="NaN">
          <methods>
            <method name="Main" signature="(System.String[])" line-rate="0" branch-rate="1" complexity="NaN">
              <lines>
                <line number="12" hits="0" branch="false" />
                <line number="13" hits="0" branch="false" />
              </lines>
            </method>
          </methods>
          <lines>
            <line number="12" hits="0" branch="false" />
            <line number="13" hits="0" branch="false" />
          </lines>
        </class>
      </classes>
    </package>
    <package name="ConversorIndoParaRomanoTestes" line-rate="0.9932432432432432" branch-rate="1" complexity="23">
      <classes>
        <class name="ConversorIndoParaRomanoTestes.ConversorIndoParaRomanoTestes" filename="C:\Users\Carlos\source\repos\ConversorDeNumeros\ConversorIndoParaRomanoTestes\ConversorIndoParaRomanoTestes.cs" line-rate="0.9907407407407407" branch-rate="1" complexity="13">
          <methods>
            <method name="NumeroRomanoUnidade1" signature="()" line-rate="1" branch-rate="1" complexity="1">
              <lines>
                <line number="12" hits="1" branch="false" />
                <line number="13" hits="1" branch="false" />
                <line number="15" hits="1" branch="false" />
                <line number="16" hits="1" branch="false" />
              </lines>
            </method>
            <method name="NumeroRomanoDezena10" signature="()" line-rate="1" branch-rate="1" complexity="1">
              <lines>
                <line number="20" hits="1" branch="false" />
                <line number="21" hits="1" branch="false" />
                <line number="23" hits="1" branch="false" />
                <line number="24" hits="1" branch="false" />
              </lines>
            </method>
            <method name="NumeroRomanoCentena100" signature="()" line-rate="1" branch-rate="1" complexity="1">
              <lines>
                <line number="28" hits="1" branch="false" />
                <line number="29" hits="1" branch="false" />
                <line number="31" hits="1" branch="false" />
                <line number="32" hits="1" branch="false" />
              </lines>
            </method>
            <method name="NumeroRomanoMilhar1000" signature="()" line-rate="1" branch-rate="1" complexity="1">
              <lines>
                <line number="36" hits="1" branch="false" />
                <line number="37" hits="1" branch="false" />
                <line number="39" hits="1" branch="false" />
                <line number="40" hits="1" branch="false" />
              </lines>
            </method>
            <method name="NumeroRomanoDezenaMilhar10000" signature="()" line-rate="1" branch-rate="1" complexity="1">
              <lines>
                <line number="44" hits="1" branch="false" />
                <line number="45" hits="1" branch="false" />
                <line number="47" hits="1" branch="false" />
                <line number="48" hits="1" branch="false" />
              </lines>
            </method>
            <method name="ConversorIndoParaRomano11a15" signature="()" line-rate="1" branch-rate="1" complexity="1">
              <lines>
                <line number="52" hits="1" branch="false" />
                <line number="53" hits="1" branch="false" />
                <line number="54" hits="1" branch="false" />
                <line number="55" hits="1" branch="false" />
                <line number="56" hits="1" branch="false" />
                <line number="57" hits="1" branch="false" />
                <line number="58" hits="1" branch="false" />
                <line number="59" hits="1" branch="false" />
                <line number="60" hits="1" branch="false" />
                <line number="61" hits="1" branch="false" />
                <line number="62" hits="1" branch="false" />
                <line number="63" hits="1" branch="false" />
              </lines>
            </method>
            <method name="ConversorIndoParaRomano16a20" signature="()" line-rate="1" branch-rate="1" complexity="1">
              <lines>
                <line number="67" hits="1" branch="false" />
                <line number="68" hits="1" branch="false" />
                <line number="69" hits="1" branch="false" />
                <line number="70" hits="1" branch="false" />
                <line number="71" hits="1" branch="false" />
                <line number="72" hits="1" branch="false" />
                <line number="73" hits="1" branch="false" />
                <line number="74" hits="1" branch="false" />
                <line number="75" hits="1" branch="false" />
                <line number="76" hits="1" branch="false" />
                <line number="77" hits="1" branch="false" />
                <line number="78" hits="1" branch="false" />
              </lines>
            </method>
            <method name="ConversorIndoParaRomano21a25" signature="()" line-rate="1" branch-rate="1" complexity="1">
              <lines>
                <line number="82" hits="1" branch="false" />
                <line number="83" hits="1" branch="false" />
                <line number="84" hits="1" branch="false" />
                <line number="85" hits="1" branch="false" />
                <line number="86" hits="1" branch="false" />
                <line number="87" hits="1" branch="false" />
                <line number="88" hits="1" branch="false" />
                <line number="89" hits="1" branch="false" />
                <line number="90" hits="1" branch="false" />
                <line number="91" hits="1" branch="false" />
                <line number="92" hits="1" branch="false" />
                <line number="93" hits="1" branch="false" />
              </lines>
            </method>
            <method name="ConversorIndoParaRomano26a30" signature="()" line-rate="1" branch-rate="1" complexity="1">
              <lines>
                <line number="97" hits="1" branch="false" />
                <line number="98" hits="1" branch="false" />
                <line number="99" hits="1" branch="false" />
                <line number="100" hits="1" branch="false" />
                <line number="101" hits="1" branch="false" />
                <line number="102" hits="1" branch="false" />
                <line number="103" hits="1" branch="false" />
                <line number="104" hits="1" branch="false" />
                <line number="105" hits="1" branch="false" />
                <line number="106" hits="1" branch="false" />
                <line number="107" hits="1" branch="false" />
                <line number="108" hits="1" branch="false" />
              </lines>
            </method>
            <method name="ConversorIndoParaRomano56a60" signature="()" line-rate="1" branch-rate="1" complexity="1">
              <lines>
                <line number="112" hits="1" branch="false" />
                <line number="113" hits="1" branch="false" />
                <line number="114" hits="1" branch="false" />
                <line number="115" hits="1" branch="false" />
                <line number="116" hits="1" branch="false" />
                <line number="117" hits="1" branch="false" />
                <line number="118" hits="1" branch="false" />
                <line number="119" hits="1" branch="false" />
                <line number="120" hits="1" branch="false" />
                <line number="121" hits="1" branch="false" />
                <line number="122" hits="1" branch="false" />
                <line number="123" hits="1" branch="false" />
              </lines>
            </method>
            <method name="ConversorIndoParaRomano101a105" signature="()" line-rate="1" branch-rate="1" complexity="1">
              <lines>
                <line number="127" hits="1" branch="false" />
                <line number="128" hits="1" branch="false" />
                <line number="129" hits="1" branch="false" />
                <line number="130" hits="1" branch="false" />
                <line number="131" hits="1" branch="false" />
                <line number="132" hits="1" branch="false" />
                <line number="133" hits="1" branch="false" />
                <line number="134" hits="1" branch="false" />
                <line number="135" hits="1" branch="false" />
                <line number="136" hits="1" branch="false" />
                <line number="137" hits="1" branch="false" />
                <line number="138" hits="1" branch="false" />
              </lines>
            </method>
            <method name="ConversorIndoParaRomano1001a1005" signature="()" line-rate="1" branch-rate="1" complexity="1">
              <lines>
                <line number="142" hits="1" branch="false" />
                <line number="143" hits="1" branch="false" />
                <line number="144" hits="1" branch="false" />
                <line number="145" hits="1" branch="false" />
                <line number="146" hits="1" branch="false" />
                <line number="147" hits="1" branch="false" />
                <line number="149" hits="1" branch="false" />
                <line number="150" hits="1" branch="false" />
                <line number="151" hits="1" branch="false" />
                <line number="152" hits="1" branch="false" />
                <line number="153" hits="1" branch="false" />
                <line number="154" hits="1" branch="false" />
              </lines>
            </method>
            <method name="ConversorIndoParaRomano30000" signature="()" line-rate="0.75" branch-rate="1" complexity="1">
              <lines>
                <line number="158" hits="1" branch="false" />
                <line number="159" hits="1" branch="false" />
                <line number="161" hits="1" branch="false" />
                <line number="162" hits="0" branch="false" />
              </lines>
            </method>
          </methods>
          <lines>
            <line number="12" hits="1" branch="false" />
            <line number="13" hits="1" branch="false" />
            <line number="15" hits="1" branch="false" />
            <line number="16" hits="1" branch="false" />
            <line number="20" hits="1" branch="false" />
            <line number="21" hits="1" branch="false" />
            <line number="23" hits="1" branch="false" />
            <line number="24" hits="1" branch="false" />
            <line number="28" hits="1" branch="false" />
            <line number="29" hits="1" branch="false" />
            <line number="31" hits="1" branch="false" />
            <line number="32" hits="1" branch="false" />
            <line number="36" hits="1" branch="false" />
            <line number="37" hits="1" branch="false" />
            <line number="39" hits="1" branch="false" />
            <line number="40" hits="1" branch="false" />
            <line number="44" hits="1" branch="false" />
            <line number="45" hits="1" branch="false" />
            <line number="47" hits="1" branch="false" />
            <line number="48" hits="1" branch="false" />
            <line number="52" hits="1" branch="false" />
            <line number="53" hits="1" branch="false" />
            <line number="54" hits="1" branch="false" />
            <line number="55" hits="1" branch="false" />
            <line number="56" hits="1" branch="false" />
            <line number="57" hits="1" branch="false" />
            <line number="58" hits="1" branch="false" />
            <line number="59" hits="1" branch="false" />
            <line number="60" hits="1" branch="false" />
            <line number="61" hits="1" branch="false" />
            <line number="62" hits="1" branch="false" />
            <line number="63" hits="1" branch="false" />
            <line number="67" hits="1" branch="false" />
            <line number="68" hits="1" branch="false" />
            <line number="69" hits="1" branch="false" />
            <line number="70" hits="1" branch="false" />
            <line number="71" hits="1" branch="false" />
            <line number="72" hits="1" branch="false" />
            <line number="73" hits="1" branch="false" />
            <line number="74" hits="1" branch="false" />
            <line number="75" hits="1" branch="false" />
            <line number="76" hits="1" branch="false" />
            <line number="77" hits="1" branch="false" />
            <line number="78" hits="1" branch="false" />
            <line number="82" hits="1" branch="false" />
            <line number="83" hits="1" branch="false" />
            <line number="84" hits="1" branch="false" />
            <line number="85" hits="1" branch="false" />
            <line number="86" hits="1" branch="false" />
            <line number="87" hits="1" branch="false" />
            <line number="88" hits="1" branch="false" />
            <line number="89" hits="1" branch="false" />
            <line number="90" hits="1" branch="false" />
            <line number="91" hits="1" branch="false" />
            <line number="92" hits="1" branch="false" />
            <line number="93" hits="1" branch="false" />
            <line number="97" hits="1" branch="false" />
            <line number="98" hits="1" branch="false" />
            <line number="99" hits="1" branch="false" />
            <line number="100" hits="1" branch="false" />
            <line number="101" hits="1" branch="false" />
            <line number="102" hits="1" branch="false" />
            <line number="103" hits="1" branch="false" />
            <line number="104" hits="1" branch="false" />
            <line number="105" hits="1" branch="false" />
            <line number="106" hits="1" branch="false" />
            <line number="107" hits="1" branch="false" />
            <line number="108" hits="1" branch="false" />
            <line number="112" hits="1" branch="false" />
            <line number="113" hits="1" branch="false" />
            <line number="114" hits="1" branch="false" />
            <line number="115" hits="1" branch="false" />
            <line number="116" hits="1" branch="false" />
            <line number="117" hits="1" branch="false" />
            <line number="118" hits="1" branch="false" />
            <line number="119" hits="1" branch="false" />
            <line number="120" hits="1" branch="false" />
            <line number="121" hits="1" branch="false" />
            <line number="122" hits="1" branch="false" />
            <line number="123" hits="1" branch="false" />
            <line number="127" hits="1" branch="false" />
            <line number="128" hits="1" branch="false" />
            <line number="129" hits="1" branch="false" />
            <line number="130" hits="1" branch="false" />
            <line number="131" hits="1" branch="false" />
            <line number="132" hits="1" branch="false" />
            <line number="133" hits="1" branch="false" />
            <line number="134" hits="1" branch="false" />
            <line number="135" hits="1" branch="false" />
            <line number="136" hits="1" branch="false" />
            <line number="137" hits="1" branch="false" />
            <line number="138" hits="1" branch="false" />
            <line number="142" hits="1" branch="false" />
            <line number="143" hits="1" branch="false" />
            <line number="144" hits="1" branch="false" />
            <line number="145" hits="1" branch="false" />
            <line number="146" hits="1" branch="false" />
            <line number="147" hits="1" branch="false" />
            <line number="149" hits="1" branch="false" />
            <line number="150" hits="1" branch="false" />
            <line number="151" hits="1" branch="false" />
            <line number="152" hits="1" branch="false" />
            <line number="153" hits="1" branch="false" />
            <line number="154" hits="1" branch="false" />
            <line number="158" hits="1" branch="false" />
            <line number="159" hits="1" branch="false" />
            <line number="161" hits="1" branch="false" />
            <line number="162" hits="0" branch="false" />
          </lines>
        </class>
        <class name="ConversorIndoParaRomanoTestes.ConversorRomanoParaIndoTestes" filename="C:\Users\Carlos\source\repos\ConversorDeNumeros\ConversorIndoParaRomanoTestes\ConversorRomanoParaIndoTestes.cs" line-rate="1" branch-rate="1" complexity="10">
          <methods>
            <method name="ConversorNumeroRomanoParaIndoI" signature="()" line-rate="1" branch-rate="1" complexity="1">
              <lines>
                <line number="16" hits="1" branch="false" />
                <line number="17" hits="1" branch="false" />
                <line number="19" hits="1" branch="false" />
                <line number="20" hits="1" branch="false" />
              </lines>
            </method>
            <method name="ConversorNumeroRomanoParaIndoXI" signature="()" line-rate="1" branch-rate="1" complexity="1">
              <lines>
                <line number="24" hits="1" branch="false" />
                <line number="25" hits="1" branch="false" />
                <line number="27" hits="1" branch="false" />
                <line number="28" hits="1" branch="false" />
              </lines>
            </method>
            <method name="ConversorNumeroRomanoParaIndoXIV" signature="()" line-rate="1" branch-rate="1" complexity="1">
              <lines>
                <line number="32" hits="1" branch="false" />
                <line number="33" hits="1" branch="false" />
                <line number="35" hits="1" branch="false" />
                <line number="36" hits="1" branch="false" />
              </lines>
            </method>
            <method name="ConversorNumeroRomanoParaIndoMIX" signature="()" line-rate="1" branch-rate="1" complexity="1">
              <lines>
                <line number="40" hits="1" branch="false" />
                <line number="41" hits="1" branch="false" />
                <line number="43" hits="1" branch="false" />
                <line number="44" hits="1" branch="false" />
              </lines>
            </method>
            <method name="ConversorNumeroRomanoParaIndoĪV̄" signature="()" line-rate="1" branch-rate="1" complexity="1">
              <lines>
                <line number="48" hits="1" branch="false" />
                <line number="49" hits="1" branch="false" />
                <line number="51" hits="1" branch="false" />
                <line number="52" hits="1" branch="false" />
              </lines>
            </method>
            <method name="ConversorNumeroRomanoParaIndoĪV̄ĪV̄" signature="()" line-rate="1" branch-rate="1" complexity="1">
              <lines>
                <line number="56" hits="1" branch="false" />
                <line number="57" hits="1" branch="false" />
                <line number="59" hits="1" branch="false" />
                <line number="60" hits="1" branch="false" />
              </lines>
            </method>
            <method name="ConversorNumeroRomanoParaIndoCL" signature="()" line-rate="1" branch-rate="1" complexity="1">
              <lines>
                <line number="64" hits="1" branch="false" />
                <line number="65" hits="1" branch="false" />
                <line number="67" hits="1" branch="false" />
                <line number="68" hits="1" branch="false" />
              </lines>
            </method>
            <method name="ConversorNumeroRomanoParaIndoĪV̄CML" signature="()" line-rate="1" branch-rate="1" complexity="1">
              <lines>
                <line number="72" hits="1" branch="false" />
                <line number="73" hits="1" branch="false" />
                <line number="75" hits="1" branch="false" />
                <line number="76" hits="1" branch="false" />
              </lines>
            </method>
            <method name="ConversorNumeroRomanoParaIndoĪV̄X" signature="()" line-rate="1" branch-rate="1" complexity="1">
              <lines>
                <line number="80" hits="1" branch="false" />
                <line number="81" hits="1" branch="false" />
                <line number="83" hits="1" branch="false" />
                <line number="84" hits="1" branch="false" />
              </lines>
            </method>
            <method name="ConversorNumeroRomanoParaIndoX̄X̄X̄" signature="()" line-rate="1" branch-rate="1" complexity="1">
              <lines>
                <line number="88" hits="1" branch="false" />
                <line number="89" hits="1" branch="false" />
                <line number="91" hits="1" branch="false" />
                <line number="92" hits="1" branch="false" />
              </lines>
            </method>
          </methods>
          <lines>
            <line number="16" hits="1" branch="false" />
            <line number="17" hits="1" branch="false" />
            <line number="19" hits="1" branch="false" />
            <line number="20" hits="1" branch="false" />
            <line number="24" hits="1" branch="false" />
            <line number="25" hits="1" branch="false" />
            <line number="27" hits="1" branch="false" />
            <line number="28" hits="1" branch="false" />
            <line number="32" hits="1" branch="false" />
            <line number="33" hits="1" branch="false" />
            <line number="35" hits="1" branch="false" />
            <line number="36" hits="1" branch="false" />
            <line number="40" hits="1" branch="false" />
            <line number="41" hits="1" branch="false" />
            <line number="43" hits="1" branch="false" />
            <line number="44" hits="1" branch="false" />
            <line number="48" hits="1" branch="false" />
            <line number="49" hits="1" branch="false" />
            <line number="51" hits="1" branch="false" />
            <line number="52" hits="1" branch="false" />
            <line number="56" hits="1" branch="false" />
            <line number="57" hits="1" branch="false" />
            <line number="59" hits="1" branch="false" />
            <line number="60" hits="1" branch="false" />
            <line number="64" hits="1" branch="false" />
            <line number="65" hits="1" branch="false" />
            <line number="67" hits="1" branch="false" />
            <line number="68" hits="1" branch="false" />
            <line number="72" hits="1" branch="false" />
            <line number="73" hits="1" branch="false" />
            <line number="75" hits="1" branch="false" />
            <line number="76" hits="1" branch="false" />
            <line number="80" hits="1" branch="false" />
            <line number="81" hits="1" branch="false" />
            <line number="83" hits="1" branch="false" />
            <line number="84" hits="1" branch="false" />
            <line number="88" hits="1" branch="false" />
            <line number="89" hits="1" branch="false" />
            <line number="91" hits="1" branch="false" />
            <line number="92" hits="1" branch="false" />
          </lines>
        </class>
      </classes>
    </package>
  </packages>
</coverage>