<?xml version="1.0" encoding="utf-8"?>
<!DOCTYPE coverage SYSTEM "http://cobertura.sourceforge.net/xml/coverage-04.dtd">
<coverage line-rate="0.7931034482758621" branch-rate="0.56" lines-covered="253" lines-valid="319" branches-covered="56" branches-valid="100" complexity="110" version="0" timestamp="1623344637">
  <sources />
  <packages>
    <package name="ConversorDeNumeros" line-rate="0.639344262295082" branch-rate="0.56" complexity="90">
      <classes>
        <class name="ConversorDeNumeros.ConversorIndoParaRomano" filename="C:\Users\Carlos\source\repos\ConversorDeNumeros\ConversorDeNumeros\ConversorIndoParaRomano.cs" line-rate="0.6666666666666666" branch-rate="0.47619047619047616" complexity="47">
          <methods>
            <method name=".ctor" signature="(System.Int32)" line-rate="1" branch-rate="1" complexity="NaN">
              <lines>
                <line number="14" hits="40" branch="false" />
                <line number="15" hits="40" branch="false" />
                <line number="16" hits="40" branch="false" />
                <line number="17" hits="40" branch="false" />
              </lines>
            </method>
            <method name="Conversor" signature="()" line-rate="1" branch-rate="1" complexity="1">
              <lines>
                <line number="20" hits="35" branch="false" />
                <line number="21" hits="35" branch="false" />
                <line number="22" hits="35" branch="false" />
                <line number="24" hits="35" branch="false" />
                <line number="25" hits="35" branch="false" />
              </lines>
            </method>
            <method name="numerosRomanosUnidade" signature="()" line-rate="1" branch-rate="1" complexity="11">
              <lines>
                <line number="28" hits="36" branch="false" />
                <line number="29" hits="36" branch="true" condition-coverage="100% (10/10)" />
                <line number="31" hits="2" branch="false" />
                <line number="32" hits="6" branch="false" />
                <line number="33" hits="5" branch="false" />
                <line number="34" hits="5" branch="false" />
                <line number="35" hits="5" branch="false" />
                <line number="36" hits="5" branch="false" />
                <line number="37" hits="2" branch="false" />
                <line number="38" hits="2" branch="false" />
                <line number="39" hits="2" branch="false" />
                <line number="40" hits="2" branch="false" />
                <line number="42" hits="36" branch="false" />
              </lines>
            </method>
            <method name="numerosRomanosDezena" signature="()" line-rate="0.5384615384615384" branch-rate="0.4" complexity="11">
              <lines>
                <line number="45" hits="36" branch="false" />
                <line number="46" hits="36" branch="true" condition-coverage="40% (4/10)" />
                <line number="48" hits="15" branch="false" />
                <line number="49" hits="10" branch="false" />
                <line number="50" hits="10" branch="false" />
                <line number="51" hits="1" branch="false" />
                <line number="52" hits="0" branch="false" />
                <line number="53" hits="0" branch="false" />
                <line number="54" hits="0" branch="false" />
                <line number="55" hits="0" branch="false" />
                <line number="56" hits="0" branch="false" />
                <line number="57" hits="0" branch="false" />
                <line number="59" hits="36" branch="false" />
              </lines>
            </method>
            <method name="numerosRomanosCentena" signature="()" line-rate="0.38461538461538464" branch-rate="0.2" complexity="11">
              <lines>
                <line number="62" hits="36" branch="false" />
                <line number="63" hits="36" branch="true" condition-coverage="20% (2/10)" />
                <line number="65" hits="30" branch="false" />
                <line number="66" hits="6" branch="false" />
                <line number="67" hits="0" branch="false" />
                <line number="68" hits="0" branch="false" />
                <line number="69" hits="0" branch="false" />
                <line number="70" hits="0" branch="false" />
                <line number="71" hits="0" branch="false" />
                <line number="72" hits="0" branch="false" />
                <line number="73" hits="0" branch="false" />
                <line number="74" hits="0" branch="false" />
                <line number="76" hits="36" branch="false" />
              </lines>
            </method>
            <method name="numerosRomanosMilhar" signature="()" line-rate="0.38461538461538464" branch-rate="0.2" complexity="11">
              <lines>
                <line number="79" hits="36" branch="false" />
                <line number="80" hits="36" branch="true" condition-coverage="20% (2/10)" />
                <line number="82" hits="30" branch="false" />
                <line number="83" hits="6" branch="false" />
                <line number="84" hits="0" branch="false" />
                <line number="85" hits="0" branch="false" />
                <line number="86" hits="0" branch="false" />
                <line number="87" hits="0" branch="false" />
                <line number="88" hits="0" branch="false" />
                <line number="89" hits="0" branch="false" />
                <line number="90" hits="0" branch="false" />
                <line number="91" hits="0" branch="false" />
                <line number="93" hits="36" branch="false" />
              </lines>
            </method>
            <method name="numerosRomanosDezenaMilhar" signature="()" line-rate="1" branch-rate="1" complexity="2">
              <lines>
                <line number="96" hits="36" branch="false" />
                <line number="97" hits="36" branch="true" condition-coverage="100% (2/2)" />
                <line number="99" hits="30" branch="false" />
                <line number="100" hits="6" branch="false" />
                <line number="102" hits="36" branch="false" />
              </lines>
            </method>
          </methods>
          <lines>
            <line number="14" hits="40" branch="false" />
            <line number="15" hits="40" branch="false" />
            <line number="16" hits="40" branch="false" />
            <line number="17" hits="40" branch="false" />
            <line number="20" hits="35" branch="false" />
            <line number="21" hits="35" branch="false" />
            <line number="22" hits="35" branch="false" />
            <line number="24" hits="35" branch="false" />
            <line number="25" hits="35" branch="false" />
            <line number="28" hits="36" branch="false" />
            <line number="29" hits="36" branch="true" condition-coverage="100% (10/10)" />
            <line number="31" hits="2" branch="false" />
            <line number="32" hits="6" branch="false" />
            <line number="33" hits="5" branch="false" />
            <line number="34" hits="5" branch="false" />
            <line number="35" hits="5" branch="false" />
            <line number="36" hits="5" branch="false" />
            <line number="37" hits="2" branch="false" />
            <line number="38" hits="2" branch="false" />
            <line number="39" hits="2" branch="false" />
            <line number="40" hits="2" branch="false" />
            <line number="42" hits="36" branch="false" />
            <line number="45" hits="36" branch="false" />
            <line number="46" hits="36" branch="true" condition-coverage="40% (4/10)" />
            <line number="48" hits="15" branch="false" />
            <line number="49" hits="10" branch="false" />
            <line number="50" hits="10" branch="false" />
            <line number="51" hits="1" branch="false" />
            <line number="52" hits="0" branch="false" />
            <line number="53" hits="0" branch="false" />
            <line number="54" hits="0" branch="false" />
            <line number="55" hits="0" branch="false" />
            <line number="56" hits="0" branch="false" />
            <line number="57" hits="0" branch="false" />
            <line number="59" hits="36" branch="false" />
            <line number="62" hits="36" branch="false" />
            <line number="63" hits="36" branch="true" condition-coverage="20% (2/10)" />
            <line number="65" hits="30" branch="false" />
            <line number="66" hits="6" branch="false" />
            <line number="67" hits="0" branch="false" />
            <line number="68" hits="0" branch="false" />
            <line number="69" hits="0" branch="false" />
            <line number="70" hits="0" branch="false" />
            <line number="71" hits="0" branch="false" />
            <line number="72" hits="0" branch="false" />
            <line number="73" hits="0" branch="false" />
            <line number="74" hits="0" branch="false" />
            <line number="76" hits="36" branch="false" />
            <line number="79" hits="36" branch="false" />
            <line number="80" hits="36" branch="true" condition-coverage="20% (2/10)" />
            <line number="82" hits="30" branch="false" />
            <line number="83" hits="6" branch="false" />
            <line number="84" hits="0" branch="false" />
            <line number="85" hits="0" branch="false" />
            <line number="86" hits="0" branch="false" />
            <line number="87" hits="0" branch="false" />
            <line number="88" hits="0" branch="false" />
            <line number="89" hits="0" branch="false" />
            <line number="90" hits="0" branch="false" />
            <line number="91" hits="0" branch="false" />
            <line number="93" hits="36" branch="false" />
            <line number="96" hits="36" branch="false" />
            <line number="97" hits="36" branch="true" condition-coverage="100% (2/2)" />
            <line number="99" hits="30" branch="false" />
            <line number="100" hits="6" branch="false" />
            <line number="102" hits="36" branch="false" />
          </lines>
        </class>
        <class name="ConversorDeNumeros.ConversorRomanoParaIndo" filename="C:\Users\Carlos\source\repos\ConversorDeNumeros\ConversorDeNumeros\ConversorRomanoParaIndo.cs" line-rate="0.58" branch-rate="0.6206896551724138" complexity="24">
          <methods>
            <method name=".ctor" signature="(System.String)" line-rate="1" branch-rate="1" complexity="NaN">
              <lines>
                <line number="14" hits="8" branch="false" />
                <line number="15" hits="8" branch="false" />
                <line number="16" hits="8" branch="false" />
                <line number="17" hits="8" branch="false" />
              </lines>
            </method>
            <method name="Conversor" signature="()" line-rate="0.5094339622641509" branch-rate="0.6428571428571429" complexity="16">
              <lines>
                <line number="20" hits="8" branch="false" />
                <line number="21" hits="8" branch="false" />
                <line number="22" hits="8" branch="false" />
                <line number="24" hits="8" branch="true" condition-coverage="100% (2/2)" />
                <line number="25" hits="7" branch="false" />
                <line number="26" hits="7" branch="true" condition-coverage="100% (2/2)" />
                <line number="27" hits="2" branch="false" />
                <line number="28" hits="2" branch="false" />
                <line number="29" hits="2" branch="false" />
                <line number="30" hits="2" branch="false" />
                <line number="31" hits="5" branch="true" condition-coverage="50% (1/2)" />
                <line number="32" hits="0" branch="false" />
                <line number="33" hits="0" branch="false" />
                <line number="34" hits="0" branch="false" />
                <line number="35" hits="0" branch="false" />
                <line number="36" hits="5" branch="true" condition-coverage="50% (1/2)" />
                <line number="37" hits="0" branch="false" />
                <line number="38" hits="0" branch="false" />
                <line number="39" hits="0" branch="false" />
                <line number="40" hits="0" branch="false" />
                <line number="41" hits="5" branch="true" condition-coverage="50% (1/2)" />
                <line number="42" hits="0" branch="false" />
                <line number="43" hits="0" branch="false" />
                <line number="44" hits="0" branch="false" />
                <line number="45" hits="0" branch="false" />
                <line number="46" hits="5" branch="true" condition-coverage="50% (1/2)" />
                <line number="47" hits="0" branch="false" />
                <line number="48" hits="0" branch="false" />
                <line number="49" hits="0" branch="false" />
                <line number="50" hits="0" branch="false" />
                <line number="51" hits="5" branch="true" condition-coverage="50% (1/2)" />
                <line number="52" hits="0" branch="false" />
                <line number="53" hits="0" branch="false" />
                <line number="54" hits="0" branch="false" />
                <line number="55" hits="0" branch="false" />
                <line number="56" hits="5" branch="true" condition-coverage="50% (1/2)" />
                <line number="57" hits="0" branch="false" />
                <line number="58" hits="0" branch="false" />
                <line number="59" hits="0" branch="false" />
                <line number="60" hits="0" branch="false" />
                <line number="62" hits="45" branch="false" />
                <line number="63" hits="12" branch="false" />
                <line number="64" hits="12" branch="false" />
                <line number="65" hits="12" branch="false" />
                <line number="67" hits="7" branch="true" condition-coverage="100% (4/4)" />
                <line number="68" hits="2" branch="false" />
                <line number="70" hits="7" branch="true" condition-coverage="50% (2/4)" />
                <line number="71" hits="0" branch="false" />
                <line number="73" hits="7" branch="true" condition-coverage="50% (2/4)" />
                <line number="74" hits="0" branch="false" />
                <line number="76" hits="7" branch="false" />
                <line number="79" hits="1" branch="false" />
                <line number="80" hits="8" branch="false" />
              </lines>
            </method>
            <method name="ValidaNumeroRomano" signature="()" line-rate="0.5" branch-rate="0.5714285714285714" complexity="8">
              <lines>
                <line number="83" hits="8" branch="false" />
                <line number="84" hits="8" branch="true" condition-coverage="100% (2/2)" />
                <line number="85" hits="1" branch="false" />
                <line number="86" hits="1" branch="false" />
                <line number="89" hits="7" branch="true" condition-coverage="50% (1/2)" />
                <line number="90" hits="0" branch="false" />
                <line number="91" hits="0" branch="false" />
                <line number="94" hits="7" branch="true" condition-coverage="50% (1/2)" />
                <line number="95" hits="0" branch="false" />
                <line number="96" hits="0" branch="false" />
                <line number="99" hits="7" branch="true" condition-coverage="50% (1/2)" />
                <line number="100" hits="0" branch="false" />
                <line number="101" hits="0" branch="false" />
                <line number="104" hits="7" branch="true" condition-coverage="50% (1/2)" />
                <line number="105" hits="0" branch="false" />
                <line number="106" hits="0" branch="false" />
                <line number="109" hits="7" branch="true" condition-coverage="50% (1/2)" />
                <line number="110" hits="0" branch="false" />
                <line number="111" hits="0" branch="false" />
                <line number="114" hits="7" branch="true" condition-coverage="50% (1/2)" />
                <line number="115" hits="0" branch="false" />
                <line number="116" hits="0" branch="false" />
                <line number="119" hits="7" branch="false" />
                <line number="120" hits="8" branch="false" />
              </lines>
            </method>
            <method name="ConverterLetraParaNumero" signature="(System.Char)" line-rate="0.7894736842105263" branch-rate="0.625" complexity="NaN">
              <lines>
                <line number="123" hits="12" branch="false" />
                <line number="124" hits="12" branch="true" condition-coverage="63% (10/16)" />
                <line number="127" hits="1" branch="false" />
                <line number="128" hits="1" branch="false" />
                <line number="132" hits="0" branch="false" />
                <line number="133" hits="0" branch="false" />
                <line number="137" hits="1" branch="false" />
                <line number="138" hits="1" branch="false" />
                <line number="142" hits="1" branch="false" />
                <line number="143" hits="1" branch="false" />
                <line number="147" hits="4" branch="false" />
                <line number="148" hits="4" branch="false" />
                <line number="152" hits="1" branch="false" />
                <line number="153" hits="1" branch="false" />
                <line number="157" hits="4" branch="false" />
                <line number="158" hits="4" branch="false" />
                <line number="162" hits="0" branch="false" />
                <line number="163" hits="0" branch="false" />
                <line number="167" hits="12" branch="false" />
              </lines>
            </method>
          </methods>
          <lines>
            <line number="14" hits="8" branch="false" />
            <line number="15" hits="8" branch="false" />
            <line number="16" hits="8" branch="false" />
            <line number="17" hits="8" branch="false" />
            <line number="20" hits="8" branch="false" />
            <line number="21" hits="8" branch="false" />
            <line number="22" hits="8" branch="false" />
            <line number="24" hits="8" branch="true" condition-coverage="100% (2/2)" />
            <line number="25" hits="7" branch="false" />
            <line number="26" hits="7" branch="true" condition-coverage="100% (2/2)" />
            <line number="27" hits="2" branch="false" />
            <line number="28" hits="2" branch="false" />
            <line number="29" hits="2" branch="false" />
            <line number="30" hits="2" branch="false" />
            <line number="31" hits="5" branch="true" condition-coverage="50% (1/2)" />
            <line number="32" hits="0" branch="false" />
            <line number="33" hits="0" branch="false" />
            <line number="34" hits="0" branch="false" />
            <line number="35" hits="0" branch="false" />
            <line number="36" hits="5" branch="true" condition-coverage="50% (1/2)" />
            <line number="37" hits="0" branch="false" />
            <line number="38" hits="0" branch="false" />
            <line number="39" hits="0" branch="false" />
            <line number="40" hits="0" branch="false" />
            <line number="41" hits="5" branch="true" condition-coverage="50% (1/2)" />
            <line number="42" hits="0" branch="false" />
            <line number="43" hits="0" branch="false" />
            <line number="44" hits="0" branch="false" />
            <line number="45" hits="0" branch="false" />
            <line number="46" hits="5" branch="true" condition-coverage="50% (1/2)" />
            <line number="47" hits="0" branch="false" />
            <line number="48" hits="0" branch="false" />
            <line number="49" hits="0" branch="false" />
            <line number="50" hits="0" branch="false" />
            <line number="51" hits="5" branch="true" condition-coverage="50% (1/2)" />
            <line number="52" hits="0" branch="false" />
            <line number="53" hits="0" branch="false" />
            <line number="54" hits="0" branch="false" />
            <line number="55" hits="0" branch="false" />
            <line number="56" hits="5" branch="true" condition-coverage="50% (1/2)" />
            <line number="57" hits="0" branch="false" />
            <line number="58" hits="0" branch="false" />
            <line number="59" hits="0" branch="false" />
            <line number="60" hits="0" branch="false" />
            <line number="62" hits="45" branch="false" />
            <line number="63" hits="12" branch="false" />
            <line number="64" hits="12" branch="false" />
            <line number="65" hits="12" branch="false" />
            <line number="67" hits="7" branch="true" condition-coverage="100% (4/4)" />
            <line number="68" hits="2" branch="false" />
            <line number="70" hits="7" branch="true" condition-coverage="50% (2/4)" />
            <line number="71" hits="0" branch="false" />
            <line number="73" hits="7" branch="true" condition-coverage="50% (2/4)" />
            <line number="74" hits="0" branch="false" />
            <line number="76" hits="7" branch="false" />
            <line number="79" hits="1" branch="false" />
            <line number="80" hits="8" branch="false" />
            <line number="83" hits="8" branch="false" />
            <line number="84" hits="8" branch="true" condition-coverage="100% (2/2)" />
            <line number="85" hits="1" branch="false" />
            <line number="86" hits="1" branch="false" />
            <line number="89" hits="7" branch="true" condition-coverage="50% (1/2)" />
            <line number="90" hits="0" branch="false" />
            <line number="91" hits="0" branch="false" />
            <line number="94" hits="7" branch="true" condition-coverage="50% (1/2)" />
            <line number="95" hits="0" branch="false" />
            <line number="96" hits="0" branch="false" />
            <line number="99" hits="7" branch="true" condition-coverage="50% (1/2)" />
            <line number="100" hits="0" branch="false" />
            <line number="101" hits="0" branch="false" />
            <line number="104" hits="7" branch="true" condition-coverage="50% (1/2)" />
            <line number="105" hits="0" branch="false" />
            <line number="106" hits="0" branch="false" />
            <line number="109" hits="7" branch="true" condition-coverage="50% (1/2)" />
            <line number="110" hits="0" branch="false" />
            <line number="111" hits="0" branch="false" />
            <line number="114" hits="7" branch="true" condition-coverage="50% (1/2)" />
            <line number="115" hits="0" branch="false" />
            <line number="116" hits="0" branch="false" />
            <line number="119" hits="7" branch="false" />
            <line number="120" hits="8" branch="false" />
            <line number="123" hits="12" branch="false" />
            <line number="124" hits="12" branch="true" condition-coverage="63% (10/16)" />
            <line number="127" hits="1" branch="false" />
            <line number="128" hits="1" branch="false" />
            <line number="132" hits="0" branch="false" />
            <line number="133" hits="0" branch="false" />
            <line number="137" hits="1" branch="false" />
            <line number="138" hits="1" branch="false" />
            <line number="142" hits="1" branch="false" />
            <line number="143" hits="1" branch="false" />
            <line number="147" hits="4" branch="false" />
            <line number="148" hits="4" branch="false" />
            <line number="152" hits="1" branch="false" />
            <line number="153" hits="1" branch="false" />
            <line number="157" hits="4" branch="false" />
            <line number="158" hits="4" branch="false" />
            <line number="162" hits="0" branch="false" />
            <line number="163" hits="0" branch="false" />
            <line number="167" hits="12" branch="false" />
          </lines>
        </class>
        <class name="ConversorDeNumeros.Extensions.IntExtensions" filename="C:\Users\Carlos\source\repos\ConversorDeNumeros\ConversorDeNumeros\Extensions\IntExtensions.cs" line-rate="1" branch-rate="1" complexity="NaN">
          <methods>
            <method name="ObterUnidade" signature="(System.Int32)" line-rate="1" branch-rate="1" complexity="NaN">
              <lines>
                <line number="12" hits="36" branch="false" />
                <line number="13" hits="36" branch="false" />
                <line number="14" hits="36" branch="false" />
              </lines>
            </method>
            <method name="ObterDezena" signature="(System.Int32)" line-rate="1" branch-rate="1" complexity="NaN">
              <lines>
                <line number="17" hits="36" branch="false" />
                <line number="18" hits="36" branch="false" />
                <line number="19" hits="36" branch="false" />
              </lines>
            </method>
            <method name="ObterCentena" signature="(System.Int32)" line-rate="1" branch-rate="1" complexity="NaN">
              <lines>
                <line number="22" hits="36" branch="false" />
                <line number="23" hits="36" branch="false" />
                <line number="24" hits="36" branch="false" />
              </lines>
            </method>
            <method name="ObterMilhar" signature="(System.Int32)" line-rate="1" branch-rate="1" complexity="NaN">
              <lines>
                <line number="27" hits="36" branch="false" />
                <line number="28" hits="36" branch="false" />
                <line number="29" hits="36" branch="false" />
              </lines>
            </method>
            <method name="ObterDezenaMilhar" signature="(System.Int32)" line-rate="1" branch-rate="1" complexity="NaN">
              <lines>
                <line number="32" hits="36" branch="false" />
                <line number="33" hits="36" branch="false" />
                <line number="34" hits="36" branch="false" />
              </lines>
            </method>
          </methods>
          <lines>
            <line number="12" hits="36" branch="false" />
            <line number="13" hits="36" branch="false" />
            <line number="14" hits="36" branch="false" />
            <line number="17" hits="36" branch="false" />
            <line number="18" hits="36" branch="false" />
            <line number="19" hits="36" branch="false" />
            <line number="22" hits="36" branch="false" />
            <line number="23" hits="36" branch="false" />
            <line number="24" hits="36" branch="false" />
            <line number="27" hits="36" branch="false" />
            <line number="28" hits="36" branch="false" />
            <line number="29" hits="36" branch="false" />
            <line number="32" hits="36" branch="false" />
            <line number="33" hits="36" branch="false" />
            <line number="34" hits="36" branch="false" />
          </lines>
        </class>
        <class name="ConversorDeNumeros.Program" filename="C:\Users\Carlos\source\repos\ConversorDeNumeros\ConversorDeNumeros\Program.cs" line-rate="0" branch-rate="1" complexity="NaN">
          <methods>
            <method name="Main" signature="(System.String[])" line-rate="0" branch-rate="1" complexity="NaN">
              <lines>
                <line number="12" hits="0" branch="false" />
                <line number="13" hits="0" branch="false" />
              </lines>
            </method>
          </methods>
          <lines>
            <line number="12" hits="0" branch="false" />
            <line number="13" hits="0" branch="false" />
          </lines>
        </class>
      </classes>
    </package>
    <package name="ConversorIndoParaRomanoTestes" line-rate="1" branch-rate="1" complexity="20">
      <classes>
        <class name="ConversorIndoParaRomanoTestes.ConversorIndoParaRomanoTestes" filename="C:\Users\Carlos\source\repos\ConversorDeNumeros\ConversorIndoParaRomanoTestes\ConversorIndoParaRomanoTestes.cs" line-rate="1" branch-rate="1" complexity="12">
          <methods>
            <method name="NumeroRomanoUnidade1" signature="()" line-rate="1" branch-rate="1" complexity="1">
              <lines>
                <line number="12" hits="1" branch="false" />
                <line number="13" hits="1" branch="false" />
                <line number="15" hits="1" branch="false" />
                <line number="16" hits="1" branch="false" />
              </lines>
            </method>
            <method name="NumeroRomanoDezena10" signature="()" line-rate="1" branch-rate="1" complexity="1">
              <lines>
                <line number="20" hits="1" branch="false" />
                <line number="21" hits="1" branch="false" />
                <line number="23" hits="1" branch="false" />
                <line number="24" hits="1" branch="false" />
              </lines>
            </method>
            <method name="NumeroRomanoCentena100" signature="()" line-rate="1" branch-rate="1" complexity="1">
              <lines>
                <line number="28" hits="1" branch="false" />
                <line number="29" hits="1" branch="false" />
                <line number="31" hits="1" branch="false" />
                <line number="32" hits="1" branch="false" />
              </lines>
            </method>
            <method name="NumeroRomanoMilhar1000" signature="()" line-rate="1" branch-rate="1" complexity="1">
              <lines>
                <line number="36" hits="1" branch="false" />
                <line number="37" hits="1" branch="false" />
                <line number="39" hits="1" branch="false" />
                <line number="40" hits="1" branch="false" />
              </lines>
            </method>
            <method name="NumeroRomanoDezenaMilhar10000" signature="()" line-rate="1" branch-rate="1" complexity="1">
              <lines>
                <line number="44" hits="1" branch="false" />
                <line number="45" hits="1" branch="false" />
                <line number="47" hits="1" branch="false" />
                <line number="48" hits="1" branch="false" />
              </lines>
            </method>
            <method name="ConversorIndoParaRomano11a15" signature="()" line-rate="1" branch-rate="1" complexity="1">
              <lines>
                <line number="52" hits="1" branch="false" />
                <line number="53" hits="1" branch="false" />
                <line number="54" hits="1" branch="false" />
                <line number="55" hits="1" branch="false" />
                <line number="56" hits="1" branch="false" />
                <line number="57" hits="1" branch="false" />
                <line number="58" hits="1" branch="false" />
                <line number="59" hits="1" branch="false" />
                <line number="60" hits="1" branch="false" />
                <line number="61" hits="1" branch="false" />
                <line number="62" hits="1" branch="false" />
                <line number="63" hits="1" branch="false" />
              </lines>
            </method>
            <method name="ConversorIndoParaRomano16a20" signature="()" line-rate="1" branch-rate="1" complexity="1">
              <lines>
                <line number="67" hits="1" branch="false" />
                <line number="68" hits="1" branch="false" />
                <line number="69" hits="1" branch="false" />
                <line number="70" hits="1" branch="false" />
                <line number="71" hits="1" branch="false" />
                <line number="72" hits="1" branch="false" />
                <line number="73" hits="1" branch="false" />
                <line number="74" hits="1" branch="false" />
                <line number="75" hits="1" branch="false" />
                <line number="76" hits="1" branch="false" />
                <line number="77" hits="1" branch="false" />
                <line number="78" hits="1" branch="false" />
              </lines>
            </method>
            <method name="ConversorIndoParaRomano21a25" signature="()" line-rate="1" branch-rate="1" complexity="1">
              <lines>
                <line number="82" hits="1" branch="false" />
                <line number="83" hits="1" branch="false" />
                <line number="84" hits="1" branch="false" />
                <line number="85" hits="1" branch="false" />
                <line number="86" hits="1" branch="false" />
                <line number="87" hits="1" branch="false" />
                <line number="88" hits="1" branch="false" />
                <line number="89" hits="1" branch="false" />
                <line number="90" hits="1" branch="false" />
                <line number="91" hits="1" branch="false" />
                <line number="92" hits="1" branch="false" />
                <line number="93" hits="1" branch="false" />
              </lines>
            </method>
            <method name="ConversorIndoParaRomano26a30" signature="()" line-rate="1" branch-rate="1" complexity="1">
              <lines>
                <line number="97" hits="1" branch="false" />
                <line number="98" hits="1" branch="false" />
                <line number="99" hits="1" branch="false" />
                <line number="100" hits="1" branch="false" />
                <line number="101" hits="1" branch="false" />
                <line number="102" hits="1" branch="false" />
                <line number="103" hits="1" branch="false" />
                <line number="104" hits="1" branch="false" />
                <line number="105" hits="1" branch="false" />
                <line number="106" hits="1" branch="false" />
                <line number="107" hits="1" branch="false" />
                <line number="108" hits="1" branch="false" />
              </lines>
            </method>
            <method name="ConversorIndoParaRomano101a105" signature="()" line-rate="1" branch-rate="1" complexity="1">
              <lines>
                <line number="112" hits="1" branch="false" />
                <line number="113" hits="1" branch="false" />
                <line number="114" hits="1" branch="false" />
                <line number="115" hits="1" branch="false" />
                <line number="116" hits="1" branch="false" />
                <line number="117" hits="1" branch="false" />
                <line number="118" hits="1" branch="false" />
                <line number="119" hits="1" branch="false" />
                <line number="120" hits="1" branch="false" />
                <line number="121" hits="1" branch="false" />
                <line number="122" hits="1" branch="false" />
                <line number="123" hits="1" branch="false" />
              </lines>
            </method>
            <method name="ConversorIndoParaRomano1001a1005" signature="()" line-rate="1" branch-rate="1" complexity="1">
              <lines>
                <line number="127" hits="1" branch="false" />
                <line number="128" hits="1" branch="false" />
                <line number="129" hits="1" branch="false" />
                <line number="130" hits="1" branch="false" />
                <line number="131" hits="1" branch="false" />
                <line number="132" hits="1" branch="false" />
                <line number="134" hits="1" branch="false" />
                <line number="135" hits="1" branch="false" />
                <line number="136" hits="1" branch="false" />
                <line number="137" hits="1" branch="false" />
                <line number="138" hits="1" branch="false" />
                <line number="139" hits="1" branch="false" />
              </lines>
            </method>
            <method name="ConversorIndoParaRomano10001a10005" signature="()" line-rate="1" branch-rate="1" complexity="1">
              <lines>
                <line number="143" hits="1" branch="false" />
                <line number="144" hits="1" branch="false" />
                <line number="145" hits="1" branch="false" />
                <line number="146" hits="1" branch="false" />
                <line number="147" hits="1" branch="false" />
                <line number="148" hits="1" branch="false" />
                <line number="150" hits="1" branch="false" />
                <line number="151" hits="1" branch="false" />
                <line number="152" hits="1" branch="false" />
                <line number="153" hits="1" branch="false" />
                <line number="154" hits="1" branch="false" />
                <line number="155" hits="1" branch="false" />
              </lines>
            </method>
          </methods>
          <lines>
            <line number="12" hits="1" branch="false" />
            <line number="13" hits="1" branch="false" />
            <line number="15" hits="1" branch="false" />
            <line number="16" hits="1" branch="false" />
            <line number="20" hits="1" branch="false" />
            <line number="21" hits="1" branch="false" />
            <line number="23" hits="1" branch="false" />
            <line number="24" hits="1" branch="false" />
            <line number="28" hits="1" branch="false" />
            <line number="29" hits="1" branch="false" />
            <line number="31" hits="1" branch="false" />
            <line number="32" hits="1" branch="false" />
            <line number="36" hits="1" branch="false" />
            <line number="37" hits="1" branch="false" />
            <line number="39" hits="1" branch="false" />
            <line number="40" hits="1" branch="false" />
            <line number="44" hits="1" branch="false" />
            <line number="45" hits="1" branch="false" />
            <line number="47" hits="1" branch="false" />
            <line number="48" hits="1" branch="false" />
            <line number="52" hits="1" branch="false" />
            <line number="53" hits="1" branch="false" />
            <line number="54" hits="1" branch="false" />
            <line number="55" hits="1" branch="false" />
            <line number="56" hits="1" branch="false" />
            <line number="57" hits="1" branch="false" />
            <line number="58" hits="1" branch="false" />
            <line number="59" hits="1" branch="false" />
            <line number="60" hits="1" branch="false" />
            <line number="61" hits="1" branch="false" />
            <line number="62" hits="1" branch="false" />
            <line number="63" hits="1" branch="false" />
            <line number="67" hits="1" branch="false" />
            <line number="68" hits="1" branch="false" />
            <line number="69" hits="1" branch="false" />
            <line number="70" hits="1" branch="false" />
            <line number="71" hits="1" branch="false" />
            <line number="72" hits="1" branch="false" />
            <line number="73" hits="1" branch="false" />
            <line number="74" hits="1" branch="false" />
            <line number="75" hits="1" branch="false" />
            <line number="76" hits="1" branch="false" />
            <line number="77" hits="1" branch="false" />
            <line number="78" hits="1" branch="false" />
            <line number="82" hits="1" branch="false" />
            <line number="83" hits="1" branch="false" />
            <line number="84" hits="1" branch="false" />
            <line number="85" hits="1" branch="false" />
            <line number="86" hits="1" branch="false" />
            <line number="87" hits="1" branch="false" />
            <line number="88" hits="1" branch="false" />
            <line number="89" hits="1" branch="false" />
            <line number="90" hits="1" branch="false" />
            <line number="91" hits="1" branch="false" />
            <line number="92" hits="1" branch="false" />
            <line number="93" hits="1" branch="false" />
            <line number="97" hits="1" branch="false" />
            <line number="98" hits="1" branch="false" />
            <line number="99" hits="1" branch="false" />
            <line number="100" hits="1" branch="false" />
            <line number="101" hits="1" branch="false" />
            <line number="102" hits="1" branch="false" />
            <line number="103" hits="1" branch="false" />
            <line number="104" hits="1" branch="false" />
            <line number="105" hits="1" branch="false" />
            <line number="106" hits="1" branch="false" />
            <line number="107" hits="1" branch="false" />
            <line number="108" hits="1" branch="false" />
            <line number="112" hits="1" branch="false" />
            <line number="113" hits="1" branch="false" />
            <line number="114" hits="1" branch="false" />
            <line number="115" hits="1" branch="false" />
            <line number="116" hits="1" branch="false" />
            <line number="117" hits="1" branch="false" />
            <line number="118" hits="1" branch="false" />
            <line number="119" hits="1" branch="false" />
            <line number="120" hits="1" branch="false" />
            <line number="121" hits="1" branch="false" />
            <line number="122" hits="1" branch="false" />
            <line number="123" hits="1" branch="false" />
            <line number="127" hits="1" branch="false" />
            <line number="128" hits="1" branch="false" />
            <line number="129" hits="1" branch="false" />
            <line number="130" hits="1" branch="false" />
            <line number="131" hits="1" branch="false" />
            <line number="132" hits="1" branch="false" />
            <line number="134" hits="1" branch="false" />
            <line number="135" hits="1" branch="false" />
            <line number="136" hits="1" branch="false" />
            <line number="137" hits="1" branch="false" />
            <line number="138" hits="1" branch="false" />
            <line number="139" hits="1" branch="false" />
            <line number="143" hits="1" branch="false" />
            <line number="144" hits="1" branch="false" />
            <line number="145" hits="1" branch="false" />
            <line number="146" hits="1" branch="false" />
            <line number="147" hits="1" branch="false" />
            <line number="148" hits="1" branch="false" />
            <line number="150" hits="1" branch="false" />
            <line number="151" hits="1" branch="false" />
            <line number="152" hits="1" branch="false" />
            <line number="153" hits="1" branch="false" />
            <line number="154" hits="1" branch="false" />
            <line number="155" hits="1" branch="false" />
          </lines>
        </class>
        <class name="ConversorIndoParaRomanoTestes.ConversorRomanoParaIndoTestes" filename="C:\Users\Carlos\source\repos\ConversorDeNumeros\ConversorIndoParaRomanoTestes\ConversorRomanoParaIndoTestes.cs" line-rate="1" branch-rate="1" complexity="8">
          <methods>
            <method name="ConversorNumeroRomanoParaIndoI" signature="()" line-rate="1" branch-rate="1" complexity="1">
              <lines>
                <line number="16" hits="1" branch="false" />
                <line number="17" hits="1" branch="false" />
                <line number="19" hits="1" branch="false" />
                <line number="20" hits="1" branch="false" />
              </lines>
            </method>
            <method name="ConversorNumeroRomanoParaIndoXI" signature="()" line-rate="1" branch-rate="1" complexity="1">
              <lines>
                <line number="24" hits="1" branch="false" />
                <line number="25" hits="1" branch="false" />
                <line number="27" hits="1" branch="false" />
                <line number="28" hits="1" branch="false" />
              </lines>
            </method>
            <method name="ConversorNumeroRomanoParaIndoXIV" signature="()" line-rate="1" branch-rate="1" complexity="1">
              <lines>
                <line number="32" hits="1" branch="false" />
                <line number="33" hits="1" branch="false" />
                <line number="35" hits="1" branch="false" />
                <line number="36" hits="1" branch="false" />
              </lines>
            </method>
            <method name="ConversorNumeroRomanoParaIndoMIX" signature="()" line-rate="1" branch-rate="1" complexity="1">
              <lines>
                <line number="40" hits="1" branch="false" />
                <line number="41" hits="1" branch="false" />
                <line number="43" hits="1" branch="false" />
                <line number="44" hits="1" branch="false" />
              </lines>
            </method>
            <method name="ConversorNumeroRomanoParaIndoĪV̄" signature="()" line-rate="1" branch-rate="1" complexity="1">
              <lines>
                <line number="48" hits="1" branch="false" />
                <line number="49" hits="1" branch="false" />
                <line number="51" hits="1" branch="false" />
                <line number="52" hits="1" branch="false" />
              </lines>
            </method>
            <method name="ConversorNumeroRomanoParaIndoĪV̄ĪV̄" signature="()" line-rate="1" branch-rate="1" complexity="1">
              <lines>
                <line number="56" hits="1" branch="false" />
                <line number="57" hits="1" branch="false" />
                <line number="59" hits="1" branch="false" />
                <line number="60" hits="1" branch="false" />
              </lines>
            </method>
            <method name="ConversorNumeroRomanoParaIndoCL" signature="()" line-rate="1" branch-rate="1" complexity="1">
              <lines>
                <line number="64" hits="1" branch="false" />
                <line number="65" hits="1" branch="false" />
                <line number="67" hits="1" branch="false" />
                <line number="68" hits="1" branch="false" />
              </lines>
            </method>
            <method name="ConversorNumeroRomanoParaIndoĪV̄X" signature="()" line-rate="1" branch-rate="1" complexity="1">
              <lines>
                <line number="72" hits="1" branch="false" />
                <line number="73" hits="1" branch="false" />
                <line number="75" hits="1" branch="false" />
                <line number="76" hits="1" branch="false" />
              </lines>
            </method>
          </methods>
          <lines>
            <line number="16" hits="1" branch="false" />
            <line number="17" hits="1" branch="false" />
            <line number="19" hits="1" branch="false" />
            <line number="20" hits="1" branch="false" />
            <line number="24" hits="1" branch="false" />
            <line number="25" hits="1" branch="false" />
            <line number="27" hits="1" branch="false" />
            <line number="28" hits="1" branch="false" />
            <line number="32" hits="1" branch="false" />
            <line number="33" hits="1" branch="false" />
            <line number="35" hits="1" branch="false" />
            <line number="36" hits="1" branch="false" />
            <line number="40" hits="1" branch="false" />
            <line number="41" hits="1" branch="false" />
            <line number="43" hits="1" branch="false" />
            <line number="44" hits="1" branch="false" />
            <line number="48" hits="1" branch="false" />
            <line number="49" hits="1" branch="false" />
            <line number="51" hits="1" branch="false" />
            <line number="52" hits="1" branch="false" />
            <line number="56" hits="1" branch="false" />
            <line number="57" hits="1" branch="false" />
            <line number="59" hits="1" branch="false" />
            <line number="60" hits="1" branch="false" />
            <line number="64" hits="1" branch="false" />
            <line number="65" hits="1" branch="false" />
            <line number="67" hits="1" branch="false" />
            <line number="68" hits="1" branch="false" />
            <line number="72" hits="1" branch="false" />
            <line number="73" hits="1" branch="false" />
            <line number="75" hits="1" branch="false" />
            <line number="76" hits="1" branch="false" />
          </lines>
        </class>
      </classes>
    </package>
  </packages>
</coverage>