<?xml version="1.0" encoding="utf-8"?>
<CoverageSession xmlns:xsd="http://www.w3.org/2001/XMLSchema" xmlns:xsi="http://www.w3.org/2001/XMLSchema-instance" Version="4.7.922.0">
  <Summary numSequencePoints="322" visitedSequencePoints="256" numBranchPoints="137" visitedBranchPoints="92" sequenceCoverage="79.50" branchCoverage="67.15" maxCyclomaticComplexity="16" minCyclomaticComplexity="1" maxCrapScore="41.62" minCrapScore="1" visitedClasses="5" numClasses="6" visitedMethods="36" numMethods="37" />
  <Modules>
    <Module hash="7D-4E-E7-F2-E8-9F-8C-E3-75-3C-76-7C-F5-47-12-FE-71-B4-5E-85">
      <Summary numSequencePoints="136" visitedSequencePoints="136" numBranchPoints="20" visitedBranchPoints="20" sequenceCoverage="100" branchCoverage="100" maxCyclomaticComplexity="1" minCyclomaticComplexity="1" maxCrapScore="2" minCrapScore="1" visitedClasses="2" numClasses="2" visitedMethods="20" numMethods="20" />
      <ModulePath>C:\Users\Carlos\source\repos\ConversorDeNumeros\ConversorIndoParaRomanoTestes\bin\Debug\fine-code-coverage\build-output\ConversorIndoParaRomanoTestes.dll</ModulePath>
      <ModuleTime>2021-06-10T20:03:47.778925Z</ModuleTime>
      <ModuleName>ConversorIndoParaRomanoTestes</ModuleName>
      <Files>
        <File uid="1" fullPath="C:\Users\Carlos\source\repos\ConversorDeNumeros\ConversorIndoParaRomanoTestes\ConversorIndoParaRomanoTestes.cs" />
        <File uid="2" fullPath="C:\Users\Carlos\source\repos\ConversorDeNumeros\ConversorIndoParaRomanoTestes\ConversorRomanoParaIndoTestes.cs" />
      </Files>
      <Classes>
        <Class>
          <Summary numSequencePoints="104" visitedSequencePoints="104" numBranchPoints="12" visitedBranchPoints="12" sequenceCoverage="100" branchCoverage="100" maxCyclomaticComplexity="1" minCyclomaticComplexity="1" maxCrapScore="2" minCrapScore="1" visitedClasses="1" numClasses="1" visitedMethods="12" numMethods="12" />
          <FullName>ConversorIndoParaRomanoTestes.ConversorIndoParaRomanoTestes</FullName>
          <Methods>
            <Method visited="true" cyclomaticComplexity="1" nPathComplexity="0" sequenceCoverage="100" branchCoverage="100" crapScore="1" isConstructor="false" isStatic="false" isGetter="false" isSetter="false">
              <Summary numSequencePoints="4" visitedSequencePoints="4" numBranchPoints="1" visitedBranchPoints="1" sequenceCoverage="100" branchCoverage="100" maxCyclomaticComplexity="1" minCyclomaticComplexity="1" maxCrapScore="1" minCrapScore="1" visitedClasses="0" numClasses="0" visitedMethods="1" numMethods="1" />
              <MetadataToken>100663297</MetadataToken>
              <Name>System.Void ConversorIndoParaRomanoTestes.ConversorIndoParaRomanoTestes::NumeroRomanoUnidade1()</Name>
              <FileRef uid="1" />
              <SequencePoints>
                <SequencePoint vc="1" uspid="1" ordinal="0" offset="0" sl="12" sc="9" el="12" ec="10" bec="0" bev="0" fileid="1" />
                <SequencePoint vc="1" uspid="2" ordinal="1" offset="1" sl="13" sc="13" el="13" ec="76" bec="0" bev="0" fileid="1" />
                <SequencePoint vc="1" uspid="3" ordinal="2" offset="8" sl="15" sc="13" el="15" ec="65" bec="0" bev="0" fileid="1" />
                <SequencePoint vc="1" uspid="4" ordinal="3" offset="25" sl="16" sc="9" el="16" ec="10" bec="0" bev="0" fileid="1" />
              </SequencePoints>
              <BranchPoints />
              <MethodPoint xsi:type="SequencePoint" vc="1" uspid="1" ordinal="0" offset="0" sl="12" sc="9" el="12" ec="10" bec="0" bev="0" fileid="1" />
            </Method>
            <Method visited="true" cyclomaticComplexity="1" nPathComplexity="0" sequenceCoverage="100" branchCoverage="100" crapScore="1" isConstructor="false" isStatic="false" isGetter="false" isSetter="false">
              <Summary numSequencePoints="4" visitedSequencePoints="4" numBranchPoints="1" visitedBranchPoints="1" sequenceCoverage="100" branchCoverage="100" maxCyclomaticComplexity="1" minCyclomaticComplexity="1" maxCrapScore="1" minCrapScore="1" visitedClasses="0" numClasses="0" visitedMethods="1" numMethods="1" />
              <MetadataToken>100663298</MetadataToken>
              <Name>System.Void ConversorIndoParaRomanoTestes.ConversorIndoParaRomanoTestes::NumeroRomanoDezena10()</Name>
              <FileRef uid="1" />
              <SequencePoints>
                <SequencePoint vc="1" uspid="5" ordinal="0" offset="0" sl="20" sc="9" el="20" ec="10" bec="0" bev="0" fileid="1" />
                <SequencePoint vc="1" uspid="6" ordinal="1" offset="1" sl="21" sc="13" el="21" ec="77" bec="0" bev="0" fileid="1" />
                <SequencePoint vc="1" uspid="7" ordinal="2" offset="9" sl="23" sc="13" el="23" ec="64" bec="0" bev="0" fileid="1" />
                <SequencePoint vc="1" uspid="8" ordinal="3" offset="26" sl="24" sc="9" el="24" ec="10" bec="0" bev="0" fileid="1" />
              </SequencePoints>
              <BranchPoints />
              <MethodPoint xsi:type="SequencePoint" vc="1" uspid="5" ordinal="0" offset="0" sl="20" sc="9" el="20" ec="10" bec="0" bev="0" fileid="1" />
            </Method>
            <Method visited="true" cyclomaticComplexity="1" nPathComplexity="0" sequenceCoverage="100" branchCoverage="100" crapScore="1" isConstructor="false" isStatic="false" isGetter="false" isSetter="false">
              <Summary numSequencePoints="4" visitedSequencePoints="4" numBranchPoints="1" visitedBranchPoints="1" sequenceCoverage="100" branchCoverage="100" maxCyclomaticComplexity="1" minCyclomaticComplexity="1" maxCrapScore="1" minCrapScore="1" visitedClasses="0" numClasses="0" visitedMethods="1" numMethods="1" />
              <MetadataToken>100663299</MetadataToken>
              <Name>System.Void ConversorIndoParaRomanoTestes.ConversorIndoParaRomanoTestes::NumeroRomanoCentena100()</Name>
              <FileRef uid="1" />
              <SequencePoints>
                <SequencePoint vc="1" uspid="9" ordinal="0" offset="0" sl="28" sc="9" el="28" ec="10" bec="0" bev="0" fileid="1" />
                <SequencePoint vc="1" uspid="10" ordinal="1" offset="1" sl="29" sc="13" el="29" ec="78" bec="0" bev="0" fileid="1" />
                <SequencePoint vc="1" uspid="11" ordinal="2" offset="9" sl="31" sc="13" el="31" ec="65" bec="0" bev="0" fileid="1" />
                <SequencePoint vc="1" uspid="12" ordinal="3" offset="26" sl="32" sc="9" el="32" ec="10" bec="0" bev="0" fileid="1" />
              </SequencePoints>
              <BranchPoints />
              <MethodPoint xsi:type="SequencePoint" vc="1" uspid="9" ordinal="0" offset="0" sl="28" sc="9" el="28" ec="10" bec="0" bev="0" fileid="1" />
            </Method>
            <Method visited="true" cyclomaticComplexity="1" nPathComplexity="0" sequenceCoverage="100" branchCoverage="100" crapScore="1" isConstructor="false" isStatic="false" isGetter="false" isSetter="false">
              <Summary numSequencePoints="4" visitedSequencePoints="4" numBranchPoints="1" visitedBranchPoints="1" sequenceCoverage="100" branchCoverage="100" maxCyclomaticComplexity="1" minCyclomaticComplexity="1" maxCrapScore="1" minCrapScore="1" visitedClasses="0" numClasses="0" visitedMethods="1" numMethods="1" />
              <MetadataToken>100663300</MetadataToken>
              <Name>System.Void ConversorIndoParaRomanoTestes.ConversorIndoParaRomanoTestes::NumeroRomanoMilhar1000()</Name>
              <FileRef uid="1" />
              <SequencePoints>
                <SequencePoint vc="1" uspid="13" ordinal="0" offset="0" sl="36" sc="9" el="36" ec="10" bec="0" bev="0" fileid="1" />
                <SequencePoint vc="1" uspid="14" ordinal="1" offset="1" sl="37" sc="13" el="37" ec="79" bec="0" bev="0" fileid="1" />
                <SequencePoint vc="1" uspid="15" ordinal="2" offset="12" sl="39" sc="13" el="39" ec="64" bec="0" bev="0" fileid="1" />
                <SequencePoint vc="1" uspid="16" ordinal="3" offset="29" sl="40" sc="9" el="40" ec="10" bec="0" bev="0" fileid="1" />
              </SequencePoints>
              <BranchPoints />
              <MethodPoint xsi:type="SequencePoint" vc="1" uspid="13" ordinal="0" offset="0" sl="36" sc="9" el="36" ec="10" bec="0" bev="0" fileid="1" />
            </Method>
            <Method visited="true" cyclomaticComplexity="1" nPathComplexity="0" sequenceCoverage="100" branchCoverage="100" crapScore="1" isConstructor="false" isStatic="false" isGetter="false" isSetter="false">
              <Summary numSequencePoints="4" visitedSequencePoints="4" numBranchPoints="1" visitedBranchPoints="1" sequenceCoverage="100" branchCoverage="100" maxCyclomaticComplexity="1" minCyclomaticComplexity="1" maxCrapScore="1" minCrapScore="1" visitedClasses="0" numClasses="0" visitedMethods="1" numMethods="1" />
              <MetadataToken>100663301</MetadataToken>
              <Name>System.Void ConversorIndoParaRomanoTestes.ConversorIndoParaRomanoTestes::NumeroRomanoDezenaMilhar10000()</Name>
              <FileRef uid="1" />
              <SequencePoints>
                <SequencePoint vc="1" uspid="17" ordinal="0" offset="0" sl="44" sc="9" el="44" ec="10" bec="0" bev="0" fileid="1" />
                <SequencePoint vc="1" uspid="18" ordinal="1" offset="1" sl="45" sc="13" el="45" ec="80" bec="0" bev="0" fileid="1" />
                <SequencePoint vc="1" uspid="19" ordinal="2" offset="12" sl="47" sc="13" el="47" ec="71" bec="0" bev="0" fileid="1" />
                <SequencePoint vc="1" uspid="20" ordinal="3" offset="29" sl="48" sc="9" el="48" ec="10" bec="0" bev="0" fileid="1" />
              </SequencePoints>
              <BranchPoints />
              <MethodPoint xsi:type="SequencePoint" vc="1" uspid="17" ordinal="0" offset="0" sl="44" sc="9" el="44" ec="10" bec="0" bev="0" fileid="1" />
            </Method>
            <Method visited="true" cyclomaticComplexity="1" nPathComplexity="0" sequenceCoverage="100" branchCoverage="100" crapScore="1" isConstructor="false" isStatic="false" isGetter="false" isSetter="false">
              <Summary numSequencePoints="12" visitedSequencePoints="12" numBranchPoints="1" visitedBranchPoints="1" sequenceCoverage="100" branchCoverage="100" maxCyclomaticComplexity="1" minCyclomaticComplexity="1" maxCrapScore="1" minCrapScore="1" visitedClasses="0" numClasses="0" visitedMethods="1" numMethods="1" />
              <MetadataToken>100663302</MetadataToken>
              <Name>System.Void ConversorIndoParaRomanoTestes.ConversorIndoParaRomanoTestes::ConversorIndoParaRomano11a15()</Name>
              <FileRef uid="1" />
              <SequencePoints>
                <SequencePoint vc="1" uspid="21" ordinal="0" offset="0" sl="52" sc="9" el="52" ec="10" bec="0" bev="0" fileid="1" />
                <SequencePoint vc="1" uspid="22" ordinal="1" offset="1" sl="53" sc="13" el="53" ec="78" bec="0" bev="0" fileid="1" />
                <SequencePoint vc="1" uspid="23" ordinal="2" offset="9" sl="54" sc="13" el="54" ec="78" bec="0" bev="0" fileid="1" />
                <SequencePoint vc="1" uspid="24" ordinal="3" offset="17" sl="55" sc="13" el="55" ec="78" bec="0" bev="0" fileid="1" />
                <SequencePoint vc="1" uspid="25" ordinal="4" offset="25" sl="56" sc="13" el="56" ec="78" bec="0" bev="0" fileid="1" />
                <SequencePoint vc="1" uspid="26" ordinal="5" offset="33" sl="57" sc="13" el="57" ec="78" bec="0" bev="0" fileid="1" />
                <SequencePoint vc="1" uspid="27" ordinal="6" offset="42" sl="58" sc="13" el="58" ec="55" bec="0" bev="0" fileid="1" />
                <SequencePoint vc="1" uspid="28" ordinal="7" offset="59" sl="59" sc="13" el="59" ec="56" bec="0" bev="0" fileid="1" />
                <SequencePoint vc="1" uspid="29" ordinal="8" offset="76" sl="60" sc="13" el="60" ec="57" bec="0" bev="0" fileid="1" />
                <SequencePoint vc="1" uspid="30" ordinal="9" offset="93" sl="61" sc="13" el="61" ec="56" bec="0" bev="0" fileid="1" />
                <SequencePoint vc="1" uspid="31" ordinal="10" offset="110" sl="62" sc="13" el="62" ec="55" bec="0" bev="0" fileid="1" />
                <SequencePoint vc="1" uspid="32" ordinal="11" offset="128" sl="63" sc="9" el="63" ec="10" bec="0" bev="0" fileid="1" />
              </SequencePoints>
              <BranchPoints />
              <MethodPoint xsi:type="SequencePoint" vc="1" uspid="21" ordinal="0" offset="0" sl="52" sc="9" el="52" ec="10" bec="0" bev="0" fileid="1" />
            </Method>
            <Method visited="true" cyclomaticComplexity="1" nPathComplexity="0" sequenceCoverage="100" branchCoverage="100" crapScore="1" isConstructor="false" isStatic="false" isGetter="false" isSetter="false">
              <Summary numSequencePoints="12" visitedSequencePoints="12" numBranchPoints="1" visitedBranchPoints="1" sequenceCoverage="100" branchCoverage="100" maxCyclomaticComplexity="1" minCyclomaticComplexity="1" maxCrapScore="1" minCrapScore="1" visitedClasses="0" numClasses="0" visitedMethods="1" numMethods="1" />
              <MetadataToken>100663303</MetadataToken>
              <Name>System.Void ConversorIndoParaRomanoTestes.ConversorIndoParaRomanoTestes::ConversorIndoParaRomano16a20()</Name>
              <FileRef uid="1" />
              <SequencePoints>
                <SequencePoint vc="1" uspid="33" ordinal="0" offset="0" sl="67" sc="9" el="67" ec="10" bec="0" bev="0" fileid="1" />
                <SequencePoint vc="1" uspid="34" ordinal="1" offset="1" sl="68" sc="13" el="68" ec="78" bec="0" bev="0" fileid="1" />
                <SequencePoint vc="1" uspid="35" ordinal="2" offset="9" sl="69" sc="13" el="69" ec="78" bec="0" bev="0" fileid="1" />
                <SequencePoint vc="1" uspid="36" ordinal="3" offset="17" sl="70" sc="13" el="70" ec="78" bec="0" bev="0" fileid="1" />
                <SequencePoint vc="1" uspid="37" ordinal="4" offset="25" sl="71" sc="13" el="71" ec="78" bec="0" bev="0" fileid="1" />
                <SequencePoint vc="1" uspid="38" ordinal="5" offset="33" sl="72" sc="13" el="72" ec="78" bec="0" bev="0" fileid="1" />
                <SequencePoint vc="1" uspid="39" ordinal="6" offset="42" sl="73" sc="13" el="73" ec="56" bec="0" bev="0" fileid="1" />
                <SequencePoint vc="1" uspid="40" ordinal="7" offset="59" sl="74" sc="13" el="74" ec="57" bec="0" bev="0" fileid="1" />
                <SequencePoint vc="1" uspid="41" ordinal="8" offset="76" sl="75" sc="13" el="75" ec="58" bec="0" bev="0" fileid="1" />
                <SequencePoint vc="1" uspid="42" ordinal="9" offset="93" sl="76" sc="13" el="76" ec="56" bec="0" bev="0" fileid="1" />
                <SequencePoint vc="1" uspid="43" ordinal="10" offset="110" sl="77" sc="13" el="77" ec="55" bec="0" bev="0" fileid="1" />
                <SequencePoint vc="1" uspid="44" ordinal="11" offset="128" sl="78" sc="9" el="78" ec="10" bec="0" bev="0" fileid="1" />
              </SequencePoints>
              <BranchPoints />
              <MethodPoint xsi:type="SequencePoint" vc="1" uspid="33" ordinal="0" offset="0" sl="67" sc="9" el="67" ec="10" bec="0" bev="0" fileid="1" />
            </Method>
            <Method visited="true" cyclomaticComplexity="1" nPathComplexity="0" sequenceCoverage="100" branchCoverage="100" crapScore="1" isConstructor="false" isStatic="false" isGetter="false" isSetter="false">
              <Summary numSequencePoints="12" visitedSequencePoints="12" numBranchPoints="1" visitedBranchPoints="1" sequenceCoverage="100" branchCoverage="100" maxCyclomaticComplexity="1" minCyclomaticComplexity="1" maxCrapScore="1" minCrapScore="1" visitedClasses="0" numClasses="0" visitedMethods="1" numMethods="1" />
              <MetadataToken>100663304</MetadataToken>
              <Name>System.Void ConversorIndoParaRomanoTestes.ConversorIndoParaRomanoTestes::ConversorIndoParaRomano21a25()</Name>
              <FileRef uid="1" />
              <SequencePoints>
                <SequencePoint vc="1" uspid="45" ordinal="0" offset="0" sl="82" sc="9" el="82" ec="10" bec="0" bev="0" fileid="1" />
                <SequencePoint vc="1" uspid="46" ordinal="1" offset="1" sl="83" sc="13" el="83" ec="78" bec="0" bev="0" fileid="1" />
                <SequencePoint vc="1" uspid="47" ordinal="2" offset="9" sl="84" sc="13" el="84" ec="78" bec="0" bev="0" fileid="1" />
                <SequencePoint vc="1" uspid="48" ordinal="3" offset="17" sl="85" sc="13" el="85" ec="78" bec="0" bev="0" fileid="1" />
                <SequencePoint vc="1" uspid="49" ordinal="4" offset="25" sl="86" sc="13" el="86" ec="78" bec="0" bev="0" fileid="1" />
                <SequencePoint vc="1" uspid="50" ordinal="5" offset="33" sl="87" sc="13" el="87" ec="78" bec="0" bev="0" fileid="1" />
                <SequencePoint vc="1" uspid="51" ordinal="6" offset="42" sl="88" sc="13" el="88" ec="56" bec="0" bev="0" fileid="1" />
                <SequencePoint vc="1" uspid="52" ordinal="7" offset="59" sl="89" sc="13" el="89" ec="57" bec="0" bev="0" fileid="1" />
                <SequencePoint vc="1" uspid="53" ordinal="8" offset="76" sl="90" sc="13" el="90" ec="58" bec="0" bev="0" fileid="1" />
                <SequencePoint vc="1" uspid="54" ordinal="9" offset="93" sl="91" sc="13" el="91" ec="57" bec="0" bev="0" fileid="1" />
                <SequencePoint vc="1" uspid="55" ordinal="10" offset="110" sl="92" sc="13" el="92" ec="56" bec="0" bev="0" fileid="1" />
                <SequencePoint vc="1" uspid="56" ordinal="11" offset="128" sl="93" sc="9" el="93" ec="10" bec="0" bev="0" fileid="1" />
              </SequencePoints>
              <BranchPoints />
              <MethodPoint xsi:type="SequencePoint" vc="1" uspid="45" ordinal="0" offset="0" sl="82" sc="9" el="82" ec="10" bec="0" bev="0" fileid="1" />
            </Method>
            <Method visited="true" cyclomaticComplexity="1" nPathComplexity="0" sequenceCoverage="100" branchCoverage="100" crapScore="1" isConstructor="false" isStatic="false" isGetter="false" isSetter="false">
              <Summary numSequencePoints="12" visitedSequencePoints="12" numBranchPoints="1" visitedBranchPoints="1" sequenceCoverage="100" branchCoverage="100" maxCyclomaticComplexity="1" minCyclomaticComplexity="1" maxCrapScore="1" minCrapScore="1" visitedClasses="0" numClasses="0" visitedMethods="1" numMethods="1" />
              <MetadataToken>100663305</MetadataToken>
              <Name>System.Void ConversorIndoParaRomanoTestes.ConversorIndoParaRomanoTestes::ConversorIndoParaRomano26a30()</Name>
              <FileRef uid="1" />
              <SequencePoints>
                <SequencePoint vc="1" uspid="57" ordinal="0" offset="0" sl="97" sc="9" el="97" ec="10" bec="0" bev="0" fileid="1" />
                <SequencePoint vc="1" uspid="58" ordinal="1" offset="1" sl="98" sc="13" el="98" ec="78" bec="0" bev="0" fileid="1" />
                <SequencePoint vc="1" uspid="59" ordinal="2" offset="9" sl="99" sc="13" el="99" ec="78" bec="0" bev="0" fileid="1" />
                <SequencePoint vc="1" uspid="60" ordinal="3" offset="17" sl="100" sc="13" el="100" ec="78" bec="0" bev="0" fileid="1" />
                <SequencePoint vc="1" uspid="61" ordinal="4" offset="25" sl="101" sc="13" el="101" ec="78" bec="0" bev="0" fileid="1" />
                <SequencePoint vc="1" uspid="62" ordinal="5" offset="33" sl="102" sc="13" el="102" ec="78" bec="0" bev="0" fileid="1" />
                <SequencePoint vc="1" uspid="63" ordinal="6" offset="42" sl="103" sc="13" el="103" ec="57" bec="0" bev="0" fileid="1" />
                <SequencePoint vc="1" uspid="64" ordinal="7" offset="59" sl="104" sc="13" el="104" ec="58" bec="0" bev="0" fileid="1" />
                <SequencePoint vc="1" uspid="65" ordinal="8" offset="76" sl="105" sc="13" el="105" ec="59" bec="0" bev="0" fileid="1" />
                <SequencePoint vc="1" uspid="66" ordinal="9" offset="93" sl="106" sc="13" el="106" ec="57" bec="0" bev="0" fileid="1" />
                <SequencePoint vc="1" uspid="67" ordinal="10" offset="110" sl="107" sc="13" el="107" ec="56" bec="0" bev="0" fileid="1" />
                <SequencePoint vc="1" uspid="68" ordinal="11" offset="128" sl="108" sc="9" el="108" ec="10" bec="0" bev="0" fileid="1" />
              </SequencePoints>
              <BranchPoints />
              <MethodPoint xsi:type="SequencePoint" vc="1" uspid="57" ordinal="0" offset="0" sl="97" sc="9" el="97" ec="10" bec="0" bev="0" fileid="1" />
            </Method>
            <Method visited="true" cyclomaticComplexity="1" nPathComplexity="0" sequenceCoverage="100" branchCoverage="100" crapScore="1" isConstructor="false" isStatic="false" isGetter="false" isSetter="false">
              <Summary numSequencePoints="12" visitedSequencePoints="12" numBranchPoints="1" visitedBranchPoints="1" sequenceCoverage="100" branchCoverage="100" maxCyclomaticComplexity="1" minCyclomaticComplexity="1" maxCrapScore="1" minCrapScore="1" visitedClasses="0" numClasses="0" visitedMethods="1" numMethods="1" />
              <MetadataToken>100663306</MetadataToken>
              <Name>System.Void ConversorIndoParaRomanoTestes.ConversorIndoParaRomanoTestes::ConversorIndoParaRomano101a105()</Name>
              <FileRef uid="1" />
              <SequencePoints>
                <SequencePoint vc="1" uspid="69" ordinal="0" offset="0" sl="112" sc="9" el="112" ec="10" bec="0" bev="0" fileid="1" />
                <SequencePoint vc="1" uspid="70" ordinal="1" offset="1" sl="113" sc="13" el="113" ec="79" bec="0" bev="0" fileid="1" />
                <SequencePoint vc="1" uspid="71" ordinal="2" offset="9" sl="114" sc="13" el="114" ec="79" bec="0" bev="0" fileid="1" />
                <SequencePoint vc="1" uspid="72" ordinal="3" offset="17" sl="115" sc="13" el="115" ec="79" bec="0" bev="0" fileid="1" />
                <SequencePoint vc="1" uspid="73" ordinal="4" offset="25" sl="116" sc="13" el="116" ec="79" bec="0" bev="0" fileid="1" />
                <SequencePoint vc="1" uspid="74" ordinal="5" offset="33" sl="117" sc="13" el="117" ec="79" bec="0" bev="0" fileid="1" />
                <SequencePoint vc="1" uspid="75" ordinal="6" offset="42" sl="118" sc="13" el="118" ec="55" bec="0" bev="0" fileid="1" />
                <SequencePoint vc="1" uspid="76" ordinal="7" offset="59" sl="119" sc="13" el="119" ec="56" bec="0" bev="0" fileid="1" />
                <SequencePoint vc="1" uspid="77" ordinal="8" offset="76" sl="120" sc="13" el="120" ec="57" bec="0" bev="0" fileid="1" />
                <SequencePoint vc="1" uspid="78" ordinal="9" offset="93" sl="121" sc="13" el="121" ec="56" bec="0" bev="0" fileid="1" />
                <SequencePoint vc="1" uspid="79" ordinal="10" offset="110" sl="122" sc="13" el="122" ec="55" bec="0" bev="0" fileid="1" />
                <SequencePoint vc="1" uspid="80" ordinal="11" offset="128" sl="123" sc="9" el="123" ec="10" bec="0" bev="0" fileid="1" />
              </SequencePoints>
              <BranchPoints />
              <MethodPoint xsi:type="SequencePoint" vc="1" uspid="69" ordinal="0" offset="0" sl="112" sc="9" el="112" ec="10" bec="0" bev="0" fileid="1" />
            </Method>
            <Method visited="true" cyclomaticComplexity="1" nPathComplexity="0" sequenceCoverage="100" branchCoverage="100" crapScore="1" isConstructor="false" isStatic="false" isGetter="false" isSetter="false">
              <Summary numSequencePoints="12" visitedSequencePoints="12" numBranchPoints="1" visitedBranchPoints="1" sequenceCoverage="100" branchCoverage="100" maxCyclomaticComplexity="1" minCyclomaticComplexity="1" maxCrapScore="1" minCrapScore="1" visitedClasses="0" numClasses="0" visitedMethods="1" numMethods="1" />
              <MetadataToken>100663307</MetadataToken>
              <Name>System.Void ConversorIndoParaRomanoTestes.ConversorIndoParaRomanoTestes::ConversorIndoParaRomano1001a1005()</Name>
              <FileRef uid="1" />
              <SequencePoints>
                <SequencePoint vc="1" uspid="81" ordinal="0" offset="0" sl="127" sc="9" el="127" ec="10" bec="0" bev="0" fileid="1" />
                <SequencePoint vc="1" uspid="82" ordinal="1" offset="1" sl="128" sc="13" el="128" ec="80" bec="0" bev="0" fileid="1" />
                <SequencePoint vc="1" uspid="83" ordinal="2" offset="12" sl="129" sc="13" el="129" ec="80" bec="0" bev="0" fileid="1" />
                <SequencePoint vc="1" uspid="84" ordinal="3" offset="23" sl="130" sc="13" el="130" ec="80" bec="0" bev="0" fileid="1" />
                <SequencePoint vc="1" uspid="85" ordinal="4" offset="34" sl="131" sc="13" el="131" ec="80" bec="0" bev="0" fileid="1" />
                <SequencePoint vc="1" uspid="86" ordinal="5" offset="45" sl="132" sc="13" el="132" ec="80" bec="0" bev="0" fileid="1" />
                <SequencePoint vc="1" uspid="87" ordinal="6" offset="57" sl="134" sc="13" el="134" ec="55" bec="0" bev="0" fileid="1" />
                <SequencePoint vc="1" uspid="88" ordinal="7" offset="74" sl="135" sc="13" el="135" ec="56" bec="0" bev="0" fileid="1" />
                <SequencePoint vc="1" uspid="89" ordinal="8" offset="91" sl="136" sc="13" el="136" ec="57" bec="0" bev="0" fileid="1" />
                <SequencePoint vc="1" uspid="90" ordinal="9" offset="108" sl="137" sc="13" el="137" ec="56" bec="0" bev="0" fileid="1" />
                <SequencePoint vc="1" uspid="91" ordinal="10" offset="125" sl="138" sc="13" el="138" ec="55" bec="0" bev="0" fileid="1" />
                <SequencePoint vc="1" uspid="92" ordinal="11" offset="143" sl="139" sc="9" el="139" ec="10" bec="0" bev="0" fileid="1" />
              </SequencePoints>
              <BranchPoints />
              <MethodPoint xsi:type="SequencePoint" vc="1" uspid="81" ordinal="0" offset="0" sl="127" sc="9" el="127" ec="10" bec="0" bev="0" fileid="1" />
            </Method>
            <Method visited="true" cyclomaticComplexity="1" nPathComplexity="0" sequenceCoverage="100" branchCoverage="100" crapScore="1" isConstructor="false" isStatic="false" isGetter="false" isSetter="false">
              <Summary numSequencePoints="12" visitedSequencePoints="12" numBranchPoints="1" visitedBranchPoints="1" sequenceCoverage="100" branchCoverage="100" maxCyclomaticComplexity="1" minCyclomaticComplexity="1" maxCrapScore="1" minCrapScore="1" visitedClasses="0" numClasses="0" visitedMethods="1" numMethods="1" />
              <MetadataToken>100663308</MetadataToken>
              <Name>System.Void ConversorIndoParaRomanoTestes.ConversorIndoParaRomanoTestes::ConversorIndoParaRomano10001a10005()</Name>
              <FileRef uid="1" />
              <SequencePoints>
                <SequencePoint vc="1" uspid="93" ordinal="0" offset="0" sl="143" sc="9" el="143" ec="10" bec="0" bev="0" fileid="1" />
                <SequencePoint vc="1" uspid="94" ordinal="1" offset="1" sl="144" sc="13" el="144" ec="81" bec="0" bev="0" fileid="1" />
                <SequencePoint vc="1" uspid="95" ordinal="2" offset="12" sl="145" sc="13" el="145" ec="81" bec="0" bev="0" fileid="1" />
                <SequencePoint vc="1" uspid="96" ordinal="3" offset="23" sl="146" sc="13" el="146" ec="81" bec="0" bev="0" fileid="1" />
                <SequencePoint vc="1" uspid="97" ordinal="4" offset="34" sl="147" sc="13" el="147" ec="81" bec="0" bev="0" fileid="1" />
                <SequencePoint vc="1" uspid="98" ordinal="5" offset="45" sl="148" sc="13" el="148" ec="81" bec="0" bev="0" fileid="1" />
                <SequencePoint vc="1" uspid="99" ordinal="6" offset="57" sl="150" sc="13" el="150" ec="56" bec="0" bev="0" fileid="1" />
                <SequencePoint vc="1" uspid="100" ordinal="7" offset="74" sl="151" sc="13" el="151" ec="57" bec="0" bev="0" fileid="1" />
                <SequencePoint vc="1" uspid="101" ordinal="8" offset="91" sl="152" sc="13" el="152" ec="58" bec="0" bev="0" fileid="1" />
                <SequencePoint vc="1" uspid="102" ordinal="9" offset="108" sl="153" sc="13" el="153" ec="57" bec="0" bev="0" fileid="1" />
                <SequencePoint vc="1" uspid="103" ordinal="10" offset="125" sl="154" sc="13" el="154" ec="56" bec="0" bev="0" fileid="1" />
                <SequencePoint vc="1" uspid="104" ordinal="11" offset="143" sl="155" sc="9" el="155" ec="10" bec="0" bev="0" fileid="1" />
              </SequencePoints>
              <BranchPoints />
              <MethodPoint xsi:type="SequencePoint" vc="1" uspid="93" ordinal="0" offset="0" sl="143" sc="9" el="143" ec="10" bec="0" bev="0" fileid="1" />
            </Method>
            <Method visited="false" cyclomaticComplexity="1" nPathComplexity="0" sequenceCoverage="0" branchCoverage="0" crapScore="2" isConstructor="true" isStatic="false" isGetter="false" isSetter="false">
              <Summary numSequencePoints="0" visitedSequencePoints="0" numBranchPoints="0" visitedBranchPoints="0" sequenceCoverage="0" branchCoverage="0" maxCyclomaticComplexity="1" minCyclomaticComplexity="1" maxCrapScore="2" minCrapScore="2" visitedClasses="0" numClasses="0" visitedMethods="0" numMethods="0" />
              <MetadataToken>100663309</MetadataToken>
              <Name>System.Void ConversorIndoParaRomanoTestes.ConversorIndoParaRomanoTestes::.ctor()</Name>
              <SequencePoints />
              <BranchPoints />
              <MethodPoint vc="0" uspid="105" ordinal="0" offset="0" />
            </Method>
          </Methods>
        </Class>
        <Class>
          <Summary numSequencePoints="32" visitedSequencePoints="32" numBranchPoints="8" visitedBranchPoints="8" sequenceCoverage="100" branchCoverage="100" maxCyclomaticComplexity="1" minCyclomaticComplexity="1" maxCrapScore="2" minCrapScore="1" visitedClasses="1" numClasses="1" visitedMethods="8" numMethods="8" />
          <FullName>ConversorIndoParaRomanoTestes.ConversorRomanoParaIndoTestes</FullName>
          <Methods>
            <Method visited="true" cyclomaticComplexity="1" nPathComplexity="0" sequenceCoverage="100" branchCoverage="100" crapScore="1" isConstructor="false" isStatic="false" isGetter="false" isSetter="false">
              <Summary numSequencePoints="4" visitedSequencePoints="4" numBranchPoints="1" visitedBranchPoints="1" sequenceCoverage="100" branchCoverage="100" maxCyclomaticComplexity="1" minCyclomaticComplexity="1" maxCrapScore="1" minCrapScore="1" visitedClasses="0" numClasses="0" visitedMethods="1" numMethods="1" />
              <MetadataToken>100663310</MetadataToken>
              <Name>System.Void ConversorIndoParaRomanoTestes.ConversorRomanoParaIndoTestes::ConversorNumeroRomanoParaIndoI()</Name>
              <FileRef uid="2" />
              <SequencePoints>
                <SequencePoint vc="1" uspid="106" ordinal="0" offset="0" sl="16" sc="9" el="16" ec="10" bec="0" bev="0" fileid="2" />
                <SequencePoint vc="1" uspid="107" ordinal="1" offset="1" sl="17" sc="13" el="17" ec="78" bec="0" bev="0" fileid="2" />
                <SequencePoint vc="1" uspid="108" ordinal="2" offset="12" sl="19" sc="13" el="19" ec="51" bec="0" bev="0" fileid="2" />
                <SequencePoint vc="1" uspid="109" ordinal="3" offset="25" sl="20" sc="9" el="20" ec="10" bec="0" bev="0" fileid="2" />
              </SequencePoints>
              <BranchPoints />
              <MethodPoint xsi:type="SequencePoint" vc="1" uspid="106" ordinal="0" offset="0" sl="16" sc="9" el="16" ec="10" bec="0" bev="0" fileid="2" />
            </Method>
            <Method visited="true" cyclomaticComplexity="1" nPathComplexity="0" sequenceCoverage="100" branchCoverage="100" crapScore="1" isConstructor="false" isStatic="false" isGetter="false" isSetter="false">
              <Summary numSequencePoints="4" visitedSequencePoints="4" numBranchPoints="1" visitedBranchPoints="1" sequenceCoverage="100" branchCoverage="100" maxCyclomaticComplexity="1" minCyclomaticComplexity="1" maxCrapScore="1" minCrapScore="1" visitedClasses="0" numClasses="0" visitedMethods="1" numMethods="1" />
              <MetadataToken>100663311</MetadataToken>
              <Name>System.Void ConversorIndoParaRomanoTestes.ConversorRomanoParaIndoTestes::ConversorNumeroRomanoParaIndoXI()</Name>
              <FileRef uid="2" />
              <SequencePoints>
                <SequencePoint vc="1" uspid="110" ordinal="0" offset="0" sl="24" sc="9" el="24" ec="10" bec="0" bev="0" fileid="2" />
                <SequencePoint vc="1" uspid="111" ordinal="1" offset="1" sl="25" sc="13" el="25" ec="79" bec="0" bev="0" fileid="2" />
                <SequencePoint vc="1" uspid="112" ordinal="2" offset="12" sl="27" sc="13" el="27" ec="52" bec="0" bev="0" fileid="2" />
                <SequencePoint vc="1" uspid="113" ordinal="3" offset="26" sl="28" sc="9" el="28" ec="10" bec="0" bev="0" fileid="2" />
              </SequencePoints>
              <BranchPoints />
              <MethodPoint xsi:type="SequencePoint" vc="1" uspid="110" ordinal="0" offset="0" sl="24" sc="9" el="24" ec="10" bec="0" bev="0" fileid="2" />
            </Method>
            <Method visited="true" cyclomaticComplexity="1" nPathComplexity="0" sequenceCoverage="100" branchCoverage="100" crapScore="1" isConstructor="false" isStatic="false" isGetter="false" isSetter="false">
              <Summary numSequencePoints="4" visitedSequencePoints="4" numBranchPoints="1" visitedBranchPoints="1" sequenceCoverage="100" branchCoverage="100" maxCyclomaticComplexity="1" minCyclomaticComplexity="1" maxCrapScore="1" minCrapScore="1" visitedClasses="0" numClasses="0" visitedMethods="1" numMethods="1" />
              <MetadataToken>100663312</MetadataToken>
              <Name>System.Void ConversorIndoParaRomanoTestes.ConversorRomanoParaIndoTestes::ConversorNumeroRomanoParaIndoXIV()</Name>
              <FileRef uid="2" />
              <SequencePoints>
                <SequencePoint vc="1" uspid="114" ordinal="0" offset="0" sl="32" sc="9" el="32" ec="10" bec="0" bev="0" fileid="2" />
                <SequencePoint vc="1" uspid="115" ordinal="1" offset="1" sl="33" sc="13" el="33" ec="80" bec="0" bev="0" fileid="2" />
                <SequencePoint vc="1" uspid="116" ordinal="2" offset="12" sl="35" sc="13" el="35" ec="52" bec="0" bev="0" fileid="2" />
                <SequencePoint vc="1" uspid="117" ordinal="3" offset="26" sl="36" sc="9" el="36" ec="10" bec="0" bev="0" fileid="2" />
              </SequencePoints>
              <BranchPoints />
              <MethodPoint xsi:type="SequencePoint" vc="1" uspid="114" ordinal="0" offset="0" sl="32" sc="9" el="32" ec="10" bec="0" bev="0" fileid="2" />
            </Method>
            <Method visited="true" cyclomaticComplexity="1" nPathComplexity="0" sequenceCoverage="100" branchCoverage="100" crapScore="1" isConstructor="false" isStatic="false" isGetter="false" isSetter="false">
              <Summary numSequencePoints="4" visitedSequencePoints="4" numBranchPoints="1" visitedBranchPoints="1" sequenceCoverage="100" branchCoverage="100" maxCyclomaticComplexity="1" minCyclomaticComplexity="1" maxCrapScore="1" minCrapScore="1" visitedClasses="0" numClasses="0" visitedMethods="1" numMethods="1" />
              <MetadataToken>100663313</MetadataToken>
              <Name>System.Void ConversorIndoParaRomanoTestes.ConversorRomanoParaIndoTestes::ConversorNumeroRomanoParaIndoMIX()</Name>
              <FileRef uid="2" />
              <SequencePoints>
                <SequencePoint vc="1" uspid="118" ordinal="0" offset="0" sl="40" sc="9" el="40" ec="10" bec="0" bev="0" fileid="2" />
                <SequencePoint vc="1" uspid="119" ordinal="1" offset="1" sl="41" sc="13" el="41" ec="80" bec="0" bev="0" fileid="2" />
                <SequencePoint vc="1" uspid="120" ordinal="2" offset="12" sl="43" sc="13" el="43" ec="54" bec="0" bev="0" fileid="2" />
                <SequencePoint vc="1" uspid="121" ordinal="3" offset="29" sl="44" sc="9" el="44" ec="10" bec="0" bev="0" fileid="2" />
              </SequencePoints>
              <BranchPoints />
              <MethodPoint xsi:type="SequencePoint" vc="1" uspid="118" ordinal="0" offset="0" sl="40" sc="9" el="40" ec="10" bec="0" bev="0" fileid="2" />
            </Method>
            <Method visited="true" cyclomaticComplexity="1" nPathComplexity="0" sequenceCoverage="100" branchCoverage="100" crapScore="1" isConstructor="false" isStatic="false" isGetter="false" isSetter="false">
              <Summary numSequencePoints="4" visitedSequencePoints="4" numBranchPoints="1" visitedBranchPoints="1" sequenceCoverage="100" branchCoverage="100" maxCyclomaticComplexity="1" minCyclomaticComplexity="1" maxCrapScore="1" minCrapScore="1" visitedClasses="0" numClasses="0" visitedMethods="1" numMethods="1" />
              <MetadataToken>100663314</MetadataToken>
              <Name>System.Void ConversorIndoParaRomanoTestes.ConversorRomanoParaIndoTestes::ConversorNumeroRomanoParaIndoĪV̄()</Name>
              <FileRef uid="2" />
              <SequencePoints>
                <SequencePoint vc="1" uspid="122" ordinal="0" offset="0" sl="48" sc="9" el="48" ec="10" bec="0" bev="0" fileid="2" />
                <SequencePoint vc="1" uspid="123" ordinal="1" offset="1" sl="49" sc="13" el="49" ec="80" bec="0" bev="0" fileid="2" />
                <SequencePoint vc="1" uspid="124" ordinal="2" offset="12" sl="51" sc="13" el="51" ec="54" bec="0" bev="0" fileid="2" />
                <SequencePoint vc="1" uspid="125" ordinal="3" offset="29" sl="52" sc="9" el="52" ec="10" bec="0" bev="0" fileid="2" />
              </SequencePoints>
              <BranchPoints />
              <MethodPoint xsi:type="SequencePoint" vc="1" uspid="122" ordinal="0" offset="0" sl="48" sc="9" el="48" ec="10" bec="0" bev="0" fileid="2" />
            </Method>
            <Method visited="true" cyclomaticComplexity="1" nPathComplexity="0" sequenceCoverage="100" branchCoverage="100" crapScore="1" isConstructor="false" isStatic="false" isGetter="false" isSetter="false">
              <Summary numSequencePoints="4" visitedSequencePoints="4" numBranchPoints="1" visitedBranchPoints="1" sequenceCoverage="100" branchCoverage="100" maxCyclomaticComplexity="1" minCyclomaticComplexity="1" maxCrapScore="1" minCrapScore="1" visitedClasses="0" numClasses="0" visitedMethods="1" numMethods="1" />
              <MetadataToken>100663315</MetadataToken>
              <Name>System.Void ConversorIndoParaRomanoTestes.ConversorRomanoParaIndoTestes::ConversorNumeroRomanoParaIndoĪV̄ĪV̄()</Name>
              <FileRef uid="2" />
              <SequencePoints>
                <SequencePoint vc="1" uspid="126" ordinal="0" offset="0" sl="56" sc="9" el="56" ec="10" bec="0" bev="0" fileid="2" />
                <SequencePoint vc="1" uspid="127" ordinal="1" offset="1" sl="57" sc="13" el="57" ec="83" bec="0" bev="0" fileid="2" />
                <SequencePoint vc="1" uspid="128" ordinal="2" offset="12" sl="59" sc="13" el="59" ec="52" bec="0" bev="0" fileid="2" />
                <SequencePoint vc="1" uspid="129" ordinal="3" offset="25" sl="60" sc="9" el="60" ec="10" bec="0" bev="0" fileid="2" />
              </SequencePoints>
              <BranchPoints />
              <MethodPoint xsi:type="SequencePoint" vc="1" uspid="126" ordinal="0" offset="0" sl="56" sc="9" el="56" ec="10" bec="0" bev="0" fileid="2" />
            </Method>
            <Method visited="true" cyclomaticComplexity="1" nPathComplexity="0" sequenceCoverage="100" branchCoverage="100" crapScore="1" isConstructor="false" isStatic="false" isGetter="false" isSetter="false">
              <Summary numSequencePoints="4" visitedSequencePoints="4" numBranchPoints="1" visitedBranchPoints="1" sequenceCoverage="100" branchCoverage="100" maxCyclomaticComplexity="1" minCyclomaticComplexity="1" maxCrapScore="1" minCrapScore="1" visitedClasses="0" numClasses="0" visitedMethods="1" numMethods="1" />
              <MetadataToken>100663316</MetadataToken>
              <Name>System.Void ConversorIndoParaRomanoTestes.ConversorRomanoParaIndoTestes::ConversorNumeroRomanoParaIndoCL()</Name>
              <FileRef uid="2" />
              <SequencePoints>
                <SequencePoint vc="1" uspid="130" ordinal="0" offset="0" sl="64" sc="9" el="64" ec="10" bec="0" bev="0" fileid="2" />
                <SequencePoint vc="1" uspid="131" ordinal="1" offset="1" sl="65" sc="13" el="65" ec="79" bec="0" bev="0" fileid="2" />
                <SequencePoint vc="1" uspid="132" ordinal="2" offset="12" sl="67" sc="13" el="67" ec="53" bec="0" bev="0" fileid="2" />
                <SequencePoint vc="1" uspid="133" ordinal="3" offset="29" sl="68" sc="9" el="68" ec="10" bec="0" bev="0" fileid="2" />
              </SequencePoints>
              <BranchPoints />
              <MethodPoint xsi:type="SequencePoint" vc="1" uspid="130" ordinal="0" offset="0" sl="64" sc="9" el="64" ec="10" bec="0" bev="0" fileid="2" />
            </Method>
            <Method visited="true" cyclomaticComplexity="1" nPathComplexity="0" sequenceCoverage="100" branchCoverage="100" crapScore="1" isConstructor="false" isStatic="false" isGetter="false" isSetter="false">
              <Summary numSequencePoints="4" visitedSequencePoints="4" numBranchPoints="1" visitedBranchPoints="1" sequenceCoverage="100" branchCoverage="100" maxCyclomaticComplexity="1" minCyclomaticComplexity="1" maxCrapScore="1" minCrapScore="1" visitedClasses="0" numClasses="0" visitedMethods="1" numMethods="1" />
              <MetadataToken>100663317</MetadataToken>
              <Name>System.Void ConversorIndoParaRomanoTestes.ConversorRomanoParaIndoTestes::ConversorNumeroRomanoParaIndoĪV̄X()</Name>
              <FileRef uid="2" />
              <SequencePoints>
                <SequencePoint vc="1" uspid="134" ordinal="0" offset="0" sl="72" sc="9" el="72" ec="10" bec="0" bev="0" fileid="2" />
                <SequencePoint vc="1" uspid="135" ordinal="1" offset="1" sl="73" sc="13" el="73" ec="81" bec="0" bev="0" fileid="2" />
                <SequencePoint vc="1" uspid="136" ordinal="2" offset="12" sl="75" sc="13" el="75" ec="54" bec="0" bev="0" fileid="2" />
                <SequencePoint vc="1" uspid="137" ordinal="3" offset="29" sl="76" sc="9" el="76" ec="10" bec="0" bev="0" fileid="2" />
              </SequencePoints>
              <BranchPoints />
              <MethodPoint xsi:type="SequencePoint" vc="1" uspid="134" ordinal="0" offset="0" sl="72" sc="9" el="72" ec="10" bec="0" bev="0" fileid="2" />
            </Method>
            <Method visited="false" cyclomaticComplexity="1" nPathComplexity="0" sequenceCoverage="0" branchCoverage="0" crapScore="2" isConstructor="true" isStatic="false" isGetter="false" isSetter="false">
              <Summary numSequencePoints="0" visitedSequencePoints="0" numBranchPoints="0" visitedBranchPoints="0" sequenceCoverage="0" branchCoverage="0" maxCyclomaticComplexity="1" minCyclomaticComplexity="1" maxCrapScore="2" minCrapScore="2" visitedClasses="0" numClasses="0" visitedMethods="0" numMethods="0" />
              <MetadataToken>100663318</MetadataToken>
              <Name>System.Void ConversorIndoParaRomanoTestes.ConversorRomanoParaIndoTestes::.ctor()</Name>
              <SequencePoints />
              <BranchPoints />
              <MethodPoint vc="0" uspid="138" ordinal="0" offset="0" />
            </Method>
          </Methods>
        </Class>
      </Classes>
    </Module>
    <Module hash="E5-92-5F-FD-2F-71-30-92-33-B0-3B-87-25-27-05-FD-A1-2E-47-FD">
      <Summary numSequencePoints="186" visitedSequencePoints="120" numBranchPoints="117" visitedBranchPoints="72" sequenceCoverage="64.52" branchCoverage="61.54" maxCyclomaticComplexity="16" minCyclomaticComplexity="1" maxCrapScore="41.62" minCrapScore="1" visitedClasses="3" numClasses="4" visitedMethods="16" numMethods="17" />
      <ModulePath>C:\Users\Carlos\source\repos\ConversorDeNumeros\ConversorIndoParaRomanoTestes\bin\Debug\fine-code-coverage\build-output\ConversorDeNumeros.exe</ModulePath>
      <ModuleTime>2021-06-10T19:58:25.854512Z</ModuleTime>
      <ModuleName>ConversorDeNumeros</ModuleName>
      <Files>
        <File uid="5" fullPath="C:\Users\Carlos\source\repos\ConversorDeNumeros\ConversorDeNumeros\ConversorIndoParaRomano.cs" />
        <File uid="6" fullPath="C:\Users\Carlos\source\repos\ConversorDeNumeros\ConversorDeNumeros\ConversorRomanoParaIndo.cs" />
        <File uid="7" fullPath="C:\Users\Carlos\source\repos\ConversorDeNumeros\ConversorDeNumeros\Program.cs" />
        <File uid="8" fullPath="C:\Users\Carlos\source\repos\ConversorDeNumeros\ConversorDeNumeros\Extensions\IntExtensions.cs" />
      </Files>
      <Classes>
        <Class>
          <Summary numSequencePoints="66" visitedSequencePoints="44" numBranchPoints="49" visitedBranchPoints="27" sequenceCoverage="66.67" branchCoverage="55.10" maxCyclomaticComplexity="11" minCyclomaticComplexity="1" maxCrapScore="39.20" minCrapScore="1" visitedClasses="1" numClasses="1" visitedMethods="7" numMethods="7" />
          <FullName>ConversorDeNumeros.ConversorIndoParaRomano</FullName>
          <Methods>
            <Method visited="true" cyclomaticComplexity="1" nPathComplexity="0" sequenceCoverage="100" branchCoverage="100" crapScore="1" isConstructor="true" isStatic="false" isGetter="false" isSetter="false">
              <Summary numSequencePoints="4" visitedSequencePoints="4" numBranchPoints="1" visitedBranchPoints="1" sequenceCoverage="100" branchCoverage="100" maxCyclomaticComplexity="1" minCyclomaticComplexity="1" maxCrapScore="1" minCrapScore="1" visitedClasses="0" numClasses="0" visitedMethods="1" numMethods="1" />
              <MetadataToken>100663297</MetadataToken>
              <Name>System.Void ConversorDeNumeros.ConversorIndoParaRomano::.ctor(System.Int32)</Name>
              <FileRef uid="5" />
              <SequencePoints>
                <SequencePoint vc="40" uspid="139" ordinal="0" offset="0" sl="14" sc="9" el="14" ec="54" bec="0" bev="0" fileid="5" />
                <SequencePoint vc="40" uspid="140" ordinal="1" offset="7" sl="15" sc="9" el="15" ec="10" bec="0" bev="0" fileid="5" />
                <SequencePoint vc="40" uspid="141" ordinal="2" offset="8" sl="16" sc="13" el="16" ec="40" bec="0" bev="0" fileid="5" />
                <SequencePoint vc="40" uspid="142" ordinal="3" offset="15" sl="17" sc="9" el="17" ec="10" bec="0" bev="0" fileid="5" />
              </SequencePoints>
              <BranchPoints />
              <MethodPoint xsi:type="SequencePoint" vc="40" uspid="139" ordinal="0" offset="0" sl="14" sc="9" el="14" ec="54" bec="0" bev="0" fileid="5" />
            </Method>
            <Method visited="true" cyclomaticComplexity="1" nPathComplexity="0" sequenceCoverage="100" branchCoverage="100" crapScore="1" isConstructor="false" isStatic="false" isGetter="false" isSetter="false">
              <Summary numSequencePoints="5" visitedSequencePoints="5" numBranchPoints="1" visitedBranchPoints="1" sequenceCoverage="100" branchCoverage="100" maxCyclomaticComplexity="1" minCyclomaticComplexity="1" maxCrapScore="1" minCrapScore="1" visitedClasses="0" numClasses="0" visitedMethods="1" numMethods="1" />
              <MetadataToken>100663298</MetadataToken>
              <Name>System.String ConversorDeNumeros.ConversorIndoParaRomano::Conversor()</Name>
              <FileRef uid="5" />
              <SequencePoints>
                <SequencePoint vc="35" uspid="143" ordinal="0" offset="0" sl="20" sc="9" el="20" ec="10" bec="0" bev="0" fileid="5" />
                <SequencePoint vc="35" uspid="144" ordinal="1" offset="1" sl="21" sc="13" el="21" ec="38" bec="0" bev="0" fileid="5" />
                <SequencePoint vc="35" uspid="145" ordinal="2" offset="7" sl="22" sc="13" el="22" ec="159" bec="0" bev="0" fileid="5" />
                <SequencePoint vc="35" uspid="146" ordinal="3" offset="64" sl="24" sc="13" el="24" ec="33" bec="0" bev="0" fileid="5" />
                <SequencePoint vc="35" uspid="147" ordinal="4" offset="68" sl="25" sc="9" el="25" ec="10" bec="0" bev="0" fileid="5" />
              </SequencePoints>
              <BranchPoints />
              <MethodPoint xsi:type="SequencePoint" vc="35" uspid="143" ordinal="0" offset="0" sl="20" sc="9" el="20" ec="10" bec="0" bev="0" fileid="5" />
            </Method>
            <Method visited="true" cyclomaticComplexity="11" nPathComplexity="10" sequenceCoverage="100" branchCoverage="100" crapScore="11" isConstructor="false" isStatic="false" isGetter="false" isSetter="false">
              <Summary numSequencePoints="13" visitedSequencePoints="13" numBranchPoints="11" visitedBranchPoints="11" sequenceCoverage="100" branchCoverage="100" maxCyclomaticComplexity="11" minCyclomaticComplexity="11" maxCrapScore="11" minCrapScore="11" visitedClasses="0" numClasses="0" visitedMethods="1" numMethods="1" />
              <MetadataToken>100663299</MetadataToken>
              <Name>System.String ConversorDeNumeros.ConversorIndoParaRomano::numerosRomanosUnidade()</Name>
              <FileRef uid="5" />
              <SequencePoints>
                <SequencePoint vc="36" uspid="148" ordinal="0" offset="0" sl="28" sc="9" el="28" ec="10" bec="0" bev="0" fileid="5" />
                <SequencePoint vc="36" uspid="149" ordinal="1" offset="1" sl="29" sc="13" el="29" ec="46" bec="10" bev="10" fileid="5" />
                <SequencePoint vc="2" uspid="150" ordinal="2" offset="61" sl="31" sc="26" el="31" ec="36" bec="0" bev="0" fileid="5" />
                <SequencePoint vc="6" uspid="151" ordinal="3" offset="69" sl="32" sc="25" el="32" ec="36" bec="0" bev="0" fileid="5" />
                <SequencePoint vc="5" uspid="152" ordinal="4" offset="77" sl="33" sc="25" el="33" ec="37" bec="0" bev="0" fileid="5" />
                <SequencePoint vc="5" uspid="153" ordinal="5" offset="85" sl="34" sc="25" el="34" ec="38" bec="0" bev="0" fileid="5" />
                <SequencePoint vc="5" uspid="154" ordinal="6" offset="93" sl="35" sc="25" el="35" ec="37" bec="0" bev="0" fileid="5" />
                <SequencePoint vc="5" uspid="155" ordinal="7" offset="101" sl="36" sc="25" el="36" ec="36" bec="0" bev="0" fileid="5" />
                <SequencePoint vc="2" uspid="156" ordinal="8" offset="109" sl="37" sc="25" el="37" ec="37" bec="0" bev="0" fileid="5" />
                <SequencePoint vc="2" uspid="157" ordinal="9" offset="117" sl="38" sc="25" el="38" ec="38" bec="0" bev="0" fileid="5" />
                <SequencePoint vc="2" uspid="158" ordinal="10" offset="125" sl="39" sc="25" el="39" ec="39" bec="0" bev="0" fileid="5" />
                <SequencePoint vc="2" uspid="159" ordinal="11" offset="133" sl="40" sc="25" el="40" ec="37" bec="0" bev="0" fileid="5" />
                <SequencePoint vc="36" uspid="160" ordinal="12" offset="141" sl="42" sc="9" el="42" ec="10" bec="0" bev="0" fileid="5" />
              </SequencePoints>
              <BranchPoints>
                <BranchPoint vc="2" uspid="161" ordinal="0" offset="18" sl="29" path="0" offsetchain="59" offsetend="61" fileid="5" />
                <BranchPoint vc="6" uspid="162" ordinal="1" offset="18" sl="29" path="1" offsetend="69" fileid="5" />
                <BranchPoint vc="5" uspid="163" ordinal="2" offset="18" sl="29" path="2" offsetend="77" fileid="5" />
                <BranchPoint vc="5" uspid="164" ordinal="3" offset="18" sl="29" path="3" offsetend="85" fileid="5" />
                <BranchPoint vc="5" uspid="165" ordinal="4" offset="18" sl="29" path="4" offsetend="93" fileid="5" />
                <BranchPoint vc="5" uspid="166" ordinal="5" offset="18" sl="29" path="5" offsetend="101" fileid="5" />
                <BranchPoint vc="2" uspid="167" ordinal="6" offset="18" sl="29" path="6" offsetend="109" fileid="5" />
                <BranchPoint vc="2" uspid="168" ordinal="7" offset="18" sl="29" path="7" offsetend="117" fileid="5" />
                <BranchPoint vc="2" uspid="169" ordinal="8" offset="18" sl="29" path="8" offsetend="125" fileid="5" />
                <BranchPoint vc="2" uspid="170" ordinal="9" offset="18" sl="29" path="9" offsetend="133" fileid="5" />
              </BranchPoints>
              <MethodPoint xsi:type="SequencePoint" vc="36" uspid="148" ordinal="0" offset="0" sl="28" sc="9" el="28" ec="10" bec="0" bev="0" fileid="5" />
            </Method>
            <Method visited="true" cyclomaticComplexity="11" nPathComplexity="10" sequenceCoverage="53.85" branchCoverage="45.45" crapScore="22.89" isConstructor="false" isStatic="false" isGetter="false" isSetter="false">
              <Summary numSequencePoints="13" visitedSequencePoints="7" numBranchPoints="11" visitedBranchPoints="5" sequenceCoverage="53.85" branchCoverage="45.45" maxCyclomaticComplexity="11" minCyclomaticComplexity="11" maxCrapScore="22.89" minCrapScore="22.89" visitedClasses="0" numClasses="0" visitedMethods="1" numMethods="1" />
              <MetadataToken>100663300</MetadataToken>
              <Name>System.String ConversorDeNumeros.ConversorIndoParaRomano::numerosRomanosDezena()</Name>
              <FileRef uid="5" />
              <SequencePoints>
                <SequencePoint vc="36" uspid="171" ordinal="0" offset="0" sl="45" sc="9" el="45" ec="10" bec="0" bev="0" fileid="5" />
                <SequencePoint vc="36" uspid="172" ordinal="1" offset="1" sl="46" sc="13" el="46" ec="44" bec="10" bev="4" fileid="5" />
                <SequencePoint vc="15" uspid="173" ordinal="2" offset="61" sl="48" sc="26" el="48" ec="36" bec="0" bev="0" fileid="5" />
                <SequencePoint vc="10" uspid="174" ordinal="3" offset="69" sl="49" sc="25" el="49" ec="36" bec="0" bev="0" fileid="5" />
                <SequencePoint vc="10" uspid="175" ordinal="4" offset="77" sl="50" sc="25" el="50" ec="37" bec="0" bev="0" fileid="5" />
                <SequencePoint vc="1" uspid="176" ordinal="5" offset="85" sl="51" sc="25" el="51" ec="38" bec="0" bev="0" fileid="5" />
                <SequencePoint vc="0" uspid="177" ordinal="6" offset="93" sl="52" sc="25" el="52" ec="37" bec="0" bev="0" fileid="5" />
                <SequencePoint vc="0" uspid="178" ordinal="7" offset="101" sl="53" sc="25" el="53" ec="36" bec="0" bev="0" fileid="5" />
                <SequencePoint vc="0" uspid="179" ordinal="8" offset="109" sl="54" sc="25" el="54" ec="37" bec="0" bev="0" fileid="5" />
                <SequencePoint vc="0" uspid="180" ordinal="9" offset="117" sl="55" sc="25" el="55" ec="38" bec="0" bev="0" fileid="5" />
                <SequencePoint vc="0" uspid="181" ordinal="10" offset="125" sl="56" sc="25" el="56" ec="39" bec="0" bev="0" fileid="5" />
                <SequencePoint vc="0" uspid="182" ordinal="11" offset="133" sl="57" sc="25" el="57" ec="37" bec="0" bev="0" fileid="5" />
                <SequencePoint vc="36" uspid="183" ordinal="12" offset="141" sl="59" sc="9" el="59" ec="10" bec="0" bev="0" fileid="5" />
              </SequencePoints>
              <BranchPoints>
                <BranchPoint vc="15" uspid="184" ordinal="0" offset="18" sl="46" path="0" offsetchain="59" offsetend="61" fileid="5" />
                <BranchPoint vc="10" uspid="185" ordinal="1" offset="18" sl="46" path="1" offsetend="69" fileid="5" />
                <BranchPoint vc="10" uspid="186" ordinal="2" offset="18" sl="46" path="2" offsetend="77" fileid="5" />
                <BranchPoint vc="1" uspid="187" ordinal="3" offset="18" sl="46" path="3" offsetend="85" fileid="5" />
                <BranchPoint vc="0" uspid="188" ordinal="4" offset="18" sl="46" path="4" offsetend="93" fileid="5" />
                <BranchPoint vc="0" uspid="189" ordinal="5" offset="18" sl="46" path="5" offsetend="101" fileid="5" />
                <BranchPoint vc="0" uspid="190" ordinal="6" offset="18" sl="46" path="6" offsetend="109" fileid="5" />
                <BranchPoint vc="0" uspid="191" ordinal="7" offset="18" sl="46" path="7" offsetend="117" fileid="5" />
                <BranchPoint vc="0" uspid="192" ordinal="8" offset="18" sl="46" path="8" offsetend="125" fileid="5" />
                <BranchPoint vc="0" uspid="193" ordinal="9" offset="18" sl="46" path="9" offsetend="133" fileid="5" />
              </BranchPoints>
              <MethodPoint xsi:type="SequencePoint" vc="36" uspid="171" ordinal="0" offset="0" sl="45" sc="9" el="45" ec="10" bec="0" bev="0" fileid="5" />
            </Method>
            <Method visited="true" cyclomaticComplexity="11" nPathComplexity="10" sequenceCoverage="38.46" branchCoverage="27.27" crapScore="39.20" isConstructor="false" isStatic="false" isGetter="false" isSetter="false">
              <Summary numSequencePoints="13" visitedSequencePoints="5" numBranchPoints="11" visitedBranchPoints="3" sequenceCoverage="38.46" branchCoverage="27.27" maxCyclomaticComplexity="11" minCyclomaticComplexity="11" maxCrapScore="39.20" minCrapScore="39.20" visitedClasses="0" numClasses="0" visitedMethods="1" numMethods="1" />
              <MetadataToken>100663301</MetadataToken>
              <Name>System.String ConversorDeNumeros.ConversorIndoParaRomano::numerosRomanosCentena()</Name>
              <FileRef uid="5" />
              <SequencePoints>
                <SequencePoint vc="36" uspid="194" ordinal="0" offset="0" sl="62" sc="9" el="62" ec="10" bec="0" bev="0" fileid="5" />
                <SequencePoint vc="36" uspid="195" ordinal="1" offset="1" sl="63" sc="13" el="63" ec="46" bec="10" bev="2" fileid="5" />
                <SequencePoint vc="30" uspid="196" ordinal="2" offset="61" sl="65" sc="26" el="65" ec="36" bec="0" bev="0" fileid="5" />
                <SequencePoint vc="6" uspid="197" ordinal="3" offset="69" sl="66" sc="25" el="66" ec="36" bec="0" bev="0" fileid="5" />
                <SequencePoint vc="0" uspid="198" ordinal="4" offset="77" sl="67" sc="25" el="67" ec="37" bec="0" bev="0" fileid="5" />
                <SequencePoint vc="0" uspid="199" ordinal="5" offset="85" sl="68" sc="25" el="68" ec="38" bec="0" bev="0" fileid="5" />
                <SequencePoint vc="0" uspid="200" ordinal="6" offset="93" sl="69" sc="25" el="69" ec="37" bec="0" bev="0" fileid="5" />
                <SequencePoint vc="0" uspid="201" ordinal="7" offset="101" sl="70" sc="25" el="70" ec="36" bec="0" bev="0" fileid="5" />
                <SequencePoint vc="0" uspid="202" ordinal="8" offset="109" sl="71" sc="25" el="71" ec="37" bec="0" bev="0" fileid="5" />
                <SequencePoint vc="0" uspid="203" ordinal="9" offset="117" sl="72" sc="25" el="72" ec="38" bec="0" bev="0" fileid="5" />
                <SequencePoint vc="0" uspid="204" ordinal="10" offset="125" sl="73" sc="25" el="73" ec="39" bec="0" bev="0" fileid="5" />
                <SequencePoint vc="0" uspid="205" ordinal="11" offset="133" sl="74" sc="25" el="74" ec="37" bec="0" bev="0" fileid="5" />
                <SequencePoint vc="36" uspid="206" ordinal="12" offset="141" sl="76" sc="9" el="76" ec="10" bec="0" bev="0" fileid="5" />
              </SequencePoints>
              <BranchPoints>
                <BranchPoint vc="30" uspid="207" ordinal="0" offset="18" sl="63" path="0" offsetchain="59" offsetend="61" fileid="5" />
                <BranchPoint vc="6" uspid="208" ordinal="1" offset="18" sl="63" path="1" offsetend="69" fileid="5" />
                <BranchPoint vc="0" uspid="209" ordinal="2" offset="18" sl="63" path="2" offsetend="77" fileid="5" />
                <BranchPoint vc="0" uspid="210" ordinal="3" offset="18" sl="63" path="3" offsetend="85" fileid="5" />
                <BranchPoint vc="0" uspid="211" ordinal="4" offset="18" sl="63" path="4" offsetend="93" fileid="5" />
                <BranchPoint vc="0" uspid="212" ordinal="5" offset="18" sl="63" path="5" offsetend="101" fileid="5" />
                <BranchPoint vc="0" uspid="213" ordinal="6" offset="18" sl="63" path="6" offsetend="109" fileid="5" />
                <BranchPoint vc="0" uspid="214" ordinal="7" offset="18" sl="63" path="7" offsetend="117" fileid="5" />
                <BranchPoint vc="0" uspid="215" ordinal="8" offset="18" sl="63" path="8" offsetend="125" fileid="5" />
                <BranchPoint vc="0" uspid="216" ordinal="9" offset="18" sl="63" path="9" offsetend="133" fileid="5" />
              </BranchPoints>
              <MethodPoint xsi:type="SequencePoint" vc="36" uspid="194" ordinal="0" offset="0" sl="62" sc="9" el="62" ec="10" bec="0" bev="0" fileid="5" />
            </Method>
            <Method visited="true" cyclomaticComplexity="11" nPathComplexity="10" sequenceCoverage="38.46" branchCoverage="27.27" crapScore="39.20" isConstructor="false" isStatic="false" isGetter="false" isSetter="false">
              <Summary numSequencePoints="13" visitedSequencePoints="5" numBranchPoints="11" visitedBranchPoints="3" sequenceCoverage="38.46" branchCoverage="27.27" maxCyclomaticComplexity="11" minCyclomaticComplexity="11" maxCrapScore="39.20" minCrapScore="39.20" visitedClasses="0" numClasses="0" visitedMethods="1" numMethods="1" />
              <MetadataToken>100663302</MetadataToken>
              <Name>System.String ConversorDeNumeros.ConversorIndoParaRomano::numerosRomanosMilhar()</Name>
              <FileRef uid="5" />
              <SequencePoints>
                <SequencePoint vc="36" uspid="217" ordinal="0" offset="0" sl="79" sc="9" el="79" ec="10" bec="0" bev="0" fileid="5" />
                <SequencePoint vc="36" uspid="218" ordinal="1" offset="1" sl="80" sc="13" el="80" ec="45" bec="10" bev="2" fileid="5" />
                <SequencePoint vc="30" uspid="219" ordinal="2" offset="61" sl="82" sc="26" el="82" ec="36" bec="0" bev="0" fileid="5" />
                <SequencePoint vc="6" uspid="220" ordinal="3" offset="69" sl="83" sc="25" el="83" ec="36" bec="0" bev="0" fileid="5" />
                <SequencePoint vc="0" uspid="221" ordinal="4" offset="77" sl="84" sc="25" el="84" ec="37" bec="0" bev="0" fileid="5" />
                <SequencePoint vc="0" uspid="222" ordinal="5" offset="85" sl="85" sc="25" el="85" ec="38" bec="0" bev="0" fileid="5" />
                <SequencePoint vc="0" uspid="223" ordinal="6" offset="93" sl="86" sc="25" el="86" ec="38" bec="0" bev="0" fileid="5" />
                <SequencePoint vc="0" uspid="224" ordinal="7" offset="101" sl="87" sc="25" el="87" ec="37" bec="0" bev="0" fileid="5" />
                <SequencePoint vc="0" uspid="225" ordinal="8" offset="109" sl="88" sc="25" el="88" ec="38" bec="0" bev="0" fileid="5" />
                <SequencePoint vc="0" uspid="226" ordinal="9" offset="117" sl="89" sc="25" el="89" ec="39" bec="0" bev="0" fileid="5" />
                <SequencePoint vc="0" uspid="227" ordinal="10" offset="125" sl="90" sc="25" el="90" ec="40" bec="0" bev="0" fileid="5" />
                <SequencePoint vc="0" uspid="228" ordinal="11" offset="133" sl="91" sc="25" el="91" ec="38" bec="0" bev="0" fileid="5" />
                <SequencePoint vc="36" uspid="229" ordinal="12" offset="141" sl="93" sc="9" el="93" ec="10" bec="0" bev="0" fileid="5" />
              </SequencePoints>
              <BranchPoints>
                <BranchPoint vc="30" uspid="230" ordinal="0" offset="18" sl="80" path="0" offsetchain="59" offsetend="61" fileid="5" />
                <BranchPoint vc="6" uspid="231" ordinal="1" offset="18" sl="80" path="1" offsetend="69" fileid="5" />
                <BranchPoint vc="0" uspid="232" ordinal="2" offset="18" sl="80" path="2" offsetend="77" fileid="5" />
                <BranchPoint vc="0" uspid="233" ordinal="3" offset="18" sl="80" path="3" offsetend="85" fileid="5" />
                <BranchPoint vc="0" uspid="234" ordinal="4" offset="18" sl="80" path="4" offsetend="93" fileid="5" />
                <BranchPoint vc="0" uspid="235" ordinal="5" offset="18" sl="80" path="5" offsetend="101" fileid="5" />
                <BranchPoint vc="0" uspid="236" ordinal="6" offset="18" sl="80" path="6" offsetend="109" fileid="5" />
                <BranchPoint vc="0" uspid="237" ordinal="7" offset="18" sl="80" path="7" offsetend="117" fileid="5" />
                <BranchPoint vc="0" uspid="238" ordinal="8" offset="18" sl="80" path="8" offsetend="125" fileid="5" />
                <BranchPoint vc="0" uspid="239" ordinal="9" offset="18" sl="80" path="9" offsetend="133" fileid="5" />
              </BranchPoints>
              <MethodPoint xsi:type="SequencePoint" vc="36" uspid="217" ordinal="0" offset="0" sl="79" sc="9" el="79" ec="10" bec="0" bev="0" fileid="5" />
            </Method>
            <Method visited="true" cyclomaticComplexity="2" nPathComplexity="2" sequenceCoverage="100" branchCoverage="100" crapScore="2" isConstructor="false" isStatic="false" isGetter="false" isSetter="false">
              <Summary numSequencePoints="5" visitedSequencePoints="5" numBranchPoints="3" visitedBranchPoints="3" sequenceCoverage="100" branchCoverage="100" maxCyclomaticComplexity="2" minCyclomaticComplexity="2" maxCrapScore="2" minCrapScore="2" visitedClasses="0" numClasses="0" visitedMethods="1" numMethods="1" />
              <MetadataToken>100663303</MetadataToken>
              <Name>System.String ConversorDeNumeros.ConversorIndoParaRomano::numerosRomanosDezenaMilhar()</Name>
              <FileRef uid="5" />
              <SequencePoints>
                <SequencePoint vc="36" uspid="240" ordinal="0" offset="0" sl="96" sc="9" el="96" ec="10" bec="0" bev="0" fileid="5" />
                <SequencePoint vc="36" uspid="241" ordinal="1" offset="1" sl="97" sc="13" el="97" ec="51" bec="2" bev="2" fileid="5" />
                <SequencePoint vc="30" uspid="242" ordinal="2" offset="21" sl="99" sc="26" el="99" ec="36" bec="0" bev="0" fileid="5" />
                <SequencePoint vc="6" uspid="243" ordinal="3" offset="29" sl="100" sc="25" el="100" ec="37" bec="0" bev="0" fileid="5" />
                <SequencePoint vc="36" uspid="244" ordinal="4" offset="37" sl="102" sc="9" el="102" ec="10" bec="0" bev="0" fileid="5" />
              </SequencePoints>
              <BranchPoints>
                <BranchPoint vc="30" uspid="245" ordinal="0" offset="17" sl="97" path="0" offsetchain="19" offsetend="21" fileid="5" />
                <BranchPoint vc="6" uspid="246" ordinal="1" offset="17" sl="97" path="1" offsetend="29" fileid="5" />
              </BranchPoints>
              <MethodPoint xsi:type="SequencePoint" vc="36" uspid="240" ordinal="0" offset="0" sl="96" sc="9" el="96" ec="10" bec="0" bev="0" fileid="5" />
            </Method>
          </Methods>
        </Class>
        <Class>
          <Summary numSequencePoints="103" visitedSequencePoints="61" numBranchPoints="62" visitedBranchPoints="40" sequenceCoverage="59.22" branchCoverage="64.52" maxCyclomaticComplexity="16" minCyclomaticComplexity="1" maxCrapScore="41.62" minCrapScore="1" visitedClasses="1" numClasses="1" visitedMethods="4" numMethods="4" />
          <FullName>ConversorDeNumeros.ConversorRomanoParaIndo</FullName>
          <Methods>
            <Method visited="true" cyclomaticComplexity="1" nPathComplexity="0" sequenceCoverage="100" branchCoverage="100" crapScore="1" isConstructor="true" isStatic="false" isGetter="false" isSetter="false">
              <Summary numSequencePoints="4" visitedSequencePoints="4" numBranchPoints="1" visitedBranchPoints="1" sequenceCoverage="100" branchCoverage="100" maxCyclomaticComplexity="1" minCyclomaticComplexity="1" maxCrapScore="1" minCrapScore="1" visitedClasses="0" numClasses="0" visitedMethods="1" numMethods="1" />
              <MetadataToken>100663304</MetadataToken>
              <Name>System.Void ConversorDeNumeros.ConversorRomanoParaIndo::.ctor(System.String)</Name>
              <FileRef uid="6" />
              <SequencePoints>
                <SequencePoint vc="8" uspid="247" ordinal="0" offset="0" sl="14" sc="9" el="14" ec="59" bec="0" bev="0" fileid="6" />
                <SequencePoint vc="8" uspid="248" ordinal="1" offset="7" sl="15" sc="9" el="15" ec="10" bec="0" bev="0" fileid="6" />
                <SequencePoint vc="8" uspid="249" ordinal="2" offset="8" sl="16" sc="13" el="16" ec="45" bec="0" bev="0" fileid="6" />
                <SequencePoint vc="8" uspid="250" ordinal="3" offset="15" sl="17" sc="9" el="17" ec="10" bec="0" bev="0" fileid="6" />
              </SequencePoints>
              <BranchPoints />
              <MethodPoint xsi:type="SequencePoint" vc="8" uspid="247" ordinal="0" offset="0" sl="14" sc="9" el="14" ec="59" bec="0" bev="0" fileid="6" />
            </Method>
            <Method visited="true" cyclomaticComplexity="16" nPathComplexity="16384" sequenceCoverage="53.57" branchCoverage="65.52" crapScore="41.62" isConstructor="false" isStatic="false" isGetter="false" isSetter="false">
              <Summary numSequencePoints="56" visitedSequencePoints="30" numBranchPoints="29" visitedBranchPoints="19" sequenceCoverage="53.57" branchCoverage="65.52" maxCyclomaticComplexity="16" minCyclomaticComplexity="16" maxCrapScore="41.62" minCrapScore="41.62" visitedClasses="0" numClasses="0" visitedMethods="1" numMethods="1" />
              <MetadataToken>100663305</MetadataToken>
              <Name>System.Int32 ConversorDeNumeros.ConversorRomanoParaIndo::Conversor()</Name>
              <FileRef uid="6" />
              <SequencePoints>
                <SequencePoint vc="8" uspid="251" ordinal="0" offset="0" sl="20" sc="9" el="20" ec="10" bec="0" bev="0" fileid="6" />
                <SequencePoint vc="8" uspid="252" ordinal="1" offset="1" sl="21" sc="13" el="21" ec="51" bec="0" bev="0" fileid="6" />
                <SequencePoint vc="8" uspid="253" ordinal="2" offset="18" sl="22" sc="13" el="22" ec="31" bec="0" bev="0" fileid="6" />
                <SequencePoint vc="8" uspid="254" ordinal="3" offset="20" sl="24" sc="13" el="24" ec="38" bec="2" bev="2" fileid="6" />
                <SequencePoint vc="7" uspid="255" ordinal="4" offset="33" sl="25" sc="13" el="25" ec="14" bec="0" bev="0" fileid="6" />
                <SequencePoint vc="7" uspid="256" ordinal="5" offset="34" sl="26" sc="17" el="26" ec="50" bec="2" bev="2" fileid="6" />
                <SequencePoint vc="2" uspid="257" ordinal="6" offset="54" sl="27" sc="17" el="27" ec="18" bec="0" bev="0" fileid="6" />
                <SequencePoint vc="2" uspid="258" ordinal="7" offset="55" sl="28" sc="21" el="28" ec="62" bec="0" bev="0" fileid="6" />
                <SequencePoint vc="2" uspid="259" ordinal="8" offset="73" sl="29" sc="21" el="29" ec="39" bec="0" bev="0" fileid="6" />
                <SequencePoint vc="2" uspid="260" ordinal="9" offset="81" sl="30" sc="17" el="30" ec="18" bec="0" bev="0" fileid="6" />
                <SequencePoint vc="5" uspid="261" ordinal="10" offset="87" sl="31" sc="22" el="31" ec="54" bec="2" bev="1" fileid="6" />
                <SequencePoint vc="0" uspid="262" ordinal="11" offset="107" sl="32" sc="17" el="32" ec="18" bec="0" bev="0" fileid="6" />
                <SequencePoint vc="0" uspid="263" ordinal="12" offset="108" sl="33" sc="21" el="33" ec="62" bec="0" bev="0" fileid="6" />
                <SequencePoint vc="0" uspid="264" ordinal="13" offset="126" sl="34" sc="21" el="34" ec="39" bec="0" bev="0" fileid="6" />
                <SequencePoint vc="0" uspid="265" ordinal="14" offset="134" sl="35" sc="17" el="35" ec="18" bec="0" bev="0" fileid="6" />
                <SequencePoint vc="5" uspid="266" ordinal="15" offset="140" sl="36" sc="22" el="36" ec="55" bec="2" bev="1" fileid="6" />
                <SequencePoint vc="0" uspid="267" ordinal="16" offset="162" sl="37" sc="17" el="37" ec="18" bec="0" bev="0" fileid="6" />
                <SequencePoint vc="0" uspid="268" ordinal="17" offset="163" sl="38" sc="21" el="38" ec="62" bec="0" bev="0" fileid="6" />
                <SequencePoint vc="0" uspid="269" ordinal="18" offset="181" sl="39" sc="21" el="39" ec="39" bec="0" bev="0" fileid="6" />
                <SequencePoint vc="0" uspid="270" ordinal="19" offset="189" sl="40" sc="17" el="40" ec="18" bec="0" bev="0" fileid="6" />
                <SequencePoint vc="5" uspid="271" ordinal="20" offset="195" sl="41" sc="22" el="41" ec="56" bec="2" bev="1" fileid="6" />
                <SequencePoint vc="0" uspid="272" ordinal="21" offset="217" sl="42" sc="17" el="42" ec="18" bec="0" bev="0" fileid="6" />
                <SequencePoint vc="0" uspid="273" ordinal="22" offset="218" sl="43" sc="21" el="43" ec="62" bec="0" bev="0" fileid="6" />
                <SequencePoint vc="0" uspid="274" ordinal="23" offset="236" sl="44" sc="21" el="44" ec="39" bec="0" bev="0" fileid="6" />
                <SequencePoint vc="0" uspid="275" ordinal="24" offset="244" sl="45" sc="17" el="45" ec="18" bec="0" bev="0" fileid="6" />
                <SequencePoint vc="5" uspid="276" ordinal="25" offset="250" sl="46" sc="22" el="46" ec="57" bec="2" bev="1" fileid="6" />
                <SequencePoint vc="0" uspid="277" ordinal="26" offset="272" sl="47" sc="17" el="47" ec="18" bec="0" bev="0" fileid="6" />
                <SequencePoint vc="0" uspid="278" ordinal="27" offset="273" sl="48" sc="21" el="48" ec="62" bec="0" bev="0" fileid="6" />
                <SequencePoint vc="0" uspid="279" ordinal="28" offset="291" sl="49" sc="21" el="49" ec="39" bec="0" bev="0" fileid="6" />
                <SequencePoint vc="0" uspid="280" ordinal="29" offset="299" sl="50" sc="17" el="50" ec="18" bec="0" bev="0" fileid="6" />
                <SequencePoint vc="5" uspid="281" ordinal="30" offset="302" sl="51" sc="22" el="51" ec="55" bec="2" bev="1" fileid="6" />
                <SequencePoint vc="0" uspid="282" ordinal="31" offset="324" sl="52" sc="17" el="52" ec="18" bec="0" bev="0" fileid="6" />
                <SequencePoint vc="0" uspid="283" ordinal="32" offset="325" sl="53" sc="21" el="53" ec="62" bec="0" bev="0" fileid="6" />
                <SequencePoint vc="0" uspid="284" ordinal="33" offset="343" sl="54" sc="21" el="54" ec="39" bec="0" bev="0" fileid="6" />
                <SequencePoint vc="0" uspid="285" ordinal="34" offset="351" sl="55" sc="17" el="55" ec="18" bec="0" bev="0" fileid="6" />
                <SequencePoint vc="5" uspid="286" ordinal="35" offset="354" sl="56" sc="22" el="56" ec="54" bec="2" bev="1" fileid="6" />
                <SequencePoint vc="0" uspid="287" ordinal="36" offset="376" sl="57" sc="17" el="57" ec="18" bec="0" bev="0" fileid="6" />
                <SequencePoint vc="0" uspid="288" ordinal="37" offset="377" sl="58" sc="21" el="58" ec="62" bec="0" bev="0" fileid="6" />
                <SequencePoint vc="0" uspid="289" ordinal="38" offset="395" sl="59" sc="21" el="59" ec="40" bec="0" bev="0" fileid="6" />
                <SequencePoint vc="0" uspid="290" ordinal="39" offset="403" sl="60" sc="17" el="60" ec="18" bec="0" bev="0" fileid="6" />
                <SequencePoint vc="7" uspid="291" ordinal="40" offset="404" sl="62" sc="17" el="62" ec="24" bec="0" bev="0" fileid="6" />
                <SequencePoint vc="7" uspid="292" ordinal="41" offset="405" sl="62" sc="39" el="62" ec="51" bec="0" bev="0" fileid="6" />
                <SequencePoint vc="12" uspid="293" ordinal="42" offset="418" sl="62" sc="26" el="62" ec="35" bec="0" bev="0" fileid="6" />
                <SequencePoint vc="12" uspid="294" ordinal="43" offset="429" sl="63" sc="17" el="63" ec="18" bec="0" bev="0" fileid="6" />
                <SequencePoint vc="12" uspid="295" ordinal="44" offset="430" sl="64" sc="21" el="64" ec="66" bec="0" bev="0" fileid="6" />
                <SequencePoint vc="12" uspid="296" ordinal="45" offset="441" sl="65" sc="17" el="65" ec="18" bec="0" bev="0" fileid="6" />
                <SequencePoint vc="19" uspid="297" ordinal="46" offset="448" sl="62" sc="36" el="62" ec="38" bec="0" bev="0" fileid="6" />
                <SequencePoint vc="7" uspid="298" ordinal="47" offset="459" sl="67" sc="17" el="67" ec="80" bec="4" bev="4" fileid="6" />
                <SequencePoint vc="2" uspid="299" ordinal="48" offset="502" sl="68" sc="21" el="68" ec="36" bec="0" bev="0" fileid="6" />
                <SequencePoint vc="7" uspid="300" ordinal="49" offset="506" sl="70" sc="17" el="70" ec="80" bec="4" bev="2" fileid="6" />
                <SequencePoint vc="0" uspid="301" ordinal="50" offset="549" sl="71" sc="21" el="71" ec="37" bec="0" bev="0" fileid="6" />
                <SequencePoint vc="7" uspid="302" ordinal="51" offset="554" sl="73" sc="17" el="73" ec="80" bec="4" bev="2" fileid="6" />
                <SequencePoint vc="0" uspid="303" ordinal="52" offset="597" sl="74" sc="21" el="74" ec="38" bec="0" bev="0" fileid="6" />
                <SequencePoint vc="7" uspid="304" ordinal="53" offset="605" sl="76" sc="17" el="76" ec="34" bec="0" bev="0" fileid="6" />
                <SequencePoint vc="1" uspid="305" ordinal="54" offset="610" sl="79" sc="17" el="79" ec="27" bec="0" bev="0" fileid="6" />
                <SequencePoint vc="8" uspid="306" ordinal="55" offset="615" sl="80" sc="9" el="80" ec="10" bec="0" bev="0" fileid="6" />
              </SequencePoints>
              <BranchPoints>
                <BranchPoint vc="7" uspid="307" ordinal="0" offset="28" sl="24" path="0" offsetend="33" fileid="6" />
                <BranchPoint vc="1" uspid="308" ordinal="1" offset="28" sl="24" path="1" offsetend="610" fileid="6" />
                <BranchPoint vc="2" uspid="309" ordinal="2" offset="52" sl="26" path="0" offsetend="54" fileid="6" />
                <BranchPoint vc="5" uspid="310" ordinal="3" offset="52" sl="26" path="1" offsetend="87" fileid="6" />
                <BranchPoint vc="0" uspid="311" ordinal="4" offset="105" sl="31" path="0" offsetend="107" fileid="6" />
                <BranchPoint vc="5" uspid="312" ordinal="5" offset="105" sl="31" path="1" offsetend="140" fileid="6" />
                <BranchPoint vc="0" uspid="313" ordinal="6" offset="160" sl="36" path="0" offsetend="162" fileid="6" />
                <BranchPoint vc="5" uspid="314" ordinal="7" offset="160" sl="36" path="1" offsetend="195" fileid="6" />
                <BranchPoint vc="0" uspid="315" ordinal="8" offset="215" sl="41" path="0" offsetend="217" fileid="6" />
                <BranchPoint vc="5" uspid="316" ordinal="9" offset="215" sl="41" path="1" offsetend="250" fileid="6" />
                <BranchPoint vc="0" uspid="317" ordinal="10" offset="270" sl="46" path="0" offsetend="272" fileid="6" />
                <BranchPoint vc="5" uspid="318" ordinal="11" offset="270" sl="46" path="1" offsetend="302" fileid="6" />
                <BranchPoint vc="0" uspid="319" ordinal="12" offset="322" sl="51" path="0" offsetend="324" fileid="6" />
                <BranchPoint vc="5" uspid="320" ordinal="13" offset="322" sl="51" path="1" offsetend="354" fileid="6" />
                <BranchPoint vc="0" uspid="321" ordinal="14" offset="374" sl="56" path="0" offsetend="376" fileid="6" />
                <BranchPoint vc="5" uspid="322" ordinal="15" offset="374" sl="56" path="1" offsetend="404" fileid="6" />
                <BranchPoint vc="6" uspid="325" ordinal="18" offset="475" sl="67" path="0" offsetend="477" fileid="6" />
                <BranchPoint vc="1" uspid="326" ordinal="19" offset="475" sl="67" path="1" offsetend="495" fileid="6" />
                <BranchPoint vc="2" uspid="327" ordinal="20" offset="500" sl="67" path="0" offsetend="502" fileid="6" />
                <BranchPoint vc="5" uspid="328" ordinal="21" offset="500" sl="67" path="1" offsetend="506" fileid="6" />
                <BranchPoint vc="7" uspid="329" ordinal="22" offset="522" sl="70" path="0" offsetend="524" fileid="6" />
                <BranchPoint vc="0" uspid="330" ordinal="23" offset="522" sl="70" path="1" offsetend="542" fileid="6" />
                <BranchPoint vc="0" uspid="331" ordinal="24" offset="547" sl="70" path="0" offsetend="549" fileid="6" />
                <BranchPoint vc="7" uspid="332" ordinal="25" offset="547" sl="70" path="1" offsetend="554" fileid="6" />
                <BranchPoint vc="7" uspid="333" ordinal="26" offset="570" sl="73" path="0" offsetend="572" fileid="6" />
                <BranchPoint vc="0" uspid="334" ordinal="27" offset="570" sl="73" path="1" offsetend="590" fileid="6" />
                <BranchPoint vc="0" uspid="335" ordinal="28" offset="595" sl="73" path="0" offsetend="597" fileid="6" />
[...]
                <SequencePoint vc="0" uspid="346" ordinal="9" offset="102" sl="96" sc="17" el="96" ec="30" bec="0" bev="0" fileid="6" />
                <SequencePoint vc="7" uspid="347" ordinal="10" offset="109" sl="99" sc="13" el="99" ec="63" bec="2" bev="1" fileid="6" />
                <SequencePoint vc="0" uspid="348" ordinal="11" offset="139" sl="100" sc="13" el="100" ec="14" bec="0" bev="0" fileid="6" />
                <SequencePoint vc="0" uspid="349" ordinal="12" offset="140" sl="101" sc="17" el="101" ec="30" bec="0" bev="0" fileid="6" />
                <SequencePoint vc="7" uspid="350" ordinal="13" offset="144" sl="104" sc="13" el="104" ec="64" bec="2" bev="1" fileid="6" />
                <SequencePoint vc="0" uspid="351" ordinal="14" offset="174" sl="105" sc="13" el="105" ec="14" bec="0" bev="0" fileid="6" />
                <SequencePoint vc="0" uspid="352" ordinal="15" offset="175" sl="106" sc="17" el="106" ec="30" bec="0" bev="0" fileid="6" />
                <SequencePoint vc="7" uspid="353" ordinal="16" offset="179" sl="109" sc="13" el="109" ec="62" bec="2" bev="1" fileid="6" />
                <SequencePoint vc="0" uspid="354" ordinal="17" offset="209" sl="110" sc="13" el="110" ec="14" bec="0" bev="0" fileid="6" />
                <SequencePoint vc="0" uspid="355" ordinal="18" offset="210" sl="111" sc="17" el="111" ec="30" bec="0" bev="0" fileid="6" />
                <SequencePoint vc="7" uspid="356" ordinal="19" offset="214" sl="114" sc="13" el="114" ec="61" bec="2" bev="1" fileid="6" />
                <SequencePoint vc="0" uspid="357" ordinal="20" offset="244" sl="115" sc="13" el="115" ec="14" bec="0" bev="0" fileid="6" />
                <SequencePoint vc="0" uspid="358" ordinal="21" offset="245" sl="116" sc="17" el="116" ec="30" bec="0" bev="0" fileid="6" />
                <SequencePoint vc="7" uspid="359" ordinal="22" offset="249" sl="119" sc="13" el="119" ec="25" bec="0" bev="0" fileid="6" />
                <SequencePoint vc="8" uspid="360" ordinal="23" offset="253" sl="120" sc="9" el="120" ec="10" bec="0" bev="0" fileid="6" />
              </SequencePoints>
              <BranchPoints>
                <BranchPoint vc="1" uspid="361" ordinal="0" offset="27" sl="84" path="0" offsetend="29" fileid="6" />
                <BranchPoint vc="7" uspid="362" ordinal="1" offset="27" sl="84" path="1" offsetend="37" fileid="6" />
                <BranchPoint vc="0" uspid="363" ordinal="2" offset="63" sl="89" path="0" offsetend="65" fileid="6" />
                <BranchPoint vc="7" uspid="364" ordinal="3" offset="63" sl="89" path="1" offsetend="73" fileid="6" />
                <BranchPoint vc="0" uspid="365" ordinal="4" offset="99" sl="94" path="0" offsetend="101" fileid="6" />
                <BranchPoint vc="7" uspid="366" ordinal="5" offset="99" sl="94" path="1" offsetend="109" fileid="6" />
                <BranchPoint vc="0" uspid="367" ordinal="6" offset="137" sl="99" path="0" offsetend="139" fileid="6" />
                <BranchPoint vc="7" uspid="368" ordinal="7" offset="137" sl="99" path="1" offsetend="144" fileid="6" />
                <BranchPoint vc="0" uspid="369" ordinal="8" offset="172" sl="104" path="0" offsetend="174" fileid="6" />
                <BranchPoint vc="7" uspid="370" ordinal="9" offset="172" sl="104" path="1" offsetend="179" fileid="6" />
                <BranchPoint vc="0" uspid="371" ordinal="10" offset="207" sl="109" path="0" offsetend="209" fileid="6" />
                <BranchPoint vc="7" uspid="372" ordinal="11" offset="207" sl="109" path="1" offsetend="214" fileid="6" />
                <BranchPoint vc="0" uspid="373" ordinal="12" offset="242" sl="114" path="0" offsetend="244" fileid="6" />
                <BranchPoint vc="7" uspid="374" ordinal="13" offset="242" sl="114" path="1" offsetend="249" fileid="6" />
              </BranchPoints>
              <MethodPoint xsi:type="SequencePoint" vc="8" uspid="337" ordinal="0" offset="0" sl="83" sc="9" el="83" ec="10" bec="0" bev="0" fileid="6" />
            </Method>
            <Method visited="true" cyclomaticComplexity="11" nPathComplexity="192" sequenceCoverage="78.95" branchCoverage="64.71" crapScore="12.13" isConstructor="false" isStatic="false" isGetter="false" isSetter="false">
              <Summary numSequencePoints="19" visitedSequencePoints="15" numBranchPoints="17" visitedBranchPoints="11" sequenceCoverage="78.95" branchCoverage="64.71" maxCyclomaticComplexity="11" minCyclomaticComplexity="11" maxCrapScore="12.13" minCrapScore="12.13" visitedClasses="0" numClasses="0" visitedMethods="1" numMethods="1" />
              <MetadataToken>100663307</MetadataToken>
              <Name>System.Int32 ConversorDeNumeros.ConversorRomanoParaIndo::ConverterLetraParaNumero(System.Char)</Name>
              <FileRef uid="6" />
              <SequencePoints>
                <SequencePoint vc="12" uspid="375" ordinal="0" offset="0" sl="123" sc="9" el="123" ec="10" bec="0" bev="0" fileid="6" />
                <SequencePoint vc="12" uspid="376" ordinal="1" offset="1" sl="124" sc="13" el="124" ec="28" bec="13" bev="10" fileid="6" />
                <SequencePoint vc="1" uspid="377" ordinal="2" offset="69" sl="127" sc="21" el="127" ec="22" bec="0" bev="0" fileid="6" />
                <SequencePoint vc="1" uspid="378" ordinal="3" offset="70" sl="128" sc="25" el="128" ec="37" bec="0" bev="0" fileid="6" />
                <SequencePoint vc="0" uspid="379" ordinal="4" offset="78" sl="132" sc="21" el="132" ec="22" bec="0" bev="0" fileid="6" />
                <SequencePoint vc="0" uspid="380" ordinal="5" offset="79" sl="133" sc="25" el="133" ec="36" bec="0" bev="0" fileid="6" />
                <SequencePoint vc="1" uspid="381" ordinal="6" offset="87" sl="137" sc="21" el="137" ec="22" bec="0" bev="0" fileid="6" />
                <SequencePoint vc="1" uspid="382" ordinal="7" offset="88" sl="138" sc="25" el="138" ec="36" bec="0" bev="0" fileid="6" />
                <SequencePoint vc="1" uspid="383" ordinal="8" offset="93" sl="142" sc="21" el="142" ec="22" bec="0" bev="0" fileid="6" />
                <SequencePoint vc="1" uspid="384" ordinal="9" offset="94" sl="143" sc="25" el="143" ec="35" bec="0" bev="0" fileid="6" />
                <SequencePoint vc="4" uspid="385" ordinal="10" offset="99" sl="147" sc="21" el="147" ec="22" bec="0" bev="0" fileid="6" />
                <SequencePoint vc="4" uspid="386" ordinal="11" offset="100" sl="148" sc="25" el="148" ec="35" bec="0" bev="0" fileid="6" />
                <SequencePoint vc="1" uspid="387" ordinal="12" offset="105" sl="152" sc="21" el="152" ec="22" bec="0" bev="0" fileid="6" />
                <SequencePoint vc="1" uspid="388" ordinal="13" offset="106" sl="153" sc="25" el="153" ec="34" bec="0" bev="0" fileid="6" />
                <SequencePoint vc="4" uspid="389" ordinal="14" offset="110" sl="157" sc="21" el="157" ec="22" bec="0" bev="0" fileid="6" />
                <SequencePoint vc="4" uspid="390" ordinal="15" offset="111" sl="158" sc="25" el="158" ec="34" bec="0" bev="0" fileid="6" />
                <SequencePoint vc="0" uspid="391" ordinal="16" offset="115" sl="162" sc="21" el="162" ec="22" bec="0" bev="0" fileid="6" />
                <SequencePoint vc="0" uspid="392" ordinal="17" offset="116" sl="163" sc="25" el="163" ec="34" bec="0" bev="0" fileid="6" />
                <SequencePoint vc="12" uspid="393" ordinal="18" offset="120" sl="167" sc="9" el="167" ec="10" bec="0" bev="0" fileid="6" />
              </SequencePoints>
              <BranchPoints>
                <BranchPoint vc="1" uspid="394" ordinal="0" offset="8" sl="124" path="0" offsetend="10" fileid="6" />
                <BranchPoint vc="11" uspid="395" ordinal="1" offset="8" sl="124" path="1" offsetend="24" fileid="6" />
                <BranchPoint vc="0" uspid="396" ordinal="2" offset="13" sl="124" path="0" offsetchain="15" offsetend="17" fileid="6" />
                <BranchPoint vc="1" uspid="397" ordinal="3" offset="13" sl="124" path="1" offsetend="87" fileid="6" />
                <BranchPoint vc="0" uspid="398" ordinal="4" offset="20" sl="124" path="0" offsetchain="22" offsetend="115" fileid="6" />
                <BranchPoint vc="0" uspid="399" ordinal="5" offset="20" sl="124" path="1" offsetend="78" fileid="6" />
                <BranchPoint vc="5" uspid="400" ordinal="6" offset="28" sl="124" path="0" offsetchain="53" offsetend="55" fileid="6" />
                <BranchPoint vc="4" uspid="401" ordinal="7" offset="28" sl="124" path="1" offsetend="110" fileid="6" />
                <BranchPoint vc="0" uspid="402" ordinal="8" offset="28" sl="124" path="2" offsetend="115" fileid="6" />
                <BranchPoint vc="0" uspid="403" ordinal="9" offset="28" sl="124" path="3" offsetend="115" fileid="6" />
                <BranchPoint vc="1" uspid="404" ordinal="10" offset="28" sl="124" path="4" offsetend="93" fileid="6" />
                <BranchPoint vc="1" uspid="405" ordinal="11" offset="28" sl="124" path="5" offsetend="69" fileid="6" />
                <BranchPoint vc="4" uspid="406" ordinal="12" offset="58" sl="124" path="0" offsetchain="60" offsetend="62" fileid="6" />
                <BranchPoint vc="1" uspid="407" ordinal="13" offset="58" sl="124" path="1" offsetend="105" fileid="6" />
                <BranchPoint vc="0" uspid="408" ordinal="14" offset="65" sl="124" path="0" offsetchain="67" offsetend="115" fileid="6" />
                <BranchPoint vc="4" uspid="409" ordinal="15" offset="65" sl="124" path="1" offsetend="99" fileid="6" />
              </BranchPoints>
              <MethodPoint xsi:type="SequencePoint" vc="12" uspid="375" ordinal="0" offset="0" sl="123" sc="9" el="123" ec="10" bec="0" bev="0" fileid="6" />
            </Method>
          </Methods>
        </Class>
        <Class>
          <Summary numSequencePoints="2" visitedSequencePoints="0" numBranchPoints="1" visitedBranchPoints="0" sequenceCoverage="0" branchCoverage="0" maxCyclomaticComplexity="1" minCyclomaticComplexity="1" maxCrapScore="2" minCrapScore="2" visitedClasses="0" numClasses="1" visitedMethods="0" numMethods="1" />
          <FullName>ConversorDeNumeros.Program</FullName>
          <Methods>
            <Method visited="false" cyclomaticComplexity="1" nPathComplexity="0" sequenceCoverage="0" branchCoverage="0" crapScore="2" isConstructor="false" isStatic="true" isGetter="false" isSetter="false">
              <Summary numSequencePoints="2" visitedSequencePoints="0" numBranchPoints="1" visitedBranchPoints="0" sequenceCoverage="0" branchCoverage="0" maxCyclomaticComplexity="1" minCyclomaticComplexity="1" maxCrapScore="2" minCrapScore="2" visitedClasses="0" numClasses="0" visitedMethods="0" numMethods="1" />
              <MetadataToken>100663308</MetadataToken>
              <Name>System.Void ConversorDeNumeros.Program::Main(System.String[])</Name>
              <FileRef uid="7" />
              <SequencePoints>
                <SequencePoint vc="0" uspid="410" ordinal="0" offset="0" sl="12" sc="9" el="12" ec="10" bec="0" bev="0" fileid="7" />
                <SequencePoint vc="0" uspid="411" ordinal="1" offset="1" sl="13" sc="9" el="13" ec="10" bec="0" bev="0" fileid="7" />
              </SequencePoints>
              <BranchPoints />
              <MethodPoint xsi:type="SequencePoint" vc="0" uspid="410" ordinal="0" offset="0" sl="12" sc="9" el="12" ec="10" bec="0" bev="0" fileid="7" />
            </Method>
            <Method visited="false" cyclomaticComplexity="1" nPathComplexity="0" sequenceCoverage="0" branchCoverage="0" crapScore="2" isConstructor="true" isStatic="false" isGetter="false" isSetter="false">
              <Summary numSequencePoints="0" visitedSequencePoints="0" numBranchPoints="0" visitedBranchPoints="0" sequenceCoverage="0" branchCoverage="0" maxCyclomaticComplexity="1" minCyclomaticComplexity="1" maxCrapScore="2" minCrapScore="2" visitedClasses="0" numClasses="0" visitedMethods="0" numMethods="0" />
              <MetadataToken>100663309</MetadataToken>
              <Name>System.Void ConversorDeNumeros.Program::.ctor()</Name>
              <SequencePoints />
              <BranchPoints />
              <MethodPoint vc="0" uspid="412" ordinal="0" offset="0" />
            </Method>
          </Methods>
        </Class>
        <Class>
          <Summary numSequencePoints="15" visitedSequencePoints="15" numBranchPoints="5" visitedBranchPoints="5" sequenceCoverage="100" branchCoverage="100" maxCyclomaticComplexity="1" minCyclomaticComplexity="1" maxCrapScore="1" minCrapScore="1" visitedClasses="1" numClasses="1" visitedMethods="5" numMethods="5" />
          <FullName>ConversorDeNumeros.Extensions.IntExtensions</FullName>
          <Methods>
            <Method visited="true" cyclomaticComplexity="1" nPathComplexity="0" sequenceCoverage="100" branchCoverage="100" crapScore="1" isConstructor="false" isStatic="true" isGetter="false" isSetter="false">
              <Summary numSequencePoints="3" visitedSequencePoints="3" numBranchPoints="1" visitedBranchPoints="1" sequenceCoverage="100" branchCoverage="100" maxCyclomaticComplexity="1" minCyclomaticComplexity="1" maxCrapScore="1" minCrapScore="1" visitedClasses="0" numClasses="0" visitedMethods="1" numMethods="1" />
              <MetadataToken>100663310</MetadataToken>
              <Name>System.Int32 ConversorDeNumeros.Extensions.IntExtensions::ObterUnidade(System.Int32)</Name>
              <FileRef uid="8" />
              <SequencePoints>
                <SequencePoint vc="36" uspid="413" ordinal="0" offset="0" sl="12" sc="9" el="12" ec="10" bec="0" bev="0" fileid="8" />
                <SequencePoint vc="36" uspid="414" ordinal="1" offset="1" sl="13" sc="13" el="13" ec="41" bec="0" bev="0" fileid="8" />
                <SequencePoint vc="36" uspid="415" ordinal="2" offset="11" sl="14" sc="9" el="14" ec="10" bec="0" bev="0" fileid="8" />
              </SequencePoints>
              <BranchPoints />
              <MethodPoint xsi:type="SequencePoint" vc="36" uspid="413" ordinal="0" offset="0" sl="12" sc="9" el="12" ec="10" bec="0" bev="0" fileid="8" />
            </Method>
            <Method visited="true" cyclomaticComplexity="1" nPathComplexity="0" sequenceCoverage="100" branchCoverage="100" crapScore="1" isConstructor="false" isStatic="true" isGetter="false" isSetter="false">
              <Summary numSequencePoints="3" visitedSequencePoints="3" numBranchPoints="1" visitedBranchPoints="1" sequenceCoverage="100" branchCoverage="100" maxCyclomaticComplexity="1" minCyclomaticComplexity="1" maxCrapScore="1" minCrapScore="1" visitedClasses="0" numClasses="0" visitedMethods="1" numMethods="1" />
              <MetadataToken>100663311</MetadataToken>
              <Name>System.Int32 ConversorDeNumeros.Extensions.IntExtensions::ObterDezena(System.Int32)</Name>
              <FileRef uid="8" />
              <SequencePoints>
                <SequencePoint vc="36" uspid="416" ordinal="0" offset="0" sl="17" sc="9" el="17" ec="10" bec="0" bev="0" fileid="8" />
                <SequencePoint vc="36" uspid="417" ordinal="1" offset="1" sl="18" sc="13" el="18" ec="40" bec="0" bev="0" fileid="8" />
                <SequencePoint vc="36" uspid="418" ordinal="2" offset="11" sl="19" sc="9" el="19" ec="10" bec="0" bev="0" fileid="8" />
              </SequencePoints>
              <BranchPoints />
              <MethodPoint xsi:type="SequencePoint" vc="36" uspid="416" ordinal="0" offset="0" sl="17" sc="9" el="17" ec="10" bec="0" bev="0" fileid="8" />
            </Method>
            <Method visited="true" cyclomaticComplexity="1" nPathComplexity="0" sequenceCoverage="100" branchCoverage="100" crapScore="1" isConstructor="false" isStatic="true" isGetter="false" isSetter="false">
              <Summary numSequencePoints="3" visitedSequencePoints="3" numBranchPoints="1" visitedBranchPoints="1" sequenceCoverage="100" branchCoverage="100" maxCyclomaticComplexity="1" minCyclomaticComplexity="1" maxCrapScore="1" minCrapScore="1" visitedClasses="0" numClasses="0" visitedMethods="1" numMethods="1" />
              <MetadataToken>100663312</MetadataToken>
              <Name>System.Int32 ConversorDeNumeros.Extensions.IntExtensions::ObterCentena(System.Int32)</Name>
              <FileRef uid="8" />
              <SequencePoints>
                <SequencePoint vc="36" uspid="419" ordinal="0" offset="0" sl="22" sc="9" el="22" ec="10" bec="0" bev="0" fileid="8" />
                <SequencePoint vc="36" uspid="420" ordinal="1" offset="1" sl="23" sc="13" el="23" ec="43" bec="0" bev="0" fileid="8" />
                <SequencePoint vc="36" uspid="421" ordinal="2" offset="14" sl="24" sc="9" el="24" ec="10" bec="0" bev="0" fileid="8" />
              </SequencePoints>
              <BranchPoints />
              <MethodPoint xsi:type="SequencePoint" vc="36" uspid="419" ordinal="0" offset="0" sl="22" sc="9" el="22" ec="10" bec="0" bev="0" fileid="8" />
            </Method>
            <Method visited="true" cyclomaticComplexity="1" nPathComplexity="0" sequenceCoverage="100" branchCoverage="100" crapScore="1" isConstructor="false" isStatic="true" isGetter="false" isSetter="false">
              <Summary numSequencePoints="3" visitedSequencePoints="3" numBranchPoints="1" visitedBranchPoints="1" sequenceCoverage="100" branchCoverage="100" maxCyclomaticComplexity="1" minCyclomaticComplexity="1" maxCrapScore="1" minCrapScore="1" visitedClasses="0" numClasses="0" visitedMethods="1" numMethods="1" />
              <MetadataToken>100663313</MetadataToken>
              <Name>System.Int32 ConversorDeNumeros.Extensions.IntExtensions::ObterMilhar(System.Int32)</Name>
              <FileRef uid="8" />
              <SequencePoints>
                <SequencePoint vc="36" uspid="422" ordinal="0" offset="0" sl="27" sc="9" el="27" ec="10" bec="0" bev="0" fileid="8" />
                <SequencePoint vc="36" uspid="423" ordinal="1" offset="1" sl="28" sc="13" el="28" ec="44" bec="0" bev="0" fileid="8" />
                <SequencePoint vc="36" uspid="424" ordinal="2" offset="17" sl="29" sc="9" el="29" ec="10" bec="0" bev="0" fileid="8" />
              </SequencePoints>
              <BranchPoints />
              <MethodPoint xsi:type="SequencePoint" vc="36" uspid="422" ordinal="0" offset="0" sl="27" sc="9" el="27" ec="10" bec="0" bev="0" fileid="8" />
            </Method>
            <Method visited="true" cyclomaticComplexity="1" nPathComplexity="0" sequenceCoverage="100" branchCoverage="100" crapScore="1" isConstructor="false" isStatic="true" isGetter="false" isSetter="false">
              <Summary numSequencePoints="3" visitedSequencePoints="3" numBranchPoints="1" visitedBranchPoints="1" sequenceCoverage="100" branchCoverage="100" maxCyclomaticComplexity="1" minCyclomaticComplexity="1" maxCrapScore="1" minCrapScore="1" visitedClasses="0" numClasses="0" visitedMethods="1" numMethods="1" />
              <MetadataToken>100663314</MetadataToken>
              <Name>System.Int32 ConversorDeNumeros.Extensions.IntExtensions::ObterDezenaMilhar(System.Int32)</Name>
              <FileRef uid="8" />
              <SequencePoints>
                <SequencePoint vc="36" uspid="425" ordinal="0" offset="0" sl="32" sc="9" el="32" ec="10" bec="0" bev="0" fileid="8" />
                <SequencePoint vc="36" uspid="426" ordinal="1" offset="1" sl="33" sc="13" el="33" ec="52" bec="0" bev="0" fileid="8" />
                <SequencePoint vc="36" uspid="427" ordinal="2" offset="17" sl="34" sc="9" el="34" ec="10" bec="0" bev="0" fileid="8" />
              </SequencePoints>
              <BranchPoints />
              <MethodPoint xsi:type="SequencePoint" vc="36" uspid="425" ordinal="0" offset="0" sl="32" sc="9" el="32" ec="10" bec="0" bev="0" fileid="8" />
            </Method>
          </Methods>
        </Class>
      </Classes>
    </Module>
  </Modules>
</CoverageSession>