<?xml version="1.0" encoding="utf-8"?>
<CoverageSession xmlns:xsd="http://www.w3.org/2001/XMLSchema" xmlns:xsi="http://www.w3.org/2001/XMLSchema-instance" Version="4.7.922.0">
  <Summary numSequencePoints="335" visitedSequencePoints="290" numBranchPoints="162" visitedBranchPoints="115" sequenceCoverage="86.57" branchCoverage="70.99" maxCyclomaticComplexity="16" minCyclomaticComplexity="1" maxCrapScore="39.20" minCrapScore="1" visitedClasses="5" numClasses="6" visitedMethods="41" numMethods="42" />
  <Modules>
    <Module hash="46-81-DB-40-76-90-3A-88-42-AF-42-F4-67-29-E0-02-CB-58-23-56">
      <Summary numSequencePoints="152" visitedSequencePoints="152" numBranchPoints="22" visitedBranchPoints="22" sequenceCoverage="100" branchCoverage="100" maxCyclomaticComplexity="1" minCyclomaticComplexity="1" maxCrapScore="2" minCrapScore="1" visitedClasses="2" numClasses="2" visitedMethods="22" numMethods="22" />
      <ModulePath>C:\Users\Carlos\source\repos\ConversorDeNumeros\ConversorIndoParaRomanoTestes\bin\Debug\fine-code-coverage\build-output\ConversorIndoParaRomanoTestes.dll</ModulePath>
      <ModuleTime>2021-06-11T20:24:47.7368912Z</ModuleTime>
      <ModuleName>ConversorIndoParaRomanoTestes</ModuleName>
      <Files>
        <File uid="1" fullPath="C:\Users\Carlos\source\repos\ConversorDeNumeros\ConversorIndoParaRomanoTestes\ConversorIndoParaRomanoTestes.cs" />
        <File uid="2" fullPath="C:\Users\Carlos\source\repos\ConversorDeNumeros\ConversorIndoParaRomanoTestes\ConversorRomanoParaIndoTestes.cs" />
      </Files>
      <Classes>
        <Class>
          <Summary numSequencePoints="116" visitedSequencePoints="116" numBranchPoints="13" visitedBranchPoints="13" sequenceCoverage="100" branchCoverage="100" maxCyclomaticComplexity="1" minCyclomaticComplexity="1" maxCrapScore="2" minCrapScore="1" visitedClasses="1" numClasses="1" visitedMethods="13" numMethods="13" />
          <FullName>ConversorIndoParaRomanoTestes.ConversorIndoParaRomanoTestes</FullName>
          <Methods>
            <Method visited="true" cyclomaticComplexity="1" nPathComplexity="0" sequenceCoverage="100" branchCoverage="100" crapScore="1" isConstructor="false" isStatic="false" isGetter="false" isSetter="false">
              <Summary numSequencePoints="4" visitedSequencePoints="4" numBranchPoints="1" visitedBranchPoints="1" sequenceCoverage="100" branchCoverage="100" maxCyclomaticComplexity="1" minCyclomaticComplexity="1" maxCrapScore="1" minCrapScore="1" visitedClasses="0" numClasses="0" visitedMethods="1" numMethods="1" />
              <MetadataToken>100663297</MetadataToken>
              <Name>System.Void ConversorIndoParaRomanoTestes.ConversorIndoParaRomanoTestes::NumeroRomanoUnidade1()</Name>
              <FileRef uid="1" />
              <SequencePoints>
                <SequencePoint vc="1" uspid="1" ordinal="0" offset="0" sl="12" sc="9" el="12" ec="10" bec="0" bev="0" fileid="1" />
                <SequencePoint vc="1" uspid="2" ordinal="1" offset="1" sl="13" sc="13" el="13" ec="76" bec="0" bev="0" fileid="1" />
                <SequencePoint vc="1" uspid="3" ordinal="2" offset="8" sl="15" sc="13" el="15" ec="65" bec="0" bev="0" fileid="1" />
                <SequencePoint vc="1" uspid="4" ordinal="3" offset="25" sl="16" sc="9" el="16" ec="10" bec="0" bev="0" fileid="1" />
              </SequencePoints>
              <BranchPoints />
              <MethodPoint xsi:type="SequencePoint" vc="1" uspid="1" ordinal="0" offset="0" sl="12" sc="9" el="12" ec="10" bec="0" bev="0" fileid="1" />
            </Method>
            <Method visited="true" cyclomaticComplexity="1" nPathComplexity="0" sequenceCoverage="100" branchCoverage="100" crapScore="1" isConstructor="false" isStatic="false" isGetter="false" isSetter="false">
              <Summary numSequencePoints="4" visitedSequencePoints="4" numBranchPoints="1" visitedBranchPoints="1" sequenceCoverage="100" branchCoverage="100" maxCyclomaticComplexity="1" minCyclomaticComplexity="1" maxCrapScore="1" minCrapScore="1" visitedClasses="0" numClasses="0" visitedMethods="1" numMethods="1" />
              <MetadataToken>100663298</MetadataToken>
              <Name>System.Void ConversorIndoParaRomanoTestes.ConversorIndoParaRomanoTestes::NumeroRomanoDezena10()</Name>
              <FileRef uid="1" />
              <SequencePoints>
                <SequencePoint vc="1" uspid="5" ordinal="0" offset="0" sl="20" sc="9" el="20" ec="10" bec="0" bev="0" fileid="1" />
                <SequencePoint vc="1" uspid="6" ordinal="1" offset="1" sl="21" sc="13" el="21" ec="77" bec="0" bev="0" fileid="1" />
                <SequencePoint vc="1" uspid="7" ordinal="2" offset="9" sl="23" sc="13" el="23" ec="64" bec="0" bev="0" fileid="1" />
                <SequencePoint vc="1" uspid="8" ordinal="3" offset="26" sl="24" sc="9" el="24" ec="10" bec="0" bev="0" fileid="1" />
              </SequencePoints>
              <BranchPoints />
              <MethodPoint xsi:type="SequencePoint" vc="1" uspid="5" ordinal="0" offset="0" sl="20" sc="9" el="20" ec="10" bec="0" bev="0" fileid="1" />
            </Method>
            <Method visited="true" cyclomaticComplexity="1" nPathComplexity="0" sequenceCoverage="100" branchCoverage="100" crapScore="1" isConstructor="false" isStatic="false" isGetter="false" isSetter="false">
              <Summary numSequencePoints="4" visitedSequencePoints="4" numBranchPoints="1" visitedBranchPoints="1" sequenceCoverage="100" branchCoverage="100" maxCyclomaticComplexity="1" minCyclomaticComplexity="1" maxCrapScore="1" minCrapScore="1" visitedClasses="0" numClasses="0" visitedMethods="1" numMethods="1" />
              <MetadataToken>100663299</MetadataToken>
              <Name>System.Void ConversorIndoParaRomanoTestes.ConversorIndoParaRomanoTestes::NumeroRomanoCentena100()</Name>
              <FileRef uid="1" />
              <SequencePoints>
                <SequencePoint vc="1" uspid="9" ordinal="0" offset="0" sl="28" sc="9" el="28" ec="10" bec="0" bev="0" fileid="1" />
                <SequencePoint vc="1" uspid="10" ordinal="1" offset="1" sl="29" sc="13" el="29" ec="78" bec="0" bev="0" fileid="1" />
                <SequencePoint vc="1" uspid="11" ordinal="2" offset="9" sl="31" sc="13" el="31" ec="65" bec="0" bev="0" fileid="1" />
                <SequencePoint vc="1" uspid="12" ordinal="3" offset="26" sl="32" sc="9" el="32" ec="10" bec="0" bev="0" fileid="1" />
              </SequencePoints>
              <BranchPoints />
              <MethodPoint xsi:type="SequencePoint" vc="1" uspid="9" ordinal="0" offset="0" sl="28" sc="9" el="28" ec="10" bec="0" bev="0" fileid="1" />
            </Method>
            <Method visited="true" cyclomaticComplexity="1" nPathComplexity="0" sequenceCoverage="100" branchCoverage="100" crapScore="1" isConstructor="false" isStatic="false" isGetter="false" isSetter="false">
              <Summary numSequencePoints="4" visitedSequencePoints="4" numBranchPoints="1" visitedBranchPoints="1" sequenceCoverage="100" branchCoverage="100" maxCyclomaticComplexity="1" minCyclomaticComplexity="1" maxCrapScore="1" minCrapScore="1" visitedClasses="0" numClasses="0" visitedMethods="1" numMethods="1" />
              <MetadataToken>100663300</MetadataToken>
              <Name>System.Void ConversorIndoParaRomanoTestes.ConversorIndoParaRomanoTestes::NumeroRomanoMilhar1000()</Name>
              <FileRef uid="1" />
              <SequencePoints>
                <SequencePoint vc="1" uspid="13" ordinal="0" offset="0" sl="36" sc="9" el="36" ec="10" bec="0" bev="0" fileid="1" />
                <SequencePoint vc="1" uspid="14" ordinal="1" offset="1" sl="37" sc="13" el="37" ec="79" bec="0" bev="0" fileid="1" />
                <SequencePoint vc="1" uspid="15" ordinal="2" offset="12" sl="39" sc="13" el="39" ec="64" bec="0" bev="0" fileid="1" />
                <SequencePoint vc="1" uspid="16" ordinal="3" offset="29" sl="40" sc="9" el="40" ec="10" bec="0" bev="0" fileid="1" />
              </SequencePoints>
              <BranchPoints />
              <MethodPoint xsi:type="SequencePoint" vc="1" uspid="13" ordinal="0" offset="0" sl="36" sc="9" el="36" ec="10" bec="0" bev="0" fileid="1" />
            </Method>
            <Method visited="true" cyclomaticComplexity="1" nPathComplexity="0" sequenceCoverage="100" branchCoverage="100" crapScore="1" isConstructor="false" isStatic="false" isGetter="false" isSetter="false">
              <Summary numSequencePoints="4" visitedSequencePoints="4" numBranchPoints="1" visitedBranchPoints="1" sequenceCoverage="100" branchCoverage="100" maxCyclomaticComplexity="1" minCyclomaticComplexity="1" maxCrapScore="1" minCrapScore="1" visitedClasses="0" numClasses="0" visitedMethods="1" numMethods="1" />
              <MetadataToken>100663301</MetadataToken>
              <Name>System.Void ConversorIndoParaRomanoTestes.ConversorIndoParaRomanoTestes::NumeroRomanoDezenaMilhar10000()</Name>
              <FileRef uid="1" />
              <SequencePoints>
                <SequencePoint vc="1" uspid="17" ordinal="0" offset="0" sl="44" sc="9" el="44" ec="10" bec="0" bev="0" fileid="1" />
                <SequencePoint vc="1" uspid="18" ordinal="1" offset="1" sl="45" sc="13" el="45" ec="80" bec="0" bev="0" fileid="1" />
                <SequencePoint vc="1" uspid="19" ordinal="2" offset="12" sl="47" sc="13" el="47" ec="71" bec="0" bev="0" fileid="1" />
                <SequencePoint vc="1" uspid="20" ordinal="3" offset="29" sl="48" sc="9" el="48" ec="10" bec="0" bev="0" fileid="1" />
              </SequencePoints>
              <BranchPoints />
              <MethodPoint xsi:type="SequencePoint" vc="1" uspid="17" ordinal="0" offset="0" sl="44" sc="9" el="44" ec="10" bec="0" bev="0" fileid="1" />
            </Method>
            <Method visited="true" cyclomaticComplexity="1" nPathComplexity="0" sequenceCoverage="100" branchCoverage="100" crapScore="1" isConstructor="false" isStatic="false" isGetter="false" isSetter="false">
              <Summary numSequencePoints="12" visitedSequencePoints="12" numBranchPoints="1" visitedBranchPoints="1" sequenceCoverage="100" branchCoverage="100" maxCyclomaticComplexity="1" minCyclomaticComplexity="1" maxCrapScore="1" minCrapScore="1" visitedClasses="0" numClasses="0" visitedMethods="1" numMethods="1" />
              <MetadataToken>100663302</MetadataToken>
              <Name>System.Void ConversorIndoParaRomanoTestes.ConversorIndoParaRomanoTestes::ConversorIndoParaRomano11a15()</Name>
              <FileRef uid="1" />
              <SequencePoints>
                <SequencePoint vc="1" uspid="21" ordinal="0" offset="0" sl="52" sc="9" el="52" ec="10" bec="0" bev="0" fileid="1" />
                <SequencePoint vc="1" uspid="22" ordinal="1" offset="1" sl="53" sc="13" el="53" ec="78" bec="0" bev="0" fileid="1" />
                <SequencePoint vc="1" uspid="23" ordinal="2" offset="9" sl="54" sc="13" el="54" ec="78" bec="0" bev="0" fileid="1" />
                <SequencePoint vc="1" uspid="24" ordinal="3" offset="17" sl="55" sc="13" el="55" ec="78" bec="0" bev="0" fileid="1" />
                <SequencePoint vc="1" uspid="25" ordinal="4" offset="25" sl="56" sc="13" el="56" ec="78" bec="0" bev="0" fileid="1" />
                <SequencePoint vc="1" uspid="26" ordinal="5" offset="33" sl="57" sc="13" el="57" ec="78" bec="0" bev="0" fileid="1" />
                <SequencePoint vc="1" uspid="27" ordinal="6" offset="42" sl="58" sc="13" el="58" ec="55" bec="0" bev="0" fileid="1" />
                <SequencePoint vc="1" uspid="28" ordinal="7" offset="59" sl="59" sc="13" el="59" ec="56" bec="0" bev="0" fileid="1" />
                <SequencePoint vc="1" uspid="29" ordinal="8" offset="76" sl="60" sc="13" el="60" ec="57" bec="0" bev="0" fileid="1" />
                <SequencePoint vc="1" uspid="30" ordinal="9" offset="93" sl="61" sc="13" el="61" ec="56" bec="0" bev="0" fileid="1" />
                <SequencePoint vc="1" uspid="31" ordinal="10" offset="110" sl="62" sc="13" el="62" ec="55" bec="0" bev="0" fileid="1" />
                <SequencePoint vc="1" uspid="32" ordinal="11" offset="128" sl="63" sc="9" el="63" ec="10" bec="0" bev="0" fileid="1" />
              </SequencePoints>
              <BranchPoints />
              <MethodPoint xsi:type="SequencePoint" vc="1" uspid="21" ordinal="0" offset="0" sl="52" sc="9" el="52" ec="10" bec="0" bev="0" fileid="1" />
            </Method>
            <Method visited="true" cyclomaticComplexity="1" nPathComplexity="0" sequenceCoverage="100" branchCoverage="100" crapScore="1" isConstructor="false" isStatic="false" isGetter="false" isSetter="false">
              <Summary numSequencePoints="12" visitedSequencePoints="12" numBranchPoints="1" visitedBranchPoints="1" sequenceCoverage="100" branchCoverage="100" maxCyclomaticComplexity="1" minCyclomaticComplexity="1" maxCrapScore="1" minCrapScore="1" visitedClasses="0" numClasses="0" visitedMethods="1" numMethods="1" />
              <MetadataToken>100663303</MetadataToken>
              <Name>System.Void ConversorIndoParaRomanoTestes.ConversorIndoParaRomanoTestes::ConversorIndoParaRomano16a20()</Name>
              <FileRef uid="1" />
              <SequencePoints>
                <SequencePoint vc="1" uspid="33" ordinal="0" offset="0" sl="67" sc="9" el="67" ec="10" bec="0" bev="0" fileid="1" />
                <SequencePoint vc="1" uspid="34" ordinal="1" offset="1" sl="68" sc="13" el="68" ec="78" bec="0" bev="0" fileid="1" />
                <SequencePoint vc="1" uspid="35" ordinal="2" offset="9" sl="69" sc="13" el="69" ec="78" bec="0" bev="0" fileid="1" />
                <SequencePoint vc="1" uspid="36" ordinal="3" offset="17" sl="70" sc="13" el="70" ec="78" bec="0" bev="0" fileid="1" />
                <SequencePoint vc="1" uspid="37" ordinal="4" offset="25" sl="71" sc="13" el="71" ec="78" bec="0" bev="0" fileid="1" />
                <SequencePoint vc="1" uspid="38" ordinal="5" offset="33" sl="72" sc="13" el="72" ec="78" bec="0" bev="0" fileid="1" />
                <SequencePoint vc="1" uspid="39" ordinal="6" offset="42" sl="73" sc="13" el="73" ec="56" bec="0" bev="0" fileid="1" />
                <SequencePoint vc="1" uspid="40" ordinal="7" offset="59" sl="74" sc="13" el="74" ec="57" bec="0" bev="0" fileid="1" />
                <SequencePoint vc="1" uspid="41" ordinal="8" offset="76" sl="75" sc="13" el="75" ec="58" bec="0" bev="0" fileid="1" />
                <SequencePoint vc="1" uspid="42" ordinal="9" offset="93" sl="76" sc="13" el="76" ec="56" bec="0" bev="0" fileid="1" />
                <SequencePoint vc="1" uspid="43" ordinal="10" offset="110" sl="77" sc="13" el="77" ec="55" bec="0" bev="0" fileid="1" />
                <SequencePoint vc="1" uspid="44" ordinal="11" offset="128" sl="78" sc="9" el="78" ec="10" bec="0" bev="0" fileid="1" />
              </SequencePoints>
              <BranchPoints />
              <MethodPoint xsi:type="SequencePoint" vc="1" uspid="33" ordinal="0" offset="0" sl="67" sc="9" el="67" ec="10" bec="0" bev="0" fileid="1" />
            </Method>
            <Method visited="true" cyclomaticComplexity="1" nPathComplexity="0" sequenceCoverage="100" branchCoverage="100" crapScore="1" isConstructor="false" isStatic="false" isGetter="false" isSetter="false">
              <Summary numSequencePoints="12" visitedSequencePoints="12" numBranchPoints="1" visitedBranchPoints="1" sequenceCoverage="100" branchCoverage="100" maxCyclomaticComplexity="1" minCyclomaticComplexity="1" maxCrapScore="1" minCrapScore="1" visitedClasses="0" numClasses="0" visitedMethods="1" numMethods="1" />
              <MetadataToken>100663304</MetadataToken>
              <Name>System.Void ConversorIndoParaRomanoTestes.ConversorIndoParaRomanoTestes::ConversorIndoParaRomano21a25()</Name>
              <FileRef uid="1" />
              <SequencePoints>
                <SequencePoint vc="1" uspid="45" ordinal="0" offset="0" sl="82" sc="9" el="82" ec="10" bec="0" bev="0" fileid="1" />
                <SequencePoint vc="1" uspid="46" ordinal="1" offset="1" sl="83" sc="13" el="83" ec="78" bec="0" bev="0" fileid="1" />
                <SequencePoint vc="1" uspid="47" ordinal="2" offset="9" sl="84" sc="13" el="84" ec="78" bec="0" bev="0" fileid="1" />
                <SequencePoint vc="1" uspid="48" ordinal="3" offset="17" sl="85" sc="13" el="85" ec="78" bec="0" bev="0" fileid="1" />
                <SequencePoint vc="1" uspid="49" ordinal="4" offset="25" sl="86" sc="13" el="86" ec="78" bec="0" bev="0" fileid="1" />
                <SequencePoint vc="1" uspid="50" ordinal="5" offset="33" sl="87" sc="13" el="87" ec="78" bec="0" bev="0" fileid="1" />
                <SequencePoint vc="1" uspid="51" ordinal="6" offset="42" sl="88" sc="13" el="88" ec="56" bec="0" bev="0" fileid="1" />
                <SequencePoint vc="1" uspid="52" ordinal="7" offset="59" sl="89" sc="13" el="89" ec="57" bec="0" bev="0" fileid="1" />
                <SequencePoint vc="1" uspid="53" ordinal="8" offset="76" sl="90" sc="13" el="90" ec="58" bec="0" bev="0" fileid="1" />
                <SequencePoint vc="1" uspid="54" ordinal="9" offset="93" sl="91" sc="13" el="91" ec="57" bec="0" bev="0" fileid="1" />
                <SequencePoint vc="1" uspid="55" ordinal="10" offset="110" sl="92" sc="13" el="92" ec="56" bec="0" bev="0" fileid="1" />
                <SequencePoint vc="1" uspid="56" ordinal="11" offset="128" sl="93" sc="9" el="93" ec="10" bec="0" bev="0" fileid="1" />
              </SequencePoints>
              <BranchPoints />
              <MethodPoint xsi:type="SequencePoint" vc="1" uspid="45" ordinal="0" offset="0" sl="82" sc="9" el="82" ec="10" bec="0" bev="0" fileid="1" />
            </Method>
            <Method visited="true" cyclomaticComplexity="1" nPathComplexity="0" sequenceCoverage="100" branchCoverage="100" crapScore="1" isConstructor="false" isStatic="false" isGetter="false" isSetter="false">
              <Summary numSequencePoints="12" visitedSequencePoints="12" numBranchPoints="1" visitedBranchPoints="1" sequenceCoverage="100" branchCoverage="100" maxCyclomaticComplexity="1" minCyclomaticComplexity="1" maxCrapScore="1" minCrapScore="1" visitedClasses="0" numClasses="0" visitedMethods="1" numMethods="1" />
              <MetadataToken>100663305</MetadataToken>
              <Name>System.Void ConversorIndoParaRomanoTestes.ConversorIndoParaRomanoTestes::ConversorIndoParaRomano26a30()</Name>
              <FileRef uid="1" />
              <SequencePoints>
                <SequencePoint vc="1" uspid="57" ordinal="0" offset="0" sl="97" sc="9" el="97" ec="10" bec="0" bev="0" fileid="1" />
                <SequencePoint vc="1" uspid="58" ordinal="1" offset="1" sl="98" sc="13" el="98" ec="78" bec="0" bev="0" fileid="1" />
                <SequencePoint vc="1" uspid="59" ordinal="2" offset="9" sl="99" sc="13" el="99" ec="78" bec="0" bev="0" fileid="1" />
                <SequencePoint vc="1" uspid="60" ordinal="3" offset="17" sl="100" sc="13" el="100" ec="78" bec="0" bev="0" fileid="1" />
                <SequencePoint vc="1" uspid="61" ordinal="4" offset="25" sl="101" sc="13" el="101" ec="78" bec="0" bev="0" fileid="1" />
                <SequencePoint vc="1" uspid="62" ordinal="5" offset="33" sl="102" sc="13" el="102" ec="78" bec="0" bev="0" fileid="1" />
                <SequencePoint vc="1" uspid="63" ordinal="6" offset="42" sl="103" sc="13" el="103" ec="57" bec="0" bev="0" fileid="1" />
                <SequencePoint vc="1" uspid="64" ordinal="7" offset="59" sl="104" sc="13" el="104" ec="58" bec="0" bev="0" fileid="1" />
                <SequencePoint vc="1" uspid="65" ordinal="8" offset="76" sl="105" sc="13" el="105" ec="59" bec="0" bev="0" fileid="1" />
                <SequencePoint vc="1" uspid="66" ordinal="9" offset="93" sl="106" sc="13" el="106" ec="57" bec="0" bev="0" fileid="1" />
                <SequencePoint vc="1" uspid="67" ordinal="10" offset="110" sl="107" sc="13" el="107" ec="56" bec="0" bev="0" fileid="1" />
                <SequencePoint vc="1" uspid="68" ordinal="11" offset="128" sl="108" sc="9" el="108" ec="10" bec="0" bev="0" fileid="1" />
              </SequencePoints>
              <BranchPoints />
              <MethodPoint xsi:type="SequencePoint" vc="1" uspid="57" ordinal="0" offset="0" sl="97" sc="9" el="97" ec="10" bec="0" bev="0" fileid="1" />
            </Method>
            <Method visited="true" cyclomaticComplexity="1" nPathComplexity="0" sequenceCoverage="100" branchCoverage="100" crapScore="1" isConstructor="false" isStatic="false" isGetter="false" isSetter="false">
              <Summary numSequencePoints="12" visitedSequencePoints="12" numBranchPoints="1" visitedBranchPoints="1" sequenceCoverage="100" branchCoverage="100" maxCyclomaticComplexity="1" minCyclomaticComplexity="1" maxCrapScore="1" minCrapScore="1" visitedClasses="0" numClasses="0" visitedMethods="1" numMethods="1" />
              <MetadataToken>100663306</MetadataToken>
              <Name>System.Void ConversorIndoParaRomanoTestes.ConversorIndoParaRomanoTestes::ConversorIndoParaRomano56a60()</Name>
              <FileRef uid="1" />
              <SequencePoints>
                <SequencePoint vc="1" uspid="69" ordinal="0" offset="0" sl="112" sc="9" el="112" ec="10" bec="0" bev="0" fileid="1" />
                <SequencePoint vc="1" uspid="70" ordinal="1" offset="1" sl="113" sc="13" el="113" ec="78" bec="0" bev="0" fileid="1" />
                <SequencePoint vc="1" uspid="71" ordinal="2" offset="9" sl="114" sc="13" el="114" ec="78" bec="0" bev="0" fileid="1" />
                <SequencePoint vc="1" uspid="72" ordinal="3" offset="17" sl="115" sc="13" el="115" ec="78" bec="0" bev="0" fileid="1" />
                <SequencePoint vc="1" uspid="73" ordinal="4" offset="25" sl="116" sc="13" el="116" ec="78" bec="0" bev="0" fileid="1" />
                <SequencePoint vc="1" uspid="74" ordinal="5" offset="33" sl="117" sc="13" el="117" ec="78" bec="0" bev="0" fileid="1" />
                <SequencePoint vc="1" uspid="75" ordinal="6" offset="42" sl="118" sc="13" el="118" ec="56" bec="0" bev="0" fileid="1" />
                <SequencePoint vc="1" uspid="76" ordinal="7" offset="59" sl="119" sc="13" el="119" ec="57" bec="0" bev="0" fileid="1" />
                <SequencePoint vc="1" uspid="77" ordinal="8" offset="76" sl="120" sc="13" el="120" ec="58" bec="0" bev="0" fileid="1" />
                <SequencePoint vc="1" uspid="78" ordinal="9" offset="93" sl="121" sc="13" el="121" ec="56" bec="0" bev="0" fileid="1" />
                <SequencePoint vc="1" uspid="79" ordinal="10" offset="110" sl="122" sc="13" el="122" ec="55" bec="0" bev="0" fileid="1" />
                <SequencePoint vc="1" uspid="80" ordinal="11" offset="128" sl="123" sc="9" el="123" ec="10" bec="0" bev="0" fileid="1" />
              </SequencePoints>
              <BranchPoints />
              <MethodPoint xsi:type="SequencePoint" vc="1" uspid="69" ordinal="0" offset="0" sl="112" sc="9" el="112" ec="10" bec="0" bev="0" fileid="1" />
            </Method>
            <Method visited="true" cyclomaticComplexity="1" nPathComplexity="0" sequenceCoverage="100" branchCoverage="100" crapScore="1" isConstructor="false" isStatic="false" isGetter="false" isSetter="false">
              <Summary numSequencePoints="12" visitedSequencePoints="12" numBranchPoints="1" visitedBranchPoints="1" sequenceCoverage="100" branchCoverage="100" maxCyclomaticComplexity="1" minCyclomaticComplexity="1" maxCrapScore="1" minCrapScore="1" visitedClasses="0" numClasses="0" visitedMethods="1" numMethods="1" />
              <MetadataToken>100663307</MetadataToken>
              <Name>System.Void ConversorIndoParaRomanoTestes.ConversorIndoParaRomanoTestes::ConversorIndoParaRomano101a105()</Name>
              <FileRef uid="1" />
              <SequencePoints>
                <SequencePoint vc="1" uspid="81" ordinal="0" offset="0" sl="127" sc="9" el="127" ec="10" bec="0" bev="0" fileid="1" />
                <SequencePoint vc="1" uspid="82" ordinal="1" offset="1" sl="128" sc="13" el="128" ec="79" bec="0" bev="0" fileid="1" />
                <SequencePoint vc="1" uspid="83" ordinal="2" offset="9" sl="129" sc="13" el="129" ec="79" bec="0" bev="0" fileid="1" />
                <SequencePoint vc="1" uspid="84" ordinal="3" offset="17" sl="130" sc="13" el="130" ec="79" bec="0" bev="0" fileid="1" />
                <SequencePoint vc="1" uspid="85" ordinal="4" offset="25" sl="131" sc="13" el="131" ec="79" bec="0" bev="0" fileid="1" />
                <SequencePoint vc="1" uspid="86" ordinal="5" offset="33" sl="132" sc="13" el="132" ec="79" bec="0" bev="0" fileid="1" />
                <SequencePoint vc="1" uspid="87" ordinal="6" offset="42" sl="133" sc="13" el="133" ec="55" bec="0" bev="0" fileid="1" />
                <SequencePoint vc="1" uspid="88" ordinal="7" offset="59" sl="134" sc="13" el="134" ec="56" bec="0" bev="0" fileid="1" />
                <SequencePoint vc="1" uspid="89" ordinal="8" offset="76" sl="135" sc="13" el="135" ec="57" bec="0" bev="0" fileid="1" />
                <SequencePoint vc="1" uspid="90" ordinal="9" offset="93" sl="136" sc="13" el="136" ec="56" bec="0" bev="0" fileid="1" />
                <SequencePoint vc="1" uspid="91" ordinal="10" offset="110" sl="137" sc="13" el="137" ec="55" bec="0" bev="0" fileid="1" />
                <SequencePoint vc="1" uspid="92" ordinal="11" offset="128" sl="138" sc="9" el="138" ec="10" bec="0" bev="0" fileid="1" />
              </SequencePoints>
              <BranchPoints />
              <MethodPoint xsi:type="SequencePoint" vc="1" uspid="81" ordinal="0" offset="0" sl="127" sc="9" el="127" ec="10" bec="0" bev="0" fileid="1" />
            </Method>
            <Method visited="true" cyclomaticComplexity="1" nPathComplexity="0" sequenceCoverage="100" branchCoverage="100" crapScore="1" isConstructor="false" isStatic="false" isGetter="false" isSetter="false">
              <Summary numSequencePoints="12" visitedSequencePoints="12" numBranchPoints="1" visitedBranchPoints="1" sequenceCoverage="100" branchCoverage="100" maxCyclomaticComplexity="1" minCyclomaticComplexity="1" maxCrapScore="1" minCrapScore="1" visitedClasses="0" numClasses="0" visitedMethods="1" numMethods="1" />
              <MetadataToken>100663308</MetadataToken>
              <Name>System.Void ConversorIndoParaRomanoTestes.ConversorIndoParaRomanoTestes::ConversorIndoParaRomano1001a1005()</Name>
              <FileRef uid="1" />
              <SequencePoints>
                <SequencePoint vc="1" uspid="93" ordinal="0" offset="0" sl="142" sc="9" el="142" ec="10" bec="0" bev="0" fileid="1" />
                <SequencePoint vc="1" uspid="94" ordinal="1" offset="1" sl="143" sc="13" el="143" ec="80" bec="0" bev="0" fileid="1" />
                <SequencePoint vc="1" uspid="95" ordinal="2" offset="12" sl="144" sc="13" el="144" ec="80" bec="0" bev="0" fileid="1" />
                <SequencePoint vc="1" uspid="96" ordinal="3" offset="23" sl="145" sc="13" el="145" ec="80" bec="0" bev="0" fileid="1" />
                <SequencePoint vc="1" uspid="97" ordinal="4" offset="34" sl="146" sc="13" el="146" ec="80" bec="0" bev="0" fileid="1" />
                <SequencePoint vc="1" uspid="98" ordinal="5" offset="45" sl="147" sc="13" el="147" ec="80" bec="0" bev="0" fileid="1" />
                <SequencePoint vc="1" uspid="99" ordinal="6" offset="57" sl="149" sc="13" el="149" ec="55" bec="0" bev="0" fileid="1" />
                <SequencePoint vc="1" uspid="100" ordinal="7" offset="74" sl="150" sc="13" el="150" ec="56" bec="0" bev="0" fileid="1" />
                <SequencePoint vc="1" uspid="101" ordinal="8" offset="91" sl="151" sc="13" el="151" ec="57" bec="0" bev="0" fileid="1" />
                <SequencePoint vc="1" uspid="102" ordinal="9" offset="108" sl="152" sc="13" el="152" ec="56" bec="0" bev="0" fileid="1" />
                <SequencePoint vc="1" uspid="103" ordinal="10" offset="125" sl="153" sc="13" el="153" ec="55" bec="0" bev="0" fileid="1" />
                <SequencePoint vc="1" uspid="104" ordinal="11" offset="143" sl="154" sc="9" el="154" ec="10" bec="0" bev="0" fileid="1" />
              </SequencePoints>
              <BranchPoints />
              <MethodPoint xsi:type="SequencePoint" vc="1" uspid="93" ordinal="0" offset="0" sl="142" sc="9" el="142" ec="10" bec="0" bev="0" fileid="1" />
            </Method>
            <Method visited="true" cyclomaticComplexity="1" nPathComplexity="0" sequenceCoverage="100" branchCoverage="100" crapScore="1" isConstructor="false" isStatic="false" isGetter="false" isSetter="false">
              <Summary numSequencePoints="12" visitedSequencePoints="12" numBranchPoints="1" visitedBranchPoints="1" sequenceCoverage="100" branchCoverage="100" maxCyclomaticComplexity="1" minCyclomaticComplexity="1" maxCrapScore="1" minCrapScore="1" visitedClasses="0" numClasses="0" visitedMethods="1" numMethods="1" />
              <MetadataToken>100663309</MetadataToken>
              <Name>System.Void ConversorIndoParaRomanoTestes.ConversorIndoParaRomanoTestes::ConversorIndoParaRomano10001a10005()</Name>
              <FileRef uid="1" />
              <SequencePoints>
                <SequencePoint vc="1" uspid="105" ordinal="0" offset="0" sl="158" sc="9" el="158" ec="10" bec="0" bev="0" fileid="1" />
                <SequencePoint vc="1" uspid="106" ordinal="1" offset="1" sl="159" sc="13" el="159" ec="81" bec="0" bev="0" fileid="1" />
                <SequencePoint vc="1" uspid="107" ordinal="2" offset="12" sl="160" sc="13" el="160" ec="81" bec="0" bev="0" fileid="1" />
                <SequencePoint vc="1" uspid="108" ordinal="3" offset="23" sl="161" sc="13" el="161" ec="81" bec="0" bev="0" fileid="1" />
                <SequencePoint vc="1" uspid="109" ordinal="4" offset="34" sl="162" sc="13" el="162" ec="81" bec="0" bev="0" fileid="1" />
                <SequencePoint vc="1" uspid="110" ordinal="5" offset="45" sl="163" sc="13" el="163" ec="81" bec="0" bev="0" fileid="1" />
                <SequencePoint vc="1" uspid="111" ordinal="6" offset="57" sl="165" sc="13" el="165" ec="56" bec="0" bev="0" fileid="1" />
                <SequencePoint vc="1" uspid="112" ordinal="7" offset="74" sl="166" sc="13" el="166" ec="57" bec="0" bev="0" fileid="1" />
                <SequencePoint vc="1" uspid="113" ordinal="8" offset="91" sl="167" sc="13" el="167" ec="58" bec="0" bev="0" fileid="1" />
                <SequencePoint vc="1" uspid="114" ordinal="9" offset="108" sl="168" sc="13" el="168" ec="57" bec="0" bev="0" fileid="1" />
                <SequencePoint vc="1" uspid="115" ordinal="10" offset="125" sl="169" sc="13" el="169" ec="56" bec="0" bev="0" fileid="1" />
                <SequencePoint vc="1" uspid="116" ordinal="11" offset="143" sl="170" sc="9" el="170" ec="10" bec="0" bev="0" fileid="1" />
              </SequencePoints>
              <BranchPoints />
              <MethodPoint xsi:type="SequencePoint" vc="1" uspid="105" ordinal="0" offset="0" sl="158" sc="9" el="158" ec="10" bec="0" bev="0" fileid="1" />
            </Method>
            <Method visited="false" cyclomaticComplexity="1" nPathComplexity="0" sequenceCoverage="0" branchCoverage="0" crapScore="2" isConstructor="true" isStatic="false" isGetter="false" isSetter="false">
              <Summary numSequencePoints="0" visitedSequencePoints="0" numBranchPoints="0" visitedBranchPoints="0" sequenceCoverage="0" branchCoverage="0" maxCyclomaticComplexity="1" minCyclomaticComplexity="1" maxCrapScore="2" minCrapScore="2" visitedClasses="0" numClasses="0" visitedMethods="0" numMethods="0" />
              <MetadataToken>100663310</MetadataToken>
              <Name>System.Void ConversorIndoParaRomanoTestes.ConversorIndoParaRomanoTestes::.ctor()</Name>
              <SequencePoints />
              <BranchPoints />
              <MethodPoint vc="0" uspid="117" ordinal="0" offset="0" />
            </Method>
          </Methods>
        </Class>
        <Class>
          <Summary numSequencePoints="36" visitedSequencePoints="36" numBranchPoints="9" visitedBranchPoints="9" sequenceCoverage="100" branchCoverage="100" maxCyclomaticComplexity="1" minCyclomaticComplexity="1" maxCrapScore="2" minCrapScore="1" visitedClasses="1" numClasses="1" visitedMethods="9" numMethods="9" />
          <FullName>ConversorIndoParaRomanoTestes.ConversorRomanoParaIndoTestes</FullName>
          <Methods>
            <Method visited="true" cyclomaticComplexity="1" nPathComplexity="0" sequenceCoverage="100" branchCoverage="100" crapScore="1" isConstructor="false" isStatic="false" isGetter="false" isSetter="false">
              <Summary numSequencePoints="4" visitedSequencePoints="4" numBranchPoints="1" visitedBranchPoints="1" sequenceCoverage="100" branchCoverage="100" maxCyclomaticComplexity="1" minCyclomaticComplexity="1" maxCrapScore="1" minCrapScore="1" visitedClasses="0" numClasses="0" visitedMethods="1" numMethods="1" />
              <MetadataToken>100663311</MetadataToken>
              <Name>System.Void ConversorIndoParaRomanoTestes.ConversorRomanoParaIndoTestes::ConversorNumeroRomanoParaIndoI()</Name>
              <FileRef uid="2" />
              <SequencePoints>
                <SequencePoint vc="1" uspid="118" ordinal="0" offset="0" sl="16" sc="9" el="16" ec="10" bec="0" bev="0" fileid="2" />
                <SequencePoint vc="1" uspid="119" ordinal="1" offset="1" sl="17" sc="13" el="17" ec="78" bec="0" bev="0" fileid="2" />
                <SequencePoint vc="1" uspid="120" ordinal="2" offset="12" sl="19" sc="13" el="19" ec="51" bec="0" bev="0" fileid="2" />
                <SequencePoint vc="1" uspid="121" ordinal="3" offset="25" sl="20" sc="9" el="20" ec="10" bec="0" bev="0" fileid="2" />
              </SequencePoints>
              <BranchPoints />
              <MethodPoint xsi:type="SequencePoint" vc="1" uspid="118" ordinal="0" offset="0" sl="16" sc="9" el="16" ec="10" bec="0" bev="0" fileid="2" />
            </Method>
            <Method visited="true" cyclomaticComplexity="1" nPathComplexity="0" sequenceCoverage="100" branchCoverage="100" crapScore="1" isConstructor="false" isStatic="false" isGetter="false" isSetter="false">
              <Summary numSequencePoints="4" visitedSequencePoints="4" numBranchPoints="1" visitedBranchPoints="1" sequenceCoverage="100" branchCoverage="100" maxCyclomaticComplexity="1" minCyclomaticComplexity="1" maxCrapScore="1" minCrapScore="1" visitedClasses="0" numClasses="0" visitedMethods="1" numMethods="1" />
              <MetadataToken>100663312</MetadataToken>
              <Name>System.Void ConversorIndoParaRomanoTestes.ConversorRomanoParaIndoTestes::ConversorNumeroRomanoParaIndoXI()</Name>
              <FileRef uid="2" />
              <SequencePoints>
                <SequencePoint vc="1" uspid="122" ordinal="0" offset="0" sl="24" sc="9" el="24" ec="10" bec="0" bev="0" fileid="2" />
                <SequencePoint vc="1" uspid="123" ordinal="1" offset="1" sl="25" sc="13" el="25" ec="79" bec="0" bev="0" fileid="2" />
                <SequencePoint vc="1" uspid="124" ordinal="2" offset="12" sl="27" sc="13" el="27" ec="52" bec="0" bev="0" fileid="2" />
                <SequencePoint vc="1" uspid="125" ordinal="3" offset="26" sl="28" sc="9" el="28" ec="10" bec="0" bev="0" fileid="2" />
              </SequencePoints>
              <BranchPoints />
              <MethodPoint xsi:type="SequencePoint" vc="1" uspid="122" ordinal="0" offset="0" sl="24" sc="9" el="24" ec="10" bec="0" bev="0" fileid="2" />
            </Method>
            <Method visited="true" cyclomaticComplexity="1" nPathComplexity="0" sequenceCoverage="100" branchCoverage="100" crapScore="1" isConstructor="false" isStatic="false" isGetter="false" isSetter="false">
              <Summary numSequencePoints="4" visitedSequencePoints="4" numBranchPoints="1" visitedBranchPoints="1" sequenceCoverage="100" branchCoverage="100" maxCyclomaticComplexity="1" minCyclomaticComplexity="1" maxCrapScore="1" minCrapScore="1" visitedClasses="0" numClasses="0" visitedMethods="1" numMethods="1" />
              <MetadataToken>100663313</MetadataToken>
              <Name>System.Void ConversorIndoParaRomanoTestes.ConversorRomanoParaIndoTestes::ConversorNumeroRomanoParaIndoXIV()</Name>
              <FileRef uid="2" />
              <SequencePoints>
                <SequencePoint vc="1" uspid="126" ordinal="0" offset="0" sl="32" sc="9" el="32" ec="10" bec="0" bev="0" fileid="2" />
                <SequencePoint vc="1" uspid="127" ordinal="1" offset="1" sl="33" sc="13" el="33" ec="80" bec="0" bev="0" fileid="2" />
                <SequencePoint vc="1" uspid="128" ordinal="2" offset="12" sl="35" sc="13" el="35" ec="52" bec="0" bev="0" fileid="2" />
                <SequencePoint vc="1" uspid="129" ordinal="3" offset="26" sl="36" sc="9" el="36" ec="10" bec="0" bev="0" fileid="2" />
              </SequencePoints>
              <BranchPoints />
              <MethodPoint xsi:type="SequencePoint" vc="1" uspid="126" ordinal="0" offset="0" sl="32" sc="9" el="32" ec="10" bec="0" bev="0" fileid="2" />
            </Method>
            <Method visited="true" cyclomaticComplexity="1" nPathComplexity="0" sequenceCoverage="100" branchCoverage="100" crapScore="1" isConstructor="false" isStatic="false" isGetter="false" isSetter="false">
              <Summary numSequencePoints="4" visitedSequencePoints="4" numBranchPoints="1" visitedBranchPoints="1" sequenceCoverage="100" branchCoverage="100" maxCyclomaticComplexity="1" minCyclomaticComplexity="1" maxCrapScore="1" minCrapScore="1" visitedClasses="0" numClasses="0" visitedMethods="1" numMethods="1" />
              <MetadataToken>100663314</MetadataToken>
              <Name>System.Void ConversorIndoParaRomanoTestes.ConversorRomanoParaIndoTestes::ConversorNumeroRomanoParaIndoMIX()</Name>
              <FileRef uid="2" />
              <SequencePoints>
                <SequencePoint vc="1" uspid="130" ordinal="0" offset="0" sl="40" sc="9" el="40" ec="10" bec="0" bev="0" fileid="2" />
                <SequencePoint vc="1" uspid="131" ordinal="1" offset="1" sl="41" sc="13" el="41" ec="80" bec="0" bev="0" fileid="2" />
                <SequencePoint vc="1" uspid="132" ordinal="2" offset="12" sl="43" sc="13" el="43" ec="54" bec="0" bev="0" fileid="2" />
                <SequencePoint vc="1" uspid="133" ordinal="3" offset="29" sl="44" sc="9" el="44" ec="10" bec="0" bev="0" fileid="2" />
              </SequencePoints>
              <BranchPoints />
              <MethodPoint xsi:type="SequencePoint" vc="1" uspid="130" ordinal="0" offset="0" sl="40" sc="9" el="40" ec="10" bec="0" bev="0" fileid="2" />
            </Method>
            <Method visited="true" cyclomaticComplexity="1" nPathComplexity="0" sequenceCoverage="100" branchCoverage="100" crapScore="1" isConstructor="false" isStatic="false" isGetter="false" isSetter="false">
              <Summary numSequencePoints="4" visitedSequencePoints="4" numBranchPoints="1" visitedBranchPoints="1" sequenceCoverage="100" branchCoverage="100" maxCyclomaticComplexity="1" minCyclomaticComplexity="1" maxCrapScore="1" minCrapScore="1" visitedClasses="0" numClasses="0" visitedMethods="1" numMethods="1" />
              <MetadataToken>100663315</MetadataToken>
              <Name>System.Void ConversorIndoParaRomanoTestes.ConversorRomanoParaIndoTestes::ConversorNumeroRomanoParaIndoĪV̄()</Name>
              <FileRef uid="2" />
              <SequencePoints>
                <SequencePoint vc="1" uspid="134" ordinal="0" offset="0" sl="48" sc="9" el="48" ec="10" bec="0" bev="0" fileid="2" />
                <SequencePoint vc="1" uspid="135" ordinal="1" offset="1" sl="49" sc="13" el="49" ec="80" bec="0" bev="0" fileid="2" />
                <SequencePoint vc="1" uspid="136" ordinal="2" offset="12" sl="51" sc="13" el="51" ec="54" bec="0" bev="0" fileid="2" />
                <SequencePoint vc="1" uspid="137" ordinal="3" offset="29" sl="52" sc="9" el="52" ec="10" bec="0" bev="0" fileid="2" />
              </SequencePoints>
              <BranchPoints />
              <MethodPoint xsi:type="SequencePoint" vc="1" uspid="134" ordinal="0" offset="0" sl="48" sc="9" el="48" ec="10" bec="0" bev="0" fileid="2" />
            </Method>
            <Method visited="true" cyclomaticComplexity="1" nPathComplexity="0" sequenceCoverage="100" branchCoverage="100" crapScore="1" isConstructor="false" isStatic="false" isGetter="false" isSetter="false">
              <Summary numSequencePoints="4" visitedSequencePoints="4" numBranchPoints="1" visitedBranchPoints="1" sequenceCoverage="100" branchCoverage="100" maxCyclomaticComplexity="1" minCyclomaticComplexity="1" maxCrapScore="1" minCrapScore="1" visitedClasses="0" numClasses="0" visitedMethods="1" numMethods="1" />
              <MetadataToken>100663316</MetadataToken>
              <Name>System.Void ConversorIndoParaRomanoTestes.ConversorRomanoParaIndoTestes::ConversorNumeroRomanoParaIndoĪV̄ĪV̄()</Name>
              <FileRef uid="2" />
              <SequencePoints>
                <SequencePoint vc="1" uspid="138" ordinal="0" offset="0" sl="56" sc="9" el="56" ec="10" bec="0" bev="0" fileid="2" />
                <SequencePoint vc="1" uspid="139" ordinal="1" offset="1" sl="57" sc="13" el="57" ec="83" bec="0" bev="0" fileid="2" />
                <SequencePoint vc="1" uspid="140" ordinal="2" offset="12" sl="59" sc="13" el="59" ec="52" bec="0" bev="0" fileid="2" />
                <SequencePoint vc="1" uspid="141" ordinal="3" offset="25" sl="60" sc="9" el="60" ec="10" bec="0" bev="0" fileid="2" />
              </SequencePoints>
              <BranchPoints />
              <MethodPoint xsi:type="SequencePoint" vc="1" uspid="138" ordinal="0" offset="0" sl="56" sc="9" el="56" ec="10" bec="0" bev="0" fileid="2" />
            </Method>
            <Method visited="true" cyclomaticComplexity="1" nPathComplexity="0" sequenceCoverage="100" branchCoverage="100" crapScore="1" isConstructor="false" isStatic="false" isGetter="false" isSetter="false">
              <Summary numSequencePoints="4" visitedSequencePoints="4" numBranchPoints="1" visitedBranchPoints="1" sequenceCoverage="100" branchCoverage="100" maxCyclomaticComplexity="1" minCyclomaticComplexity="1" maxCrapScore="1" minCrapScore="1" visitedClasses="0" numClasses="0" visitedMethods="1" numMethods="1" />
              <MetadataToken>100663317</MetadataToken>
              <Name>System.Void ConversorIndoParaRomanoTestes.ConversorRomanoParaIndoTestes::ConversorNumeroRomanoParaIndoCL()</Name>
              <FileRef uid="2" />
              <SequencePoints>
                <SequencePoint vc="1" uspid="142" ordinal="0" offset="0" sl="64" sc="9" el="64" ec="10" bec="0" bev="0" fileid="2" />
                <SequencePoint vc="1" uspid="143" ordinal="1" offset="1" sl="65" sc="13" el="65" ec="79" bec="0" bev="0" fileid="2" />
                <SequencePoint vc="1" uspid="144" ordinal="2" offset="12" sl="67" sc="13" el="67" ec="53" bec="0" bev="0" fileid="2" />
                <SequencePoint vc="1" uspid="145" ordinal="3" offset="29" sl="68" sc="9" el="68" ec="10" bec="0" bev="0" fileid="2" />
              </SequencePoints>
              <BranchPoints />
              <MethodPoint xsi:type="SequencePoint" vc="1" uspid="142" ordinal="0" offset="0" sl="64" sc="9" el="64" ec="10" bec="0" bev="0" fileid="2" />
            </Method>
            <Method visited="true" cyclomaticComplexity="1" nPathComplexity="0" sequenceCoverage="100" branchCoverage="100" crapScore="1" isConstructor="false" isStatic="false" isGetter="false" isSetter="false">
              <Summary numSequencePoints="4" visitedSequencePoints="4" numBranchPoints="1" visitedBranchPoints="1" sequenceCoverage="100" branchCoverage="100" maxCyclomaticComplexity="1" minCyclomaticComplexity="1" maxCrapScore="1" minCrapScore="1" visitedClasses="0" numClasses="0" visitedMethods="1" numMethods="1" />
              <MetadataToken>100663318</MetadataToken>
              <Name>System.Void ConversorIndoParaRomanoTestes.ConversorRomanoParaIndoTestes::ConversorNumeroRomanoParaIndoĪV̄CML()</Name>
              <FileRef uid="2" />
              <SequencePoints>
                <SequencePoint vc="1" uspid="146" ordinal="0" offset="0" sl="72" sc="9" el="72" ec="10" bec="0" bev="0" fileid="2" />
                <SequencePoint vc="1" uspid="147" ordinal="1" offset="1" sl="73" sc="13" el="73" ec="83" bec="0" bev="0" fileid="2" />
                <SequencePoint vc="1" uspid="148" ordinal="2" offset="12" sl="75" sc="13" el="75" ec="54" bec="0" bev="0" fileid="2" />
                <SequencePoint vc="1" uspid="149" ordinal="3" offset="29" sl="76" sc="9" el="76" ec="10" bec="0" bev="0" fileid="2" />
              </SequencePoints>
              <BranchPoints />
              <MethodPoint xsi:type="SequencePoint" vc="1" uspid="146" ordinal="0" offset="0" sl="72" sc="9" el="72" ec="10" bec="0" bev="0" fileid="2" />
            </Method>
            <Method visited="true" cyclomaticComplexity="1" nPathComplexity="0" sequenceCoverage="100" branchCoverage="100" crapScore="1" isConstructor="false" isStatic="false" isGetter="false" isSetter="false">
              <Summary numSequencePoints="4" visitedSequencePoints="4" numBranchPoints="1" visitedBranchPoints="1" sequenceCoverage="100" branchCoverage="100" maxCyclomaticComplexity="1" minCyclomaticComplexity="1" maxCrapScore="1" minCrapScore="1" visitedClasses="0" numClasses="0" visitedMethods="1" numMethods="1" />
              <MetadataToken>100663319</MetadataToken>
              <Name>System.Void ConversorIndoParaRomanoTestes.ConversorRomanoParaIndoTestes::ConversorNumeroRomanoParaIndoĪV̄X()</Name>
              <FileRef uid="2" />
              <SequencePoints>
                <SequencePoint vc="1" uspid="150" ordinal="0" offset="0" sl="80" sc="9" el="80" ec="10" bec="0" bev="0" fileid="2" />
                <SequencePoint vc="1" uspid="151" ordinal="1" offset="1" sl="81" sc="13" el="81" ec="81" bec="0" bev="0" fileid="2" />
                <SequencePoint vc="1" uspid="152" ordinal="2" offset="12" sl="83" sc="13" el="83" ec="54" bec="0" bev="0" fileid="2" />
                <SequencePoint vc="1" uspid="153" ordinal="3" offset="29" sl="84" sc="9" el="84" ec="10" bec="0" bev="0" fileid="2" />
              </SequencePoints>
              <BranchPoints />
              <MethodPoint xsi:type="SequencePoint" vc="1" uspid="150" ordinal="0" offset="0" sl="80" sc="9" el="80" ec="10" bec="0" bev="0" fileid="2" />
            </Method>
            <Method visited="false" cyclomaticComplexity="1" nPathComplexity="0" sequenceCoverage="0" branchCoverage="0" crapScore="2" isConstructor="true" isStatic="false" isGetter="false" isSetter="false">
              <Summary numSequencePoints="0" visitedSequencePoints="0" numBranchPoints="0" visitedBranchPoints="0" sequenceCoverage="0" branchCoverage="0" maxCyclomaticComplexity="1" minCyclomaticComplexity="1" maxCrapScore="2" minCrapScore="2" visitedClasses="0" numClasses="0" visitedMethods="0" numMethods="0" />
              <MetadataToken>100663320</MetadataToken>
              <Name>System.Void ConversorIndoParaRomanoTestes.ConversorRomanoParaIndoTestes::.ctor()</Name>
              <SequencePoints />
              <BranchPoints />
              <MethodPoint vc="0" uspid="154" ordinal="0" offset="0" />
            </Method>
          </Methods>
        </Class>
      </Classes>
    </Module>
    <Module hash="47-60-31-FC-1A-99-F0-AC-C9-3F-6F-ED-5F-05-BB-A9-08-1D-A9-3C">
      <Summary numSequencePoints="183" visitedSequencePoints="138" numBranchPoints="140" visitedBranchPoints="93" sequenceCoverage="75.41" branchCoverage="66.43" maxCyclomaticComplexity="16" minCyclomaticComplexity="1" maxCrapScore="39.20" minCrapScore="1" visitedClasses="3" numClasses="4" visitedMethods="19" numMethods="20" />
      <ModulePath>C:\Users\Carlos\source\repos\ConversorDeNumeros\ConversorIndoParaRomanoTestes\bin\Debug\fine-code-coverage\build-output\ConversorDeNumeros.exe</ModulePath>
      <ModuleTime>2021-06-11T20:24:47.1608583Z</ModuleTime>
      <ModuleName>ConversorDeNumeros</ModuleName>
      <Files>
        <File uid="5" fullPath="C:\Users\Carlos\source\repos\ConversorDeNumeros\ConversorDeNumeros\ConversorIndoParaRomano.cs" />
        <File uid="6" fullPath="C:\Users\Carlos\source\repos\ConversorDeNumeros\ConversorDeNumeros\ConversorRomanoParaIndo.cs" />
        <File uid="7" fullPath="C:\Users\Carlos\source\repos\ConversorDeNumeros\ConversorDeNumeros\Program.cs" />
        <File uid="8" fullPath="C:\Users\Carlos\source\repos\ConversorDeNumeros\ConversorDeNumeros\Extensions\IntExtensions.cs" />
      </Files>
      <Classes>
        <Class>
          <Summary numSequencePoints="64" visitedSequencePoints="44" numBranchPoints="49" visitedBranchPoints="29" sequenceCoverage="68.75" branchCoverage="59.18" maxCyclomaticComplexity="11" minCyclomaticComplexity="1" maxCrapScore="39.20" minCrapScore="1" visitedClasses="1" numClasses="1" visitedMethods="7" numMethods="7" />
          <FullName>ConversorDeNumeros.ConversorIndoParaRomano</FullName>
          <Methods>
            <Method visited="true" cyclomaticComplexity="1" nPathComplexity="0" sequenceCoverage="100" branchCoverage="100" crapScore="1" isConstructor="true" isStatic="false" isGetter="false" isSetter="false">
              <Summary numSequencePoints="4" visitedSequencePoints="4" numBranchPoints="1" visitedBranchPoints="1" sequenceCoverage="100" branchCoverage="100" maxCyclomaticComplexity="1" minCyclomaticComplexity="1" maxCrapScore="1" minCrapScore="1" visitedClasses="0" numClasses="0" visitedMethods="1" numMethods="1" />
              <MetadataToken>100663297</MetadataToken>
              <Name>System.Void ConversorDeNumeros.ConversorIndoParaRomano::.ctor(System.Int32)</Name>
              <FileRef uid="5" />
              <SequencePoints>
                <SequencePoint vc="45" uspid="155" ordinal="0" offset="0" sl="14" sc="9" el="14" ec="54" bec="0" bev="0" fileid="5" />
                <SequencePoint vc="45" uspid="156" ordinal="1" offset="7" sl="15" sc="9" el="15" ec="10" bec="0" bev="0" fileid="5" />
                <SequencePoint vc="45" uspid="157" ordinal="2" offset="8" sl="16" sc="13" el="16" ec="40" bec="0" bev="0" fileid="5" />
                <SequencePoint vc="45" uspid="158" ordinal="3" offset="15" sl="17" sc="9" el="17" ec="10" bec="0" bev="0" fileid="5" />
              </SequencePoints>
              <BranchPoints />
              <MethodPoint xsi:type="SequencePoint" vc="45" uspid="155" ordinal="0" offset="0" sl="14" sc="9" el="14" ec="54" bec="0" bev="0" fileid="5" />
            </Method>
            <Method visited="true" cyclomaticComplexity="1" nPathComplexity="0" sequenceCoverage="100" branchCoverage="100" crapScore="1" isConstructor="false" isStatic="false" isGetter="false" isSetter="false">
              <Summary numSequencePoints="3" visitedSequencePoints="3" numBranchPoints="1" visitedBranchPoints="1" sequenceCoverage="100" branchCoverage="100" maxCyclomaticComplexity="1" minCyclomaticComplexity="1" maxCrapScore="1" minCrapScore="1" visitedClasses="0" numClasses="0" visitedMethods="1" numMethods="1" />
              <MetadataToken>100663298</MetadataToken>
              <Name>System.String ConversorDeNumeros.ConversorIndoParaRomano::Conversor()</Name>
              <FileRef uid="5" />
              <SequencePoints>
                <SequencePoint vc="40" uspid="159" ordinal="0" offset="0" sl="20" sc="9" el="20" ec="10" bec="0" bev="0" fileid="5" />
                <SequencePoint vc="40" uspid="160" ordinal="1" offset="1" sl="21" sc="13" el="21" ec="151" bec="0" bev="0" fileid="5" />
                <SequencePoint vc="40" uspid="161" ordinal="2" offset="60" sl="22" sc="9" el="22" ec="10" bec="0" bev="0" fileid="5" />
              </SequencePoints>
              <BranchPoints />
              <MethodPoint xsi:type="SequencePoint" vc="40" uspid="159" ordinal="0" offset="0" sl="20" sc="9" el="20" ec="10" bec="0" bev="0" fileid="5" />
            </Method>
            <Method visited="true" cyclomaticComplexity="11" nPathComplexity="10" sequenceCoverage="100" branchCoverage="100" crapScore="11" isConstructor="false" isStatic="false" isGetter="false" isSetter="false">
              <Summary numSequencePoints="13" visitedSequencePoints="13" numBranchPoints="11" visitedBranchPoints="11" sequenceCoverage="100" branchCoverage="100" maxCyclomaticComplexity="11" minCyclomaticComplexity="11" maxCrapScore="11" minCrapScore="11" visitedClasses="0" numClasses="0" visitedMethods="1" numMethods="1" />
              <MetadataToken>100663299</MetadataToken>
              <Name>System.String ConversorDeNumeros.ConversorIndoParaRomano::numerosRomanosUnidade()</Name>
              <FileRef uid="5" />
              <SequencePoints>
                <SequencePoint vc="41" uspid="162" ordinal="0" offset="0" sl="25" sc="9" el="25" ec="10" bec="0" bev="0" fileid="5" />
                <SequencePoint vc="41" uspid="163" ordinal="1" offset="1" sl="26" sc="13" el="26" ec="46" bec="10" bev="10" fileid="5" />
                <SequencePoint vc="3" uspid="164" ordinal="2" offset="61" sl="28" sc="26" el="28" ec="36" bec="0" bev="0" fileid="5" />
                <SequencePoint vc="6" uspid="165" ordinal="3" offset="69" sl="29" sc="25" el="29" ec="36" bec="0" bev="0" fileid="5" />
                <SequencePoint vc="5" uspid="166" ordinal="4" offset="77" sl="30" sc="25" el="30" ec="37" bec="0" bev="0" fileid="5" />
                <SequencePoint vc="5" uspid="167" ordinal="5" offset="85" sl="31" sc="25" el="31" ec="38" bec="0" bev="0" fileid="5" />
                <SequencePoint vc="5" uspid="168" ordinal="6" offset="93" sl="32" sc="25" el="32" ec="37" bec="0" bev="0" fileid="5" />
                <SequencePoint vc="5" uspid="169" ordinal="7" offset="101" sl="33" sc="25" el="33" ec="36" bec="0" bev="0" fileid="5" />
                <SequencePoint vc="3" uspid="170" ordinal="8" offset="109" sl="34" sc="25" el="34" ec="37" bec="0" bev="0" fileid="5" />
                <SequencePoint vc="3" uspid="171" ordinal="9" offset="117" sl="35" sc="25" el="35" ec="38" bec="0" bev="0" fileid="5" />
                <SequencePoint vc="3" uspid="172" ordinal="10" offset="125" sl="36" sc="25" el="36" ec="39" bec="0" bev="0" fileid="5" />
                <SequencePoint vc="3" uspid="173" ordinal="11" offset="133" sl="37" sc="25" el="37" ec="37" bec="0" bev="0" fileid="5" />
                <SequencePoint vc="41" uspid="174" ordinal="12" offset="141" sl="39" sc="9" el="39" ec="10" bec="0" bev="0" fileid="5" />
              </SequencePoints>
              <BranchPoints>
                <BranchPoint vc="3" uspid="175" ordinal="0" offset="18" sl="26" path="0" offsetchain="59" offsetend="61" fileid="5" />
                <BranchPoint vc="6" uspid="176" ordinal="1" offset="18" sl="26" path="1" offsetend="69" fileid="5" />
                <BranchPoint vc="5" uspid="177" ordinal="2" offset="18" sl="26" path="2" offsetend="77" fileid="5" />
                <BranchPoint vc="5" uspid="178" ordinal="3" offset="18" sl="26" path="3" offsetend="85" fileid="5" />
                <BranchPoint vc="5" uspid="179" ordinal="4" offset="18" sl="26" path="4" offsetend="93" fileid="5" />
                <BranchPoint vc="5" uspid="180" ordinal="5" offset="18" sl="26" path="5" offsetend="101" fileid="5" />
                <BranchPoint vc="3" uspid="181" ordinal="6" offset="18" sl="26" path="6" offsetend="109" fileid="5" />
                <BranchPoint vc="3" uspid="182" ordinal="7" offset="18" sl="26" path="7" offsetend="117" fileid="5" />
                <BranchPoint vc="3" uspid="183" ordinal="8" offset="18" sl="26" path="8" offsetend="125" fileid="5" />
                <BranchPoint vc="3" uspid="184" ordinal="9" offset="18" sl="26" path="9" offsetend="133" fileid="5" />
              </BranchPoints>
              <MethodPoint xsi:type="SequencePoint" vc="41" uspid="162" ordinal="0" offset="0" sl="25" sc="9" el="25" ec="10" bec="0" bev="0" fileid="5" />
            </Method>
            <Method visited="true" cyclomaticComplexity="11" nPathComplexity="10" sequenceCoverage="69.23" branchCoverage="63.64" crapScore="14.53" isConstructor="false" isStatic="false" isGetter="false" isSetter="false">
              <Summary numSequencePoints="13" visitedSequencePoints="9" numBranchPoints="11" visitedBranchPoints="7" sequenceCoverage="69.23" branchCoverage="63.64" maxCyclomaticComplexity="11" minCyclomaticComplexity="11" maxCrapScore="14.53" minCrapScore="14.53" visitedClasses="0" numClasses="0" visitedMethods="1" numMethods="1" />
              <MetadataToken>100663300</MetadataToken>
              <Name>System.String ConversorDeNumeros.ConversorIndoParaRomano::numerosRomanosDezena()</Name>
              <FileRef uid="5" />
              <SequencePoints>
                <SequencePoint vc="41" uspid="185" ordinal="0" offset="0" sl="42" sc="9" el="42" ec="10" bec="0" bev="0" fileid="5" />
                <SequencePoint vc="41" uspid="186" ordinal="1" offset="1" sl="43" sc="13" el="43" ec="44" bec="10" bev="6" fileid="5" />
                <SequencePoint vc="15" uspid="187" ordinal="2" offset="61" sl="45" sc="26" el="45" ec="36" bec="0" bev="0" fileid="5" />
                <SequencePoint vc="10" uspid="188" ordinal="3" offset="69" sl="46" sc="25" el="46" ec="36" bec="0" bev="0" fileid="5" />
                <SequencePoint vc="10" uspid="189" ordinal="4" offset="77" sl="47" sc="25" el="47" ec="37" bec="0" bev="0" fileid="5" />
                <SequencePoint vc="1" uspid="190" ordinal="5" offset="85" sl="48" sc="25" el="48" ec="38" bec="0" bev="0" fileid="5" />
                <SequencePoint vc="0" uspid="191" ordinal="6" offset="93" sl="49" sc="25" el="49" ec="37" bec="0" bev="0" fileid="5" />
                <SequencePoint vc="4" uspid="192" ordinal="7" offset="101" sl="50" sc="25" el="50" ec="36" bec="0" bev="0" fileid="5" />
                <SequencePoint vc="1" uspid="193" ordinal="8" offset="109" sl="51" sc="25" el="51" ec="37" bec="0" bev="0" fileid="5" />
                <SequencePoint vc="0" uspid="194" ordinal="9" offset="117" sl="52" sc="25" el="52" ec="38" bec="0" bev="0" fileid="5" />
                <SequencePoint vc="0" uspid="195" ordinal="10" offset="125" sl="53" sc="25" el="53" ec="39" bec="0" bev="0" fileid="5" />
                <SequencePoint vc="0" uspid="196" ordinal="11" offset="133" sl="54" sc="25" el="54" ec="37" bec="0" bev="0" fileid="5" />
                <SequencePoint vc="41" uspid="197" ordinal="12" offset="141" sl="56" sc="9" el="56" ec="10" bec="0" bev="0" fileid="5" />
              </SequencePoints>
              <BranchPoints>
                <BranchPoint vc="15" uspid="198" ordinal="0" offset="18" sl="43" path="0" offsetchain="59" offsetend="61" fileid="5" />
                <BranchPoint vc="10" uspid="199" ordinal="1" offset="18" sl="43" path="1" offsetend="69" fileid="5" />
                <BranchPoint vc="10" uspid="200" ordinal="2" offset="18" sl="43" path="2" offsetend="77" fileid="5" />
                <BranchPoint vc="1" uspid="201" ordinal="3" offset="18" sl="43" path="3" offsetend="85" fileid="5" />
                <BranchPoint vc="0" uspid="202" ordinal="4" offset="18" sl="43" path="4" offsetend="93" fileid="5" />
                <BranchPoint vc="4" uspid="203" ordinal="5" offset="18" sl="43" path="5" offsetend="101" fileid="5" />
                <BranchPoint vc="1" uspid="204" ordinal="6" offset="18" sl="43" path="6" offsetend="109" fileid="5" />
                <BranchPoint vc="0" uspid="205" ordinal="7" offset="18" sl="43" path="7" offsetend="117" fileid="5" />
                <BranchPoint vc="0" uspid="206" ordinal="8" offset="18" sl="43" path="8" offsetend="125" fileid="5" />
                <BranchPoint vc="0" uspid="207" ordinal="9" offset="18" sl="43" path="9" offsetend="133" fileid="5" />
              </BranchPoints>
              <MethodPoint xsi:type="SequencePoint" vc="41" uspid="185" ordinal="0" offset="0" sl="42" sc="9" el="42" ec="10" bec="0" bev="0" fileid="5" />
            </Method>
            <Method visited="true" cyclomaticComplexity="11" nPathComplexity="10" sequenceCoverage="38.46" branchCoverage="27.27" crapScore="39.20" isConstructor="false" isStatic="false" isGetter="false" isSetter="false">
              <Summary numSequencePoints="13" visitedSequencePoints="5" numBranchPoints="11" visitedBranchPoints="3" sequenceCoverage="38.46" branchCoverage="27.27" maxCyclomaticComplexity="11" minCyclomaticComplexity="11" maxCrapScore="39.20" minCrapScore="39.20" visitedClasses="0" numClasses="0" visitedMethods="1" numMethods="1" />
              <MetadataToken>100663301</MetadataToken>
              <Name>System.String ConversorDeNumeros.ConversorIndoParaRomano::numerosRomanosCentena()</Name>
              <FileRef uid="5" />
              <SequencePoints>
                <SequencePoint vc="41" uspid="208" ordinal="0" offset="0" sl="59" sc="9" el="59" ec="10" bec="0" bev="0" fileid="5" />
                <SequencePoint vc="41" uspid="209" ordinal="1" offset="1" sl="60" sc="13" el="60" ec="46" bec="10" bev="2" fileid="5" />
                <SequencePoint vc="35" uspid="210" ordinal="2" offset="61" sl="62" sc="26" el="62" ec="36" bec="0" bev="0" fileid="5" />
                <SequencePoint vc="6" uspid="211" ordinal="3" offset="69" sl="63" sc="25" el="63" ec="36" bec="0" bev="0" fileid="5" />
                <SequencePoint vc="0" uspid="212" ordinal="4" offset="77" sl="64" sc="25" el="64" ec="37" bec="0" bev="0" fileid="5" />
                <SequencePoint vc="0" uspid="213" ordinal="5" offset="85" sl="65" sc="25" el="65" ec="38" bec="0" bev="0" fileid="5" />
                <SequencePoint vc="0" uspid="214" ordinal="6" offset="93" sl="66" sc="25" el="66" ec="37" bec="0" bev="0" fileid="5" />
                <SequencePoint vc="0" uspid="215" ordinal="7" offset="101" sl="67" sc="25" el="67" ec="36" bec="0" bev="0" fileid="5" />
                <SequencePoint vc="0" uspid="216" ordinal="8" offset="109" sl="68" sc="25" el="68" ec="37" bec="0" bev="0" fileid="5" />
                <SequencePoint vc="0" uspid="217" ordinal="9" offset="117" sl="69" sc="25" el="69" ec="38" bec="0" bev="0" fileid="5" />
                <SequencePoint vc="0" uspid="218" ordinal="10" offset="125" sl="70" sc="25" el="70" ec="39" bec="0" bev="0" fileid="5" />
                <SequencePoint vc="0" uspid="219" ordinal="11" offset="133" sl="71" sc="25" el="71" ec="37" bec="0" bev="0" fileid="5" />
                <SequencePoint vc="41" uspid="220" ordinal="12" offset="141" sl="73" sc="9" el="73" ec="10" bec="0" bev="0" fileid="5" />
              </SequencePoints>
              <BranchPoints>
                <BranchPoint vc="35" uspid="221" ordinal="0" offset="18" sl="60" path="0" offsetchain="59" offsetend="61" fileid="5" />
                <BranchPoint vc="6" uspid="222" ordinal="1" offset="18" sl="60" path="1" offsetend="69" fileid="5" />
                <BranchPoint vc="0" uspid="223" ordinal="2" offset="18" sl="60" path="2" offsetend="77" fileid="5" />
                <BranchPoint vc="0" uspid="224" ordinal="3" offset="18" sl="60" path="3" offsetend="85" fileid="5" />
                <BranchPoint vc="0" uspid="225" ordinal="4" offset="18" sl="60" path="4" offsetend="93" fileid="5" />
                <BranchPoint vc="0" uspid="226" ordinal="5" offset="18" sl="60" path="5" offsetend="101" fileid="5" />
                <BranchPoint vc="0" uspid="227" ordinal="6" offset="18" sl="60" path="6" offsetend="109" fileid="5" />
                <BranchPoint vc="0" uspid="228" ordinal="7" offset="18" sl="60" path="7" offsetend="117" fileid="5" />
                <BranchPoint vc="0" uspid="229" ordinal="8" offset="18" sl="60" path="8" offsetend="125" fileid="5" />
                <BranchPoint vc="0" uspid="230" ordinal="9" offset="18" sl="60" path="9" offsetend="133" fileid="5" />
              </BranchPoints>
              <MethodPoint xsi:type="SequencePoint" vc="41" uspid="208" ordinal="0" offset="0" sl="59" sc="9" el="59" ec="10" bec="0" bev="0" fileid="5" />
            </Method>
            <Method visited="true" cyclomaticComplexity="11" nPathComplexity="10" sequenceCoverage="38.46" branchCoverage="27.27" crapScore="39.20" isConstructor="false" isStatic="false" isGetter="false" isSetter="false">
              <Summary numSequencePoints="13" visitedSequencePoints="5" numBranchPoints="11" visitedBranchPoints="3" sequenceCoverage="38.46" branchCoverage="27.27" maxCyclomaticComplexity="11" minCyclomaticComplexity="11" maxCrapScore="39.20" minCrapScore="39.20" visitedClasses="0" numClasses="0" visitedMethods="1" numMethods="1" />
              <MetadataToken>100663302</MetadataToken>
              <Name>System.String ConversorDeNumeros.ConversorIndoParaRomano::numerosRomanosMilhar()</Name>
              <FileRef uid="5" />
              <SequencePoints>
                <SequencePoint vc="41" uspid="231" ordinal="0" offset="0" sl="76" sc="9" el="76" ec="10" bec="0" bev="0" fileid="5" />
                <SequencePoint vc="41" uspid="232" ordinal="1" offset="1" sl="77" sc="13" el="77" ec="45" bec="10" bev="2" fileid="5" />
                <SequencePoint vc="35" uspid="233" ordinal="2" offset="61" sl="79" sc="26" el="79" ec="36" bec="0" bev="0" fileid="5" />
                <SequencePoint vc="6" uspid="234" ordinal="3" offset="69" sl="80" sc="25" el="80" ec="36" bec="0" bev="0" fileid="5" />
                <SequencePoint vc="0" uspid="235" ordinal="4" offset="77" sl="81" sc="25" el="81" ec="37" bec="0" bev="0" fileid="5" />
                <SequencePoint vc="0" uspid="236" ordinal="5" offset="85" sl="82" sc="25" el="82" ec="38" bec="0" bev="0" fileid="5" />
                <SequencePoint vc="0" uspid="237" ordinal="6" offset="93" sl="83" sc="25" el="83" ec="38" bec="0" bev="0" fileid="5" />
                <SequencePoint vc="0" uspid="238" ordinal="7" offset="101" sl="84" sc="25" el="84" ec="37" bec="0" bev="0" fileid="5" />
                <SequencePoint vc="0" uspid="239" ordinal="8" offset="109" sl="85" sc="25" el="85" ec="38" bec="0" bev="0" fileid="5" />
                <SequencePoint vc="0" uspid="240" ordinal="9" offset="117" sl="86" sc="25" el="86" ec="39" bec="0" bev="0" fileid="5" />
                <SequencePoint vc="0" uspid="241" ordinal="10" offset="125" sl="87" sc="25" el="87" ec="40" bec="0" bev="0" fileid="5" />
                <SequencePoint vc="0" uspid="242" ordinal="11" offset="133" sl="88" sc="25" el="88" ec="38" bec="0" bev="0" fileid="5" />
                <SequencePoint vc="41" uspid="243" ordinal="12" offset="141" sl="90" sc="9" el="90" ec="10" bec="0" bev="0" fileid="5" />
              </SequencePoints>
              <BranchPoints>
                <BranchPoint vc="35" uspid="244" ordinal="0" offset="18" sl="77" path="0" offsetchain="59" offsetend="61" fileid="5" />
                <BranchPoint vc="6" uspid="245" ordinal="1" offset="18" sl="77" path="1" offsetend="69" fileid="5" />
                <BranchPoint vc="0" uspid="246" ordinal="2" offset="18" sl="77" path="2" offsetend="77" fileid="5" />
                <BranchPoint vc="0" uspid="247" ordinal="3" offset="18" sl="77" path="3" offsetend="85" fileid="5" />
                <BranchPoint vc="0" uspid="248" ordinal="4" offset="18" sl="77" path="4" offsetend="93" fileid="5" />
                <BranchPoint vc="0" uspid="249" ordinal="5" offset="18" sl="77" path="5" offsetend="101" fileid="5" />
                <BranchPoint vc="0" uspid="250" ordinal="6" offset="18" sl="77" path="6" offsetend="109" fileid="5" />
                <BranchPoint vc="0" uspid="251" ordinal="7" offset="18" sl="77" path="7" offsetend="117" fileid="5" />
                <BranchPoint vc="0" uspid="252" ordinal="8" offset="18" sl="77" path="8" offsetend="125" fileid="5" />
                <BranchPoint vc="0" uspid="253" ordinal="9" offset="18" sl="77" path="9" offsetend="133" fileid="5" />
              </BranchPoints>
              <MethodPoint xsi:type="SequencePoint" vc="41" uspid="231" ordinal="0" offset="0" sl="76" sc="9" el="76" ec="10" bec="0" bev="0" fileid="5" />
            </Method>
            <Method visited="true" cyclomaticComplexity="2" nPathComplexity="2" sequenceCoverage="100" branchCoverage="100" crapScore="2" isConstructor="false" isStatic="false" isGetter="false" isSetter="false">
              <Summary numSequencePoints="5" visitedSequencePoints="5" numBranchPoints="3" visitedBranchPoints="3" sequenceCoverage="100" branchCoverage="100" maxCyclomaticComplexity="2" minCyclomaticComplexity="2" maxCrapScore="2" minCrapScore="2" visitedClasses="0" numClasses="0" visitedMethods="1" numMethods="1" />
              <MetadataToken>100663303</MetadataToken>
              <Name>System.String ConversorDeNumeros.ConversorIndoParaRomano::numerosRomanosDezenaMilhar()</Name>
              <FileRef uid="5" />
              <SequencePoints>
                <SequencePoint vc="41" uspid="254" ordinal="0" offset="0" sl="93" sc="9" el="93" ec="10" bec="0" bev="0" fileid="5" />
                <SequencePoint vc="41" uspid="255" ordinal="1" offset="1" sl="94" sc="13" el="94" ec="51" bec="2" bev="2" fileid="5" />
                <SequencePoint vc="35" uspid="256" ordinal="2" offset="21" sl="96" sc="26" el="96" ec="36" bec="0" bev="0" fileid="5" />
                <SequencePoint vc="6" uspid="257" ordinal="3" offset="29" sl="97" sc="25" el="97" ec="37" bec="0" bev="0" fileid="5" />
                <SequencePoint vc="41" uspid="258" ordinal="4" offset="37" sl="99" sc="9" el="99" ec="10" bec="0" bev="0" fileid="5" />
              </SequencePoints>
              <BranchPoints>
                <BranchPoint vc="35" uspid="259" ordinal="0" offset="17" sl="94" path="0" offsetchain="19" offsetend="21" fileid="5" />
                <BranchPoint vc="6" uspid="260" ordinal="1" offset="17" sl="94" path="1" offsetend="29" fileid="5" />
              </BranchPoints>
              <MethodPoint xsi:type="SequencePoint" vc="41" uspid="254" ordinal="0" offset="0" sl="93" sc="9" el="93" ec="10" bec="0" bev="0" fileid="5" />
            </Method>
          </Methods>
        </Class>
        <Class>
          <Summary numSequencePoints="102" visitedSequencePoints="79" numBranchPoints="85" visitedBranchPoints="59" sequenceCoverage="77.45" branchCoverage="69.41" maxCyclomaticComplexity="16" minCyclomaticComplexity="1" maxCrapScore="23.84" minCrapScore="1" visitedClasses="1" numClasses="1" visitedMethods="7" numMethods="7" />
          <FullName>ConversorDeNumeros.ConversorRomanoParaIndo</FullName>
          <Methods>
            <Method visited="true" cyclomaticComplexity="1" nPathComplexity="0" sequenceCoverage="100" branchCoverage="100" crapScore="1" isConstructor="true" isStatic="false" isGetter="false" isSetter="false">
              <Summary numSequencePoints="4" visitedSequencePoints="4" numBranchPoints="1" visitedBranchPoints="1" sequenceCoverage="100" branchCoverage="100" maxCyclomaticComplexity="1" minCyclomaticComplexity="1" maxCrapScore="1" minCrapScore="1" visitedClasses="0" numClasses="0" visitedMethods="1" numMethods="1" />
              <MetadataToken>100663304</MetadataToken>
              <Name>System.Void ConversorDeNumeros.ConversorRomanoParaIndo::.ctor(System.String)</Name>
              <FileRef uid="6" />
              <SequencePoints>
                <SequencePoint vc="9" uspid="261" ordinal="0" offset="0" sl="14" sc="9" el="14" ec="60" bec="0" bev="0" fileid="6" />
                <SequencePoint vc="9" uspid="262" ordinal="1" offset="7" sl="15" sc="9" el="15" ec="10" bec="0" bev="0" fileid="6" />
                <SequencePoint vc="9" uspid="263" ordinal="2" offset="8" sl="16" sc="13" el="16" ec="46" bec="0" bev="0" fileid="6" />
                <SequencePoint vc="9" uspid="264" ordinal="3" offset="15" sl="17" sc="9" el="17" ec="10" bec="0" bev="0" fileid="6" />
              </SequencePoints>
              <BranchPoints />
              <MethodPoint xsi:type="SequencePoint" vc="9" uspid="261" ordinal="0" offset="0" sl="14" sc="9" el="14" ec="60" bec="0" bev="0" fileid="6" />
            </Method>
            <Method visited="true" cyclomaticComplexity="11" nPathComplexity="512" sequenceCoverage="95.65" branchCoverage="84.21" crapScore="11.01" isConstructor="false" isStatic="false" isGetter="false" isSetter="false">
              <Summary numSequencePoints="23" visitedSequencePoints="22" numBranchPoints="19" visitedBranchPoints="16" sequenceCoverage="95.65" branchCoverage="84.21" maxCyclomaticComplexity="11" minCyclomaticComplexity="11" maxCrapScore="11.01" minCrapScore="11.01" visitedClasses="0" numClasses="0" visitedMethods="1" numMethods="1" />
              <MetadataToken>100663305</MetadataToken>
              <Name>System.Int32 ConversorDeNumeros.ConversorRomanoParaIndo::Conversor()</Name>
              <FileRef uid="6" />
              <SequencePoints>
                <SequencePoint vc="9" uspid="265" ordinal="0" offset="0" sl="20" sc="9" el="20" ec="10" bec="0" bev="0" fileid="6" />
                <SequencePoint vc="9" uspid="266" ordinal="1" offset="1" sl="21" sc="13" el="21" ec="31" bec="0" bev="0" fileid="6" />
                <SequencePoint vc="9" uspid="267" ordinal="2" offset="3" sl="22" sc="13" el="22" ec="71" bec="0" bev="0" fileid="6" />
                <SequencePoint vc="9" uspid="268" ordinal="3" offset="10" sl="24" sc="13" el="24" ec="38" bec="2" bev="2" fileid="6" />
                <SequencePoint vc="8" uspid="269" ordinal="4" offset="23" sl="25" sc="13" el="25" ec="14" bec="0" bev="0" fileid="6" />
                <SequencePoint vc="8" uspid="270" ordinal="5" offset="24" sl="26" sc="17" el="26" ec="24" bec="0" bev="0" fileid="6" />
                <SequencePoint vc="8" uspid="271" ordinal="6" offset="25" sl="26" sc="39" el="26" ec="62" bec="0" bev="0" fileid="6" />
                <SequencePoint vc="21" uspid="272" ordinal="7" offset="32" sl="26" sc="26" el="26" ec="35" bec="0" bev="0" fileid="6" />
                <SequencePoint vc="21" uspid="273" ordinal="8" offset="42" sl="27" sc="17" el="27" ec="18" bec="0" bev="0" fileid="6" />
                <SequencePoint vc="21" uspid="274" ordinal="9" offset="43" sl="28" sc="21" el="28" ec="66" bec="0" bev="0" fileid="6" />
                <SequencePoint vc="21" uspid="275" ordinal="10" offset="54" sl="29" sc="17" el="29" ec="18" bec="0" bev="0" fileid="6" />
                <SequencePoint vc="29" uspid="276" ordinal="11" offset="61" sl="26" sc="36" el="26" ec="38" bec="0" bev="0" fileid="6" />
                <SequencePoint vc="8" uspid="277" ordinal="12" offset="71" sl="31" sc="17" el="31" ec="80" bec="4" bev="4" fileid="6" />
                <SequencePoint vc="2" uspid="278" ordinal="13" offset="114" sl="32" sc="21" el="32" ec="36" bec="0" bev="0" fileid="6" />
                <SequencePoint vc="8" uspid="279" ordinal="14" offset="118" sl="34" sc="17" el="34" ec="80" bec="4" bev="2" fileid="6" />
                <SequencePoint vc="0" uspid="280" ordinal="15" offset="161" sl="35" sc="21" el="35" ec="37" bec="0" bev="0" fileid="6" />
                <SequencePoint vc="8" uspid="281" ordinal="16" offset="166" sl="37" sc="17" el="37" ec="80" bec="4" bev="3" fileid="6" />
                <SequencePoint vc="1" uspid="282" ordinal="17" offset="209" sl="38" sc="21" el="38" ec="38" bec="0" bev="0" fileid="6" />
                <SequencePoint vc="8" uspid="283" ordinal="18" offset="217" sl="40" sc="17" el="40" ec="80" bec="4" bev="4" fileid="6" />
                <SequencePoint vc="3" uspid="284" ordinal="19" offset="260" sl="41" sc="21" el="41" ec="39" bec="0" bev="0" fileid="6" />
                <SequencePoint vc="8" uspid="285" ordinal="20" offset="268" sl="43" sc="17" el="43" ec="34" bec="0" bev="0" fileid="6" />
                <SequencePoint vc="1" uspid="286" ordinal="21" offset="273" sl="46" sc="17" el="46" ec="27" bec="0" bev="0" fileid="6" />
                <SequencePoint vc="9" uspid="287" ordinal="22" offset="278" sl="47" sc="9" el="47" ec="10" bec="0" bev="0" fileid="6" />
              </SequencePoints>
              <BranchPoints>
                <BranchPoint vc="8" uspid="288" ordinal="0" offset="18" sl="24" path="0" offsetend="23" fileid="6" />
                <BranchPoint vc="1" uspid="289" ordinal="1" offset="18" sl="24" path="1" offsetend="273" fileid="6" />
                <BranchPoint vc="7" uspid="292" ordinal="4" offset="87" sl="31" path="0" offsetend="89" fileid="6" />
                <BranchPoint vc="1" uspid="293" ordinal="5" offset="87" sl="31" path="1" offsetend="107" fileid="6" />
                <BranchPoint vc="2" uspid="294" ordinal="6" offset="112" sl="31" path="0" offsetend="114" fileid="6" />
                <BranchPoint vc="6" uspid="295" ordinal="7" offset="112" sl="31" path="1" offsetend="118" fileid="6" />
                <BranchPoint vc="8" uspid="296" ordinal="8" offset="134" sl="34" path="0" offsetend="136" fileid="6" />
                <BranchPoint vc="0" uspid="297" ordinal="9" offset="134" sl="34" path="1" offsetend="154" fileid="6" />
                <BranchPoint vc="0" uspid="298" ordinal="10" offset="159" sl="34" path="0" offsetend="161" fileid="6" />
                <BranchPoint vc="8" uspid="299" ordinal="11" offset="159" sl="34" path="1" offsetend="166" fileid="6" />
                <BranchPoint vc="8" uspid="300" ordinal="12" offset="182" sl="37" path="0" offsetend="184" fileid="6" />
                <BranchPoint vc="0" uspid="301" ordinal="13" offset="182" sl="37" path="1" offsetend="202" fileid="6" />
                <BranchPoint vc="1" uspid="302" ordinal="14" offset="207" sl="37" path="0" offsetend="209" fileid="6" />
                <BranchPoint vc="7" uspid="303" ordinal="15" offset="207" sl="37" path="1" offsetend="217" fileid="6" />
                <BranchPoint vc="5" uspid="304" ordinal="16" offset="233" sl="40" path="0" offsetend="235" fileid="6" />
                <BranchPoint vc="3" uspid="305" ordinal="17" offset="233" sl="40" path="1" offsetend="253" fileid="6" />
                <BranchPoint vc="3" uspid="306" ordinal="18" offset="258" sl="40" path="0" offsetend="260" fileid="6" />
                <BranchPoint vc="5" uspid="307" ordinal="19" offset="258" sl="40" path="1" offsetend="268" fileid="6" />
              </BranchPoints>
              <MethodPoint xsi:type="SequencePoint" vc="9" uspid="265" ordinal="0" offset="0" sl="20" sc="9" el="20" ec="10" bec="0" bev="0" fileid="6" />
            </Method>
            <Method visited="true" cyclomaticComplexity="3" nPathComplexity="4" sequenceCoverage="100" branchCoverage="100" crapScore="3" isConstructor="false" isStatic="false" isGetter="false" isSetter="false">
              <Summary numSequencePoints="5" visitedSequencePoints="5" numBranchPoints="5" visitedBranchPoints="5" sequenceCoverage="100" branchCoverage="100" maxCyclomaticComplexity="3" minCyclomaticComplexity="3" maxCrapScore="3" minCrapScore="3" visitedClasses="0" numClasses="0" visitedMethods="1" numMethods="1" />
              <MetadataToken>100663306</MetadataToken>
              <Name>System.Boolean ConversorDeNumeros.ConversorRomanoParaIndo::ValidaNumeroRomano()</Name>
              <FileRef uid="6" />
              <SequencePoints>
                <SequencePoint vc="9" uspid="308" ordinal="0" offset="0" sl="50" sc="9" el="50" ec="10" bec="0" bev="0" fileid="6" />
                <SequencePoint vc="9" uspid="309" ordinal="1" offset="1" sl="51" sc="13" el="51" ec="98" bec="4" bev="4" fileid="6" />
                <SequencePoint vc="8" uspid="310" ordinal="2" offset="22" sl="52" sc="17" el="52" ec="29" bec="0" bev="0" fileid="6" />
                <SequencePoint vc="1" uspid="311" ordinal="3" offset="26" sl="54" sc="17" el="54" ec="30" bec="0" bev="0" fileid="6" />
                <SequencePoint vc="9" uspid="312" ordinal="4" offset="30" sl="55" sc="9" el="55" ec="10" bec="0" bev="0" fileid="6" />
              </SequencePoints>
              <BranchPoints>
[...]
            </Method>
            <Method visited="true" cyclomaticComplexity="16" nPathComplexity="6144" sequenceCoverage="76" branchCoverage="62.96" crapScore="19.54" isConstructor="false" isStatic="false" isGetter="false" isSetter="false">
              <Summary numSequencePoints="25" visitedSequencePoints="19" numBranchPoints="27" visitedBranchPoints="17" sequenceCoverage="76" branchCoverage="62.96" maxCyclomaticComplexity="16" minCyclomaticComplexity="16" maxCrapScore="19.54" minCrapScore="19.54" visitedClasses="0" numClasses="0" visitedMethods="1" numMethods="1" />
              <MetadataToken>100663309</MetadataToken>
              <Name>System.Int32 ConversorDeNumeros.ConversorRomanoParaIndo::ConverterLetraParaNumero(System.Char)</Name>
              <FileRef uid="6" />
              <SequencePoints>
                <SequencePoint vc="21" uspid="385" ordinal="0" offset="0" sl="113" sc="9" el="113" ec="10" bec="0" bev="0" fileid="6" />
                <SequencePoint vc="21" uspid="386" ordinal="1" offset="1" sl="114" sc="13" el="114" ec="27" bec="21" bev="16" fileid="6" />
                <SequencePoint vc="0" uspid="387" ordinal="2" offset="106" sl="117" sc="21" el="117" ec="22" bec="0" bev="0" fileid="6" />
                <SequencePoint vc="0" uspid="388" ordinal="3" offset="107" sl="118" sc="25" el="118" ec="38" bec="0" bev="0" fileid="6" />
                <SequencePoint vc="3" uspid="389" ordinal="4" offset="115" sl="121" sc="21" el="121" ec="22" bec="0" bev="0" fileid="6" />
                <SequencePoint vc="3" uspid="390" ordinal="5" offset="116" sl="122" sc="25" el="122" ec="37" bec="0" bev="0" fileid="6" />
                <SequencePoint vc="3" uspid="391" ordinal="6" offset="124" sl="125" sc="21" el="125" ec="22" bec="0" bev="0" fileid="6" />
                <SequencePoint vc="3" uspid="392" ordinal="7" offset="125" sl="126" sc="25" el="126" ec="37" bec="0" bev="0" fileid="6" />
                <SequencePoint vc="2" uspid="393" ordinal="8" offset="133" sl="129" sc="21" el="129" ec="22" bec="0" bev="0" fileid="6" />
                <SequencePoint vc="2" uspid="394" ordinal="9" offset="134" sl="130" sc="25" el="130" ec="37" bec="0" bev="0" fileid="6" />
                <SequencePoint vc="0" uspid="395" ordinal="10" offset="142" sl="134" sc="21" el="134" ec="22" bec="0" bev="0" fileid="6" />
                <SequencePoint vc="0" uspid="396" ordinal="11" offset="143" sl="135" sc="25" el="135" ec="36" bec="0" bev="0" fileid="6" />
                <SequencePoint vc="2" uspid="397" ordinal="12" offset="151" sl="139" sc="21" el="139" ec="22" bec="0" bev="0" fileid="6" />
                <SequencePoint vc="2" uspid="398" ordinal="13" offset="152" sl="140" sc="25" el="140" ec="36" bec="0" bev="0" fileid="6" />
                <SequencePoint vc="2" uspid="399" ordinal="14" offset="157" sl="144" sc="21" el="144" ec="22" bec="0" bev="0" fileid="6" />
                <SequencePoint vc="2" uspid="400" ordinal="15" offset="158" sl="145" sc="25" el="145" ec="35" bec="0" bev="0" fileid="6" />
                <SequencePoint vc="4" uspid="401" ordinal="16" offset="163" sl="149" sc="21" el="149" ec="22" bec="0" bev="0" fileid="6" />
                <SequencePoint vc="4" uspid="402" ordinal="17" offset="164" sl="150" sc="25" el="150" ec="35" bec="0" bev="0" fileid="6" />
                <SequencePoint vc="1" uspid="403" ordinal="18" offset="169" sl="154" sc="21" el="154" ec="22" bec="0" bev="0" fileid="6" />
                <SequencePoint vc="1" uspid="404" ordinal="19" offset="170" sl="155" sc="25" el="155" ec="34" bec="0" bev="0" fileid="6" />
                <SequencePoint vc="4" uspid="405" ordinal="20" offset="174" sl="159" sc="21" el="159" ec="22" bec="0" bev="0" fileid="6" />
                <SequencePoint vc="4" uspid="406" ordinal="21" offset="175" sl="160" sc="25" el="160" ec="34" bec="0" bev="0" fileid="6" />
                <SequencePoint vc="0" uspid="407" ordinal="22" offset="179" sl="164" sc="21" el="164" ec="22" bec="0" bev="0" fileid="6" />
                <SequencePoint vc="0" uspid="408" ordinal="23" offset="180" sl="165" sc="25" el="165" ec="34" bec="0" bev="0" fileid="6" />
                <SequencePoint vc="21" uspid="409" ordinal="24" offset="184" sl="168" sc="9" el="168" ec="10" bec="0" bev="0" fileid="6" />
              </SequencePoints>
              <BranchPoints>
                <BranchPoint vc="11" uspid="410" ordinal="0" offset="8" sl="114" path="0" offsetend="10" fileid="6" />
                <BranchPoint vc="10" uspid="411" ordinal="1" offset="8" sl="114" path="1" offsetend="73" fileid="6" />
                <BranchPoint vc="2" uspid="412" ordinal="2" offset="13" sl="114" path="0" offsetend="15" fileid="6" />
                <BranchPoint vc="9" uspid="413" ordinal="3" offset="13" sl="114" path="1" offsetend="35" fileid="6" />
                <BranchPoint vc="0" uspid="414" ordinal="4" offset="18" sl="114" path="0" offsetchain="23" offsetend="25" fileid="6" />
                <BranchPoint vc="2" uspid="415" ordinal="5" offset="18" sl="114" path="1" offsetend="151" fileid="6" />
                <BranchPoint vc="0" uspid="416" ordinal="6" offset="28" sl="114" path="0" offsetchain="30" offsetend="179" fileid="6" />
                <BranchPoint vc="0" uspid="417" ordinal="7" offset="28" sl="114" path="1" offsetend="142" fileid="6" />
                <BranchPoint vc="1" uspid="418" ordinal="8" offset="39" sl="114" path="0" offsetchain="64" offsetend="66" fileid="6" />
                <BranchPoint vc="4" uspid="419" ordinal="9" offset="39" sl="114" path="1" offsetend="174" fileid="6" />
                <BranchPoint vc="0" uspid="420" ordinal="10" offset="39" sl="114" path="2" offsetend="179" fileid="6" />
                <BranchPoint vc="0" uspid="421" ordinal="11" offset="39" sl="114" path="3" offsetend="179" fileid="6" />
                <BranchPoint vc="2" uspid="422" ordinal="12" offset="39" sl="114" path="4" offsetend="157" fileid="6" />
                <BranchPoint vc="2" uspid="423" ordinal="13" offset="39" sl="114" path="5" offsetend="133" fileid="6" />
                <BranchPoint vc="0" uspid="424" ordinal="14" offset="69" sl="114" path="0" offsetchain="71" offsetend="179" fileid="6" />
                <BranchPoint vc="1" uspid="425" ordinal="15" offset="69" sl="114" path="1" offsetend="169" fileid="6" />
                <BranchPoint vc="7" uspid="426" ordinal="16" offset="76" sl="114" path="0" offsetend="78" fileid="6" />
                <BranchPoint vc="3" uspid="427" ordinal="17" offset="76" sl="114" path="1" offsetend="92" fileid="6" />
                <BranchPoint vc="3" uspid="428" ordinal="18" offset="81" sl="114" path="0" offsetchain="83" offsetend="85" fileid="6" />
                <BranchPoint vc="4" uspid="429" ordinal="19" offset="81" sl="114" path="1" offsetend="163" fileid="6" />
                <BranchPoint vc="0" uspid="430" ordinal="20" offset="88" sl="114" path="0" offsetchain="90" offsetend="179" fileid="6" />
                <BranchPoint vc="3" uspid="431" ordinal="21" offset="88" sl="114" path="1" offsetend="124" fileid="6" />
                <BranchPoint vc="0" uspid="432" ordinal="22" offset="95" sl="114" path="0" offsetchain="97" offsetend="99" fileid="6" />
                <BranchPoint vc="3" uspid="433" ordinal="23" offset="95" sl="114" path="1" offsetend="115" fileid="6" />
                <BranchPoint vc="0" uspid="434" ordinal="24" offset="102" sl="114" path="0" offsetchain="104" offsetend="179" fileid="6" />
                <BranchPoint vc="0" uspid="435" ordinal="25" offset="102" sl="114" path="1" offsetend="106" fileid="6" />
              </BranchPoints>
              <MethodPoint xsi:type="SequencePoint" vc="21" uspid="385" ordinal="0" offset="0" sl="113" sc="9" el="113" ec="10" bec="0" bev="0" fileid="6" />
            </Method>
            <Method visited="true" cyclomaticComplexity="1" nPathComplexity="0" sequenceCoverage="100" branchCoverage="100" crapScore="1" isConstructor="false" isStatic="false" isGetter="false" isSetter="false">
              <Summary numSequencePoints="7" visitedSequencePoints="7" numBranchPoints="1" visitedBranchPoints="1" sequenceCoverage="100" branchCoverage="100" maxCyclomaticComplexity="1" minCyclomaticComplexity="1" maxCrapScore="1" minCrapScore="1" visitedClasses="0" numClasses="0" visitedMethods="1" numMethods="1" />
              <MetadataToken>100663310</MetadataToken>
              <Name>System.String ConversorDeNumeros.ConversorRomanoParaIndo::NormalizarNumeroRomano()</Name>
              <FileRef uid="6" />
              <SequencePoints>
                <SequencePoint vc="9" uspid="436" ordinal="0" offset="0" sl="171" sc="9" el="171" ec="10" bec="0" bev="0" fileid="6" />
                <SequencePoint vc="9" uspid="437" ordinal="1" offset="1" sl="172" sc="13" el="172" ec="51" bec="0" bev="0" fileid="6" />
                <SequencePoint vc="9" uspid="438" ordinal="2" offset="18" sl="173" sc="13" el="173" ec="59" bec="0" bev="0" fileid="6" />
                <SequencePoint vc="9" uspid="439" ordinal="3" offset="45" sl="174" sc="13" el="174" ec="60" bec="0" bev="0" fileid="6" />
                <SequencePoint vc="9" uspid="440" ordinal="4" offset="72" sl="175" sc="13" el="175" ec="60" bec="0" bev="0" fileid="6" />
                <SequencePoint vc="9" uspid="441" ordinal="5" offset="99" sl="177" sc="13" el="177" ec="33" bec="0" bev="0" fileid="6" />
                <SequencePoint vc="9" uspid="442" ordinal="6" offset="108" sl="178" sc="9" el="178" ec="10" bec="0" bev="0" fileid="6" />
              </SequencePoints>
              <BranchPoints />
              <MethodPoint xsi:type="SequencePoint" vc="9" uspid="436" ordinal="0" offset="0" sl="171" sc="9" el="171" ec="10" bec="0" bev="0" fileid="6" />
            </Method>
          </Methods>
        </Class>
        <Class>
          <Summary numSequencePoints="2" visitedSequencePoints="0" numBranchPoints="1" visitedBranchPoints="0" sequenceCoverage="0" branchCoverage="0" maxCyclomaticComplexity="1" minCyclomaticComplexity="1" maxCrapScore="2" minCrapScore="2" visitedClasses="0" numClasses="1" visitedMethods="0" numMethods="1" />
          <FullName>ConversorDeNumeros.Program</FullName>
          <Methods>
            <Method visited="false" cyclomaticComplexity="1" nPathComplexity="0" sequenceCoverage="0" branchCoverage="0" crapScore="2" isConstructor="false" isStatic="true" isGetter="false" isSetter="false">
              <Summary numSequencePoints="2" visitedSequencePoints="0" numBranchPoints="1" visitedBranchPoints="0" sequenceCoverage="0" branchCoverage="0" maxCyclomaticComplexity="1" minCyclomaticComplexity="1" maxCrapScore="2" minCrapScore="2" visitedClasses="0" numClasses="0" visitedMethods="0" numMethods="1" />
              <MetadataToken>100663311</MetadataToken>
              <Name>System.Void ConversorDeNumeros.Program::Main(System.String[])</Name>
              <FileRef uid="7" />
              <SequencePoints>
                <SequencePoint vc="0" uspid="443" ordinal="0" offset="0" sl="12" sc="9" el="12" ec="10" bec="0" bev="0" fileid="7" />
                <SequencePoint vc="0" uspid="444" ordinal="1" offset="1" sl="13" sc="9" el="13" ec="10" bec="0" bev="0" fileid="7" />
              </SequencePoints>
              <BranchPoints />
              <MethodPoint xsi:type="SequencePoint" vc="0" uspid="443" ordinal="0" offset="0" sl="12" sc="9" el="12" ec="10" bec="0" bev="0" fileid="7" />
            </Method>
            <Method visited="false" cyclomaticComplexity="1" nPathComplexity="0" sequenceCoverage="0" branchCoverage="0" crapScore="2" isConstructor="true" isStatic="false" isGetter="false" isSetter="false">
              <Summary numSequencePoints="0" visitedSequencePoints="0" numBranchPoints="0" visitedBranchPoints="0" sequenceCoverage="0" branchCoverage="0" maxCyclomaticComplexity="1" minCyclomaticComplexity="1" maxCrapScore="2" minCrapScore="2" visitedClasses="0" numClasses="0" visitedMethods="0" numMethods="0" />
              <MetadataToken>100663312</MetadataToken>
              <Name>System.Void ConversorDeNumeros.Program::.ctor()</Name>
              <SequencePoints />
              <BranchPoints />
              <MethodPoint vc="0" uspid="445" ordinal="0" offset="0" />
            </Method>
          </Methods>
        </Class>
        <Class>
          <Summary numSequencePoints="15" visitedSequencePoints="15" numBranchPoints="5" visitedBranchPoints="5" sequenceCoverage="100" branchCoverage="100" maxCyclomaticComplexity="1" minCyclomaticComplexity="1" maxCrapScore="1" minCrapScore="1" visitedClasses="1" numClasses="1" visitedMethods="5" numMethods="5" />
          <FullName>ConversorDeNumeros.Extensions.IntExtensions</FullName>
          <Methods>
            <Method visited="true" cyclomaticComplexity="1" nPathComplexity="0" sequenceCoverage="100" branchCoverage="100" crapScore="1" isConstructor="false" isStatic="true" isGetter="false" isSetter="false">
              <Summary numSequencePoints="3" visitedSequencePoints="3" numBranchPoints="1" visitedBranchPoints="1" sequenceCoverage="100" branchCoverage="100" maxCyclomaticComplexity="1" minCyclomaticComplexity="1" maxCrapScore="1" minCrapScore="1" visitedClasses="0" numClasses="0" visitedMethods="1" numMethods="1" />
              <MetadataToken>100663313</MetadataToken>
              <Name>System.Int32 ConversorDeNumeros.Extensions.IntExtensions::ObterUnidade(System.Int32)</Name>
              <FileRef uid="8" />
              <SequencePoints>
                <SequencePoint vc="41" uspid="446" ordinal="0" offset="0" sl="12" sc="9" el="12" ec="10" bec="0" bev="0" fileid="8" />
                <SequencePoint vc="41" uspid="447" ordinal="1" offset="1" sl="13" sc="13" el="13" ec="41" bec="0" bev="0" fileid="8" />
                <SequencePoint vc="41" uspid="448" ordinal="2" offset="11" sl="14" sc="9" el="14" ec="10" bec="0" bev="0" fileid="8" />
              </SequencePoints>
              <BranchPoints />
              <MethodPoint xsi:type="SequencePoint" vc="41" uspid="446" ordinal="0" offset="0" sl="12" sc="9" el="12" ec="10" bec="0" bev="0" fileid="8" />
            </Method>
            <Method visited="true" cyclomaticComplexity="1" nPathComplexity="0" sequenceCoverage="100" branchCoverage="100" crapScore="1" isConstructor="false" isStatic="true" isGetter="false" isSetter="false">
              <Summary numSequencePoints="3" visitedSequencePoints="3" numBranchPoints="1" visitedBranchPoints="1" sequenceCoverage="100" branchCoverage="100" maxCyclomaticComplexity="1" minCyclomaticComplexity="1" maxCrapScore="1" minCrapScore="1" visitedClasses="0" numClasses="0" visitedMethods="1" numMethods="1" />
              <MetadataToken>100663314</MetadataToken>
              <Name>System.Int32 ConversorDeNumeros.Extensions.IntExtensions::ObterDezena(System.Int32)</Name>
              <FileRef uid="8" />
              <SequencePoints>
                <SequencePoint vc="41" uspid="449" ordinal="0" offset="0" sl="17" sc="9" el="17" ec="10" bec="0" bev="0" fileid="8" />
                <SequencePoint vc="41" uspid="450" ordinal="1" offset="1" sl="18" sc="13" el="18" ec="40" bec="0" bev="0" fileid="8" />
                <SequencePoint vc="41" uspid="451" ordinal="2" offset="11" sl="19" sc="9" el="19" ec="10" bec="0" bev="0" fileid="8" />
              </SequencePoints>
              <BranchPoints />
              <MethodPoint xsi:type="SequencePoint" vc="41" uspid="449" ordinal="0" offset="0" sl="17" sc="9" el="17" ec="10" bec="0" bev="0" fileid="8" />
            </Method>
            <Method visited="true" cyclomaticComplexity="1" nPathComplexity="0" sequenceCoverage="100" branchCoverage="100" crapScore="1" isConstructor="false" isStatic="true" isGetter="false" isSetter="false">
              <Summary numSequencePoints="3" visitedSequencePoints="3" numBranchPoints="1" visitedBranchPoints="1" sequenceCoverage="100" branchCoverage="100" maxCyclomaticComplexity="1" minCyclomaticComplexity="1" maxCrapScore="1" minCrapScore="1" visitedClasses="0" numClasses="0" visitedMethods="1" numMethods="1" />
              <MetadataToken>100663315</MetadataToken>
              <Name>System.Int32 ConversorDeNumeros.Extensions.IntExtensions::ObterCentena(System.Int32)</Name>
              <FileRef uid="8" />
              <SequencePoints>
                <SequencePoint vc="41" uspid="452" ordinal="0" offset="0" sl="22" sc="9" el="22" ec="10" bec="0" bev="0" fileid="8" />
                <SequencePoint vc="41" uspid="453" ordinal="1" offset="1" sl="23" sc="13" el="23" ec="43" bec="0" bev="0" fileid="8" />
                <SequencePoint vc="41" uspid="454" ordinal="2" offset="14" sl="24" sc="9" el="24" ec="10" bec="0" bev="0" fileid="8" />
              </SequencePoints>
              <BranchPoints />
              <MethodPoint xsi:type="SequencePoint" vc="41" uspid="452" ordinal="0" offset="0" sl="22" sc="9" el="22" ec="10" bec="0" bev="0" fileid="8" />
            </Method>
            <Method visited="true" cyclomaticComplexity="1" nPathComplexity="0" sequenceCoverage="100" branchCoverage="100" crapScore="1" isConstructor="false" isStatic="true" isGetter="false" isSetter="false">
              <Summary numSequencePoints="3" visitedSequencePoints="3" numBranchPoints="1" visitedBranchPoints="1" sequenceCoverage="100" branchCoverage="100" maxCyclomaticComplexity="1" minCyclomaticComplexity="1" maxCrapScore="1" minCrapScore="1" visitedClasses="0" numClasses="0" visitedMethods="1" numMethods="1" />
              <MetadataToken>100663316</MetadataToken>
              <Name>System.Int32 ConversorDeNumeros.Extensions.IntExtensions::ObterMilhar(System.Int32)</Name>
              <FileRef uid="8" />
              <SequencePoints>
                <SequencePoint vc="41" uspid="455" ordinal="0" offset="0" sl="27" sc="9" el="27" ec="10" bec="0" bev="0" fileid="8" />
                <SequencePoint vc="41" uspid="456" ordinal="1" offset="1" sl="28" sc="13" el="28" ec="44" bec="0" bev="0" fileid="8" />
                <SequencePoint vc="41" uspid="457" ordinal="2" offset="17" sl="29" sc="9" el="29" ec="10" bec="0" bev="0" fileid="8" />
              </SequencePoints>
              <BranchPoints />
              <MethodPoint xsi:type="SequencePoint" vc="41" uspid="455" ordinal="0" offset="0" sl="27" sc="9" el="27" ec="10" bec="0" bev="0" fileid="8" />
            </Method>
            <Method visited="true" cyclomaticComplexity="1" nPathComplexity="0" sequenceCoverage="100" branchCoverage="100" crapScore="1" isConstructor="false" isStatic="true" isGetter="false" isSetter="false">
              <Summary numSequencePoints="3" visitedSequencePoints="3" numBranchPoints="1" visitedBranchPoints="1" sequenceCoverage="100" branchCoverage="100" maxCyclomaticComplexity="1" minCyclomaticComplexity="1" maxCrapScore="1" minCrapScore="1" visitedClasses="0" numClasses="0" visitedMethods="1" numMethods="1" />
              <MetadataToken>100663317</MetadataToken>
              <Name>System.Int32 ConversorDeNumeros.Extensions.IntExtensions::ObterDezenaMilhar(System.Int32)</Name>
              <FileRef uid="8" />
              <SequencePoints>
                <SequencePoint vc="41" uspid="458" ordinal="0" offset="0" sl="32" sc="9" el="32" ec="10" bec="0" bev="0" fileid="8" />
                <SequencePoint vc="41" uspid="459" ordinal="1" offset="1" sl="33" sc="13" el="33" ec="52" bec="0" bev="0" fileid="8" />
                <SequencePoint vc="41" uspid="460" ordinal="2" offset="17" sl="34" sc="9" el="34" ec="10" bec="0" bev="0" fileid="8" />
              </SequencePoints>
              <BranchPoints />
              <MethodPoint xsi:type="SequencePoint" vc="41" uspid="458" ordinal="0" offset="0" sl="32" sc="9" el="32" ec="10" bec="0" bev="0" fileid="8" />
            </Method>
          </Methods>
        </Class>
      </Classes>
    </Module>
  </Modules>
</CoverageSession>